#
# There is insufficient memory for the Java Runtime Environment to continue.
# Native memory allocation (malloc) failed to allocate 1413120 bytes. Error detail: Chunk::new
# Possible reasons:
#   The system is out of physical RAM or swap space
#   This process is running with CompressedOops enabled, and the Java Heap may be blocking the growth of the native heap
# Possible solutions:
#   Reduce memory load on the system
#   Increase physical memory or swap space
#   Check if swap backing store is full
#   Decrease Java heap size (-Xmx/-Xms)
#   Decrease number of Java threads
#   Decrease Java thread stack sizes (-Xss)
#   Set larger code cache with -XX:ReservedCodeCacheSize=
#   JVM is running with Unscaled Compressed Oops mode in which the Java heap is
#     placed in the first 4GB address space. The Java Heap base address is the
#     maximum limit for the native heap growth. Please use -XX:HeapBaseMinAddress
#     to set the Java Heap base and to place the Java Heap above 4GB virtual address.
# This output file may be truncated or incomplete.
#
#  Out of Memory Error (arena.cpp:168), pid=11452, tid=1696
#
# JRE version: OpenJDK Runtime Environment Temurin-21.0.9+10 (21.0.9+10) (build 21.0.9+10-LTS)
# Java VM: OpenJDK 64-Bit Server VM Temurin-21.0.9+10 (21.0.9+10-LTS, mixed mode, sharing, tiered, compressed oops, compressed class ptrs, parallel gc, windows-amd64)
# No core dump will be written. Minidumps are not enabled by default on client versions of Windows
#

---------------  S U M M A R Y ------------

Command Line: --add-modules=ALL-SYSTEM --add-opens=java.base/java.util=ALL-UNNAMED --add-opens=java.base/java.lang=ALL-UNNAMED --add-opens=java.base/sun.nio.fs=ALL-UNNAMED -Declipse.application=org.eclipse.jdt.ls.core.id1 -Dosgi.bundles.defaultStartLevel=4 -Declipse.product=org.eclipse.jdt.ls.core.product -Djava.import.generatesMetadataFilesAtProjectRoot=false -DDetectVMInstallationsJob.disabled=true -Dfile.encoding=utf8 -XX:+UseParallelGC -XX:GCTimeRatio=4 -XX:AdaptiveSizePolicyWeight=90 -Dsun.zip.disableMemoryMapping=true -Xmx2G -Xms100m -Xlog:disable -javaagent:c:\Users\88018\.vscode\extensions\redhat.java-1.50.0-win32-x64\lombok\lombok-1.18.39-4050.jar -XX:+HeapDumpOnOutOfMemoryError -XX:HeapDumpPath=c:\Users\88018\AppData\Roaming\Code\User\workspaceStorage\d2e837351fd8ae200bb528c6219aa449\redhat.java -Daether.dependencyCollector.impl=bf c:\Users\88018\.vscode\extensions\redhat.java-1.50.0-win32-x64\server\plugins\org.eclipse.equinox.launcher_1.7.100.v20251111-0406.jar -configuration c:\Users\88018\AppData\Roaming\Code\User\globalStorage\redhat.java\1.50.0\config_win -data c:\Users\88018\AppData\Roaming\Code\User\workspaceStorage\d2e837351fd8ae200bb528c6219aa449\redhat.java\jdt_ws --pipe=\\.\pipe\lsp-beb611b4922225d6fe573ad7798f20a6-sock

Host: 11th Gen Intel(R) Core(TM) i5-1135G7 @ 2.40GHz, 8 cores, 7G,  Windows 11 , 64 bit Build 26100 (10.0.26100.7309)
Time: Tue Dec 23 21:35:09 2025 Bangladesh Standard Time elapsed time: 26.670267 seconds (0d 0h 0m 26s)

---------------  T H R E A D  ---------------

Current thread (0x000002a69d17fbe0):  JavaThread "C2 CompilerThread2" daemon [_thread_in_native, id=1696, stack(0x000000d80df00000,0x000000d80e000000) (1024K)]


Current CompileTask:
C2:26670 3997   !   4       org.eclipse.osgi.internal.loader.classpath.ClasspathManager::findClassImpl (328 bytes)

Stack: [0x000000d80df00000,0x000000d80e000000]
Native frames: (J=compiled Java code, j=interpreted, Vv=VM code, C=native code)
V  [jvm.dll+0x6d6e29]
V  [jvm.dll+0x8b4b76]
V  [jvm.dll+0x8b712e]
V  [jvm.dll+0x8b7813]
V  [jvm.dll+0x283d86]
V  [jvm.dll+0xc66ed]
V  [jvm.dll+0xc6c31]
V  [jvm.dll+0x3be53b]
V  [jvm.dll+0x1e3d59]
V  [jvm.dll+0x24c0f3]
V  [jvm.dll+0x24b580]
V  [jvm.dll+0x1cb13e]
V  [jvm.dll+0x25b29d]
V  [jvm.dll+0x25982a]
V  [jvm.dll+0x3f7ea6]
V  [jvm.dll+0x85e9ad]
V  [jvm.dll+0x6d565d]
C  [ucrtbase.dll+0x37b0]
C  [KERNEL32.DLL+0x2e8d7]
C  [ntdll.dll+0x8c53c]


---------------  P R O C E S S  ---------------

Threads class SMR info:
_java_thread_list=0x000002a69c33e630, length=26, elements={
0x000002a63bbd40b0, 0x000002a65425f1d0, 0x000002a654262b10, 0x000002a654265780,
0x000002a654267f50, 0x000002a65426dec0, 0x000002a65426f630, 0x000002a654278610,
0x000002a654285080, 0x000002a69b1ca7c0, 0x000002a69b38af80, 0x000002a69b63c180,
0x000002a69b1edd70, 0x000002a69bcf5c50, 0x000002a69b13ff40, 0x000002a69bdd4b50,
0x000002a69b1503c0, 0x000002a69b408770, 0x000002a69b409490, 0x000002a69b40b560,
0x000002a69b4080e0, 0x000002a69ca962c0, 0x000002a69b409b20, 0x000002a69d17fbe0,
0x000002a69b40a1b0, 0x000002a69b40a840
}

Java Threads: ( => current thread )
  0x000002a63bbd40b0 JavaThread "main"                              [_thread_blocked, id=3980, stack(0x000000d80be00000,0x000000d80bf00000) (1024K)]
  0x000002a65425f1d0 JavaThread "Reference Handler"          daemon [_thread_blocked, id=16324, stack(0x000000d80c200000,0x000000d80c300000) (1024K)]
  0x000002a654262b10 JavaThread "Finalizer"                  daemon [_thread_blocked, id=11968, stack(0x000000d80c300000,0x000000d80c400000) (1024K)]
  0x000002a654265780 JavaThread "Signal Dispatcher"          daemon [_thread_blocked, id=15860, stack(0x000000d80c400000,0x000000d80c500000) (1024K)]
  0x000002a654267f50 JavaThread "Attach Listener"            daemon [_thread_blocked, id=6764, stack(0x000000d80c500000,0x000000d80c600000) (1024K)]
  0x000002a65426dec0 JavaThread "Service Thread"             daemon [_thread_blocked, id=4936, stack(0x000000d80c600000,0x000000d80c700000) (1024K)]
  0x000002a65426f630 JavaThread "Monitor Deflation Thread"   daemon [_thread_blocked, id=16464, stack(0x000000d80c700000,0x000000d80c800000) (1024K)]
  0x000002a654278610 JavaThread "C2 CompilerThread0"         daemon [_thread_in_native, id=18420, stack(0x000000d80c800000,0x000000d80c900000) (1024K)]
  0x000002a654285080 JavaThread "C1 CompilerThread0"         daemon [_thread_blocked, id=2896, stack(0x000000d80c900000,0x000000d80ca00000) (1024K)]
  0x000002a69b1ca7c0 JavaThread "Common-Cleaner"             daemon [_thread_blocked, id=1800, stack(0x000000d80cb00000,0x000000d80cc00000) (1024K)]
  0x000002a69b38af80 JavaThread "Notification Thread"        daemon [_thread_blocked, id=10592, stack(0x000000d80cc00000,0x000000d80cd00000) (1024K)]
  0x000002a69b63c180 JavaThread "Active Thread: Equinox Container: a3f79246-0e02-4fca-b581-d6184a8f2e84"        [_thread_blocked, id=18120, stack(0x000000d80d400000,0x000000d80d500000) (1024K)]
  0x000002a69b1edd70 JavaThread "Refresh Thread: Equinox Container: a3f79246-0e02-4fca-b581-d6184a8f2e84" daemon [_thread_blocked, id=3664, stack(0x000000d80ca00000,0x000000d80cb00000) (1024K)]
  0x000002a69bcf5c50 JavaThread "Framework Event Dispatcher: Equinox Container: a3f79246-0e02-4fca-b581-d6184a8f2e84" daemon [_thread_blocked, id=16404, stack(0x000000d80d500000,0x000000d80d600000) (1024K)]
  0x000002a69b13ff40 JavaThread "Start Level: Equinox Container: a3f79246-0e02-4fca-b581-d6184a8f2e84" daemon [_thread_in_vm, id=16172, stack(0x000000d80d600000,0x000000d80d700000) (1024K)]
  0x000002a69bdd4b50 JavaThread "Bundle File Closer"         daemon [_thread_blocked, id=8868, stack(0x000000d80d800000,0x000000d80d900000) (1024K)]
  0x000002a69b1503c0 JavaThread "SCR Component Actor"        daemon [_thread_blocked, id=9116, stack(0x000000d80d700000,0x000000d80d800000) (1024K)]
  0x000002a69b408770 JavaThread "Worker-JM"                         [_thread_blocked, id=8652, stack(0x000000d80da00000,0x000000d80db00000) (1024K)]
  0x000002a69b409490 JavaThread "JNA Cleaner"                daemon [_thread_blocked, id=12676, stack(0x000000d80d900000,0x000000d80da00000) (1024K)]
  0x000002a69b40b560 JavaThread "Worker-0: Repository registry initialization"        [_thread_in_vm, id=16768, stack(0x000000d80db00000,0x000000d80dc00000) (1024K)]
  0x000002a69b4080e0 JavaThread "Worker-1: Updating Maven Dependencies"        [_thread_blocked, id=1616, stack(0x000000d80dc00000,0x000000d80dd00000) (1024K)]
  0x000002a69ca962c0 JavaThread "C2 CompilerThread1"         daemon [_thread_in_native, id=6520, stack(0x000000d80dd00000,0x000000d80de00000) (1024K)]
  0x000002a69b409b20 JavaThread "Worker-2"                          [_thread_blocked, id=16064, stack(0x000000d80de00000,0x000000d80df00000) (1024K)]
=>0x000002a69d17fbe0 JavaThread "C2 CompilerThread2"         daemon [_thread_in_native, id=1696, stack(0x000000d80df00000,0x000000d80e000000) (1024K)]
  0x000002a69b40a1b0 JavaThread "Java indexing"              daemon [_thread_blocked, id=12556, stack(0x000000d80e000000,0x000000d80e100000) (1024K)]
  0x000002a69b40a840 JavaThread "Worker-3"                          [_thread_blocked, id=8692, stack(0x000000d80e100000,0x000000d80e200000) (1024K)]
Total: 26

Other Threads:
  0x000002a654241a30 VMThread "VM Thread"                           [id=16320, stack(0x000000d80c100000,0x000000d80c200000) (1024K)]
  0x000002a63bc3f800 WatcherThread "VM Periodic Task Thread"        [id=7060, stack(0x000000d80c000000,0x000000d80c100000) (1024K)]
  0x000002a63bbf2920 WorkerThread "GC Thread#0"                     [id=16152, stack(0x000000d80bf00000,0x000000d80c000000) (1024K)]
  0x000002a69ba259d0 WorkerThread "GC Thread#1"                     [id=9848, stack(0x000000d80ce00000,0x000000d80cf00000) (1024K)]
  0x000002a69b65c970 WorkerThread "GC Thread#2"                     [id=15512, stack(0x000000d80cf00000,0x000000d80d000000) (1024K)]
  0x000002a69b65cd10 WorkerThread "GC Thread#3"                     [id=14132, stack(0x000000d80d000000,0x000000d80d100000) (1024K)]
  0x000002a69b846d80 WorkerThread "GC Thread#4"                     [id=2076, stack(0x000000d80d100000,0x000000d80d200000) (1024K)]
  0x000002a69b847120 WorkerThread "GC Thread#5"                     [id=13760, stack(0x000000d80d200000,0x000000d80d300000) (1024K)]
  0x000002a69b8474c0 WorkerThread "GC Thread#6"                     [id=13212, stack(0x000000d80d300000,0x000000d80d400000) (1024K)]
  0x000002a69bc6b6c0 WorkerThread "GC Thread#7"                     [id=18352, stack(0x000000d80cd00000,0x000000d80ce00000) (1024K)]
Total: 10

Threads with active compile tasks:
C2 CompilerThread0  26700 3970       4       org.eclipse.osgi.internal.serviceregistry.ServiceRegistry::notifyHooksPrivileged (57 bytes)
C2 CompilerThread1  26700 3893       4       org.lombokweb.asm.ClassReader::readMethod (1070 bytes)
C2 CompilerThread2  26700 3997   !   4       org.eclipse.osgi.internal.loader.classpath.ClasspathManager::findClassImpl (328 bytes)
Total: 3

VM state: not at safepoint (normal execution)

VM Mutex/Monitor currently owned by a thread: None

Heap address: 0x0000000080000000, size: 2048 MB, Compressed Oops mode: 32-bit

CDS archive(s) mapped at: [0x000002a655000000-0x000002a655ba0000-0x000002a655ba0000), size 12189696, SharedBaseAddress: 0x000002a655000000, ArchiveRelocationMode: 1.
Compressed class space mapped at: 0x000002a656000000-0x000002a696000000, reserved size: 1073741824
Narrow klass base: 0x000002a655000000, Narrow klass shift: 0, Narrow klass range: 0x100000000

GC Precious Log:
 CardTable entry size: 512
 CPUs: 8 total, 8 available
 Memory: 7886M
 Large Page Support: Disabled
 NUMA Support: Disabled
 Compressed Oops: Enabled (32-bit)
 Alignments: Space 512K, Generation 512K, Heap 2M
 Heap Min Capacity: 100M
 Heap Initial Capacity: 100M
 Heap Max Capacity: 2G
 Pre-touch: Disabled
 Parallel Workers: 8

Heap:
 PSYoungGen      total 25088K, used 25041K [0x00000000d5580000, 0x00000000d7380000, 0x0000000100000000)
  eden space 23040K, 99% used [0x00000000d5580000,0x00000000d6bf6fb8,0x00000000d6c00000)
  from space 2048K, 99% used [0x00000000d7180000,0x00000000d737d7e8,0x00000000d7380000)
  to   space 3584K, 0% used [0x00000000d6c80000,0x00000000d6c80000,0x00000000d7000000)
 ParOldGen       total 68608K, used 14141K [0x0000000080000000, 0x0000000084300000, 0x00000000d5580000)
  object space 68608K, 20% used [0x0000000080000000,0x0000000080dcf710,0x0000000084300000)
 Metaspace       used 31817K, committed 32832K, reserved 1114112K
  class space    used 3242K, committed 3712K, reserved 1048576K

Card table byte_map: [0x000002a64f5b0000,0x000002a64f9c0000] _byte_map_base: 0x000002a64f1b0000

Marking Bits: (ParMarkBitMap*) 0x00007ffbf2132460
 Begin Bits: [0x000002a64fc70000, 0x000002a651c70000)
 End Bits:   [0x000002a651c70000, 0x000002a653c70000)

Polling page: 0x000002a63bc90000

Metaspace:

Usage:
  Non-class:     27.91 MB used.
      Class:      3.17 MB used.
       Both:     31.07 MB used.

Virtual space:
  Non-class space:       64.00 MB reserved,      28.44 MB ( 44%) committed,  1 nodes.
      Class space:        1.00 GB reserved,       3.62 MB ( <1%) committed,  1 nodes.
             Both:        1.06 GB reserved,      32.06 MB (  3%) committed. 

Chunk freelists:
   Non-Class:  3.44 MB
       Class:  12.30 MB
        Both:  15.73 MB

MaxMetaspaceSize: unlimited
CompressedClassSpaceSize: 1.00 GB
Initial GC threshold: 21.00 MB
Current GC threshold: 35.00 MB
CDS: on
 - commit_granule_bytes: 65536.
 - commit_granule_words: 8192.
 - virtual_space_node_default_size: 8388608.
 - enlarge_chunks_in_place: 1.
 - use_allocation_guard: 0.


Internal statistics:

num_allocs_failed_limit: 3.
num_arena_births: 724.
num_arena_deaths: 14.
num_vsnodes_births: 2.
num_vsnodes_deaths: 0.
num_space_committed: 513.
num_space_uncommitted: 0.
num_chunks_returned_to_freelist: 17.
num_chunks_taken_from_freelist: 2020.
num_chunk_merges: 8.
num_chunk_splits: 1288.
num_chunks_enlarged: 803.
num_inconsistent_stats: 0.

CodeHeap 'non-profiled nmethods': size=120000Kb used=1889Kb max_used=1889Kb free=118110Kb
 bounds [0x000002a647ea0000, 0x000002a648110000, 0x000002a64f3d0000]
CodeHeap 'profiled nmethods': size=120000Kb used=8627Kb max_used=8627Kb free=111373Kb
 bounds [0x000002a6403d0000, 0x000002a640c40000, 0x000002a647900000]
CodeHeap 'non-nmethods': size=5760Kb used=1356Kb max_used=1368Kb free=4403Kb
 bounds [0x000002a647900000, 0x000002a647b70000, 0x000002a647ea0000]
CodeCache: size=245760Kb, used=11872Kb, max_used=11884Kb, free=233886Kb
 total_blobs=4773, nmethods=4134, adapters=545, full_count=0
Compilation: enabled, stopped_count=0, restarted_count=0

Compilation events (20 events):
Event: 26.596 Thread 0x000002a654285080 4139       2       java.util.HashSet::add (20 bytes)
Event: 26.597 Thread 0x000002a654285080 nmethod 4139 0x000002a640c30290 code [0x000002a640c30440, 0x000002a640c30590]
Event: 26.598 Thread 0x000002a654285080 4140       3       java.lang.Class::getConstructor0 (83 bytes)
Event: 26.599 Thread 0x000002a654285080 nmethod 4140 0x000002a640c30610 code [0x000002a640c308a0, 0x000002a640c312d8]
Event: 26.600 Thread 0x000002a654285080 4141       3       java.lang.Class::forName (24 bytes)
Event: 26.600 Thread 0x000002a654285080 nmethod 4141 0x000002a640c31790 code [0x000002a640c31960, 0x000002a640c31b68]
Event: 26.600 Thread 0x000002a654285080 4142       3       java.lang.Class::forName (41 bytes)
Event: 26.600 Thread 0x000002a654285080 nmethod 4142 0x000002a640c31c90 code [0x000002a640c31e40, 0x000002a640c32038]
Event: 26.602 Thread 0x000002a654285080 4143       3       java.util.HashMap::keysToArray (81 bytes)
Event: 26.602 Thread 0x000002a654285080 nmethod 4143 0x000002a640c32110 code [0x000002a640c322e0, 0x000002a640c32730]
Event: 26.605 Thread 0x000002a654285080 4144       3       jdk.internal.org.objectweb.asm.Frame::merge (395 bytes)
Event: 26.607 Thread 0x000002a654285080 nmethod 4144 0x000002a640c32910 code [0x000002a640c32bc0, 0x000002a640c338a0]
Event: 26.608 Thread 0x000002a654285080 4145       3       java.lang.Thread::isAlive (5 bytes)
Event: 26.608 Thread 0x000002a654285080 nmethod 4145 0x000002a640c33f10 code [0x000002a640c340c0, 0x000002a640c34308]
Event: 26.608 Thread 0x000002a654285080 4146       3       java.lang.Thread::alive (15 bytes)
Event: 26.609 Thread 0x000002a654285080 nmethod 4146 0x000002a640c34410 code [0x000002a640c345a0, 0x000002a640c34708]
Event: 26.615 Thread 0x000002a654285080 4147       3       org.apache.aries.spifly.BaseActivator::getAllHeaders (189 bytes)
Event: 26.618 Thread 0x000002a654285080 nmethod 4147 0x000002a640c34790 code [0x000002a640c34c00, 0x000002a640c372b8]
Event: 26.618 Thread 0x000002a654285080 4148   !   3       org.osgi.util.tracker.AbstractTracked::track (97 bytes)
Event: 26.618 Thread 0x000002a654285080 nmethod 4148 0x000002a640c38190 code [0x000002a640c383c0, 0x000002a640c38c00]

GC Heap History (20 events):
Event: 10.759 GC heap before
{Heap before GC invocations=2 (full 0):
 PSYoungGen      total 29696K, used 28903K [0x00000000d5580000, 0x00000000d7680000, 0x0000000100000000)
  eden space 25600K, 100% used [0x00000000d5580000,0x00000000d6e80000,0x00000000d6e80000)
  from space 4096K, 80% used [0x00000000d6e80000,0x00000000d71b9e98,0x00000000d7280000)
  to   space 4096K, 0% used [0x00000000d7280000,0x00000000d7280000,0x00000000d7680000)
 ParOldGen       total 68608K, used 16K [0x0000000080000000, 0x0000000084300000, 0x00000000d5580000)
  object space 68608K, 0% used [0x0000000080000000,0x0000000080004000,0x0000000084300000)
 Metaspace       used 8059K, committed 8320K, reserved 1114112K
  class space    used 848K, committed 960K, reserved 1048576K
}
Event: 10.763 GC heap after
{Heap after GC invocations=2 (full 0):
 PSYoungGen      total 29696K, used 4070K [0x00000000d5580000, 0x00000000d7680000, 0x0000000100000000)
  eden space 25600K, 0% used [0x00000000d5580000,0x00000000d5580000,0x00000000d6e80000)
  from space 4096K, 99% used [0x00000000d7280000,0x00000000d7679800,0x00000000d7680000)
  to   space 4096K, 0% used [0x00000000d6e80000,0x00000000d6e80000,0x00000000d7280000)
 ParOldGen       total 68608K, used 1753K [0x0000000080000000, 0x0000000084300000, 0x00000000d5580000)
  object space 68608K, 2% used [0x0000000080000000,0x00000000801b6730,0x0000000084300000)
 Metaspace       used 8059K, committed 8320K, reserved 1114112K
  class space    used 848K, committed 960K, reserved 1048576K
}
Event: 13.891 GC heap before
{Heap before GC invocations=3 (full 0):
 PSYoungGen      total 29696K, used 29667K [0x00000000d5580000, 0x00000000d7680000, 0x0000000100000000)
  eden space 25600K, 99% used [0x00000000d5580000,0x00000000d6e7f568,0x00000000d6e80000)
  from space 4096K, 99% used [0x00000000d7280000,0x00000000d7679800,0x00000000d7680000)
  to   space 4096K, 0% used [0x00000000d6e80000,0x00000000d6e80000,0x00000000d7280000)
 ParOldGen       total 68608K, used 1753K [0x0000000080000000, 0x0000000084300000, 0x00000000d5580000)
  object space 68608K, 2% used [0x0000000080000000,0x00000000801b6730,0x0000000084300000)
 Metaspace       used 9374K, committed 9728K, reserved 1114112K
  class space    used 1005K, committed 1152K, reserved 1048576K
}
Event: 13.897 GC heap after
{Heap after GC invocations=3 (full 0):
 PSYoungGen      total 29696K, used 4076K [0x00000000d5580000, 0x00000000d7680000, 0x0000000100000000)
  eden space 25600K, 0% used [0x00000000d5580000,0x00000000d5580000,0x00000000d6e80000)
  from space 4096K, 99% used [0x00000000d6e80000,0x00000000d727b1f0,0x00000000d7280000)
  to   space 4096K, 0% used [0x00000000d7280000,0x00000000d7280000,0x00000000d7680000)
 ParOldGen       total 68608K, used 5201K [0x0000000080000000, 0x0000000084300000, 0x00000000d5580000)
  object space 68608K, 7% used [0x0000000080000000,0x0000000080514538,0x0000000084300000)
 Metaspace       used 9374K, committed 9728K, reserved 1114112K
  class space    used 1005K, committed 1152K, reserved 1048576K
}
Event: 22.895 GC heap before
{Heap before GC invocations=4 (full 0):
 PSYoungGen      total 29696K, used 29676K [0x00000000d5580000, 0x00000000d7680000, 0x0000000100000000)
  eden space 25600K, 100% used [0x00000000d5580000,0x00000000d6e80000,0x00000000d6e80000)
  from space 4096K, 99% used [0x00000000d6e80000,0x00000000d727b1f0,0x00000000d7280000)
  to   space 4096K, 0% used [0x00000000d7280000,0x00000000d7280000,0x00000000d7680000)
 ParOldGen       total 68608K, used 5201K [0x0000000080000000, 0x0000000084300000, 0x00000000d5580000)
  object space 68608K, 7% used [0x0000000080000000,0x0000000080514538,0x0000000084300000)
 Metaspace       used 12225K, committed 12736K, reserved 1114112K
  class space    used 1310K, committed 1536K, reserved 1048576K
}
Event: 22.902 GC heap after
{Heap after GC invocations=4 (full 0):
 PSYoungGen      total 29696K, used 4090K [0x00000000d5580000, 0x00000000d7680000, 0x0000000100000000)
  eden space 25600K, 0% used [0x00000000d5580000,0x00000000d5580000,0x00000000d6e80000)
  from space 4096K, 99% used [0x00000000d7280000,0x00000000d767e800,0x00000000d7680000)
  to   space 4096K, 0% used [0x00000000d6e80000,0x00000000d6e80000,0x00000000d7280000)
 ParOldGen       total 68608K, used 6249K [0x0000000080000000, 0x0000000084300000, 0x00000000d5580000)
  object space 68608K, 9% used [0x0000000080000000,0x000000008061a528,0x0000000084300000)
 Metaspace       used 12225K, committed 12736K, reserved 1114112K
  class space    used 1310K, committed 1536K, reserved 1048576K
}
Event: 24.135 GC heap before
{Heap before GC invocations=5 (full 0):
 PSYoungGen      total 29696K, used 29690K [0x00000000d5580000, 0x00000000d7680000, 0x0000000100000000)
  eden space 25600K, 100% used [0x00000000d5580000,0x00000000d6e80000,0x00000000d6e80000)
  from space 4096K, 99% used [0x00000000d7280000,0x00000000d767e800,0x00000000d7680000)
  to   space 4096K, 0% used [0x00000000d6e80000,0x00000000d6e80000,0x00000000d7280000)
 ParOldGen       total 68608K, used 6249K [0x0000000080000000, 0x0000000084300000, 0x00000000d5580000)
  object space 68608K, 9% used [0x0000000080000000,0x000000008061a528,0x0000000084300000)
 Metaspace       used 16246K, committed 16896K, reserved 1114112K
  class space    used 1693K, committed 1984K, reserved 1048576K
}
Event: 24.140 GC heap after
{Heap after GC invocations=5 (full 0):
 PSYoungGen      total 29184K, used 4079K [0x00000000d5580000, 0x00000000d7a00000, 0x0000000100000000)
  eden space 25088K, 0% used [0x00000000d5580000,0x00000000d5580000,0x00000000d6e00000)
  from space 4096K, 99% used [0x00000000d6e80000,0x00000000d727be08,0x00000000d7280000)
  to   space 6144K, 0% used [0x00000000d7400000,0x00000000d7400000,0x00000000d7a00000)
 ParOldGen       total 68608K, used 7825K [0x0000000080000000, 0x0000000084300000, 0x00000000d5580000)
  object space 68608K, 11% used [0x0000000080000000,0x00000000807a4450,0x0000000084300000)
 Metaspace       used 16246K, committed 16896K, reserved 1114112K
  class space    used 1693K, committed 1984K, reserved 1048576K
}
Event: 24.721 GC heap before
{Heap before GC invocations=6 (full 0):
 PSYoungGen      total 29184K, used 29167K [0x00000000d5580000, 0x00000000d7a00000, 0x0000000100000000)
  eden space 25088K, 100% used [0x00000000d5580000,0x00000000d6e00000,0x00000000d6e00000)
  from space 4096K, 99% used [0x00000000d6e80000,0x00000000d727be08,0x00000000d7280000)
  to   space 6144K, 0% used [0x00000000d7400000,0x00000000d7400000,0x00000000d7a00000)
 ParOldGen       total 68608K, used 7825K [0x0000000080000000, 0x0000000084300000, 0x00000000d5580000)
  object space 68608K, 11% used [0x0000000080000000,0x00000000807a4450,0x0000000084300000)
 Metaspace       used 18920K, committed 19712K, reserved 1114112K
  class space    used 2007K, committed 2304K, reserved 1048576K
}
Event: 24.728 GC heap after
{Heap after GC invocations=6 (full 0):
 PSYoungGen      total 30208K, used 5167K [0x00000000d5580000, 0x00000000d7980000, 0x0000000100000000)
  eden space 24576K, 0% used [0x00000000d5580000,0x00000000d5580000,0x00000000d6d80000)
  from space 5632K, 91% used [0x00000000d7400000,0x00000000d790bdc0,0x00000000d7980000)
  to   space 5632K, 0% used [0x00000000d6e80000,0x00000000d6e80000,0x00000000d7400000)
 ParOldGen       total 68608K, used 7833K [0x0000000080000000, 0x0000000084300000, 0x00000000d5580000)
  object space 68608K, 11% used [0x0000000080000000,0x00000000807a6450,0x0000000084300000)
 Metaspace       used 18920K, committed 19712K, reserved 1114112K
  class space    used 2007K, committed 2304K, reserved 1048576K
}
Event: 25.111 GC heap before
{Heap before GC invocations=7 (full 0):
 PSYoungGen      total 30208K, used 21149K [0x00000000d5580000, 0x00000000d7980000, 0x0000000100000000)
  eden space 24576K, 65% used [0x00000000d5580000,0x00000000d651b990,0x00000000d6d80000)
  from space 5632K, 91% used [0x00000000d7400000,0x00000000d790bdc0,0x00000000d7980000)
  to   space 5632K, 0% used [0x00000000d6e80000,0x00000000d6e80000,0x00000000d7400000)
 ParOldGen       total 68608K, used 7833K [0x0000000080000000, 0x0000000084300000, 0x00000000d5580000)
  object space 68608K, 11% used [0x0000000080000000,0x00000000807a6450,0x0000000084300000)
 Metaspace       used 20698K, committed 21504K, reserved 1114112K
  class space    used 2197K, committed 2560K, reserved 1048576K
}
Event: 25.119 GC heap after
{Heap after GC invocations=7 (full 0):
 PSYoungGen      total 29184K, used 4321K [0x00000000d5580000, 0x00000000d7780000, 0x0000000100000000)
  eden space 24576K, 0% used [0x00000000d5580000,0x00000000d5580000,0x00000000d6d80000)
  from space 4608K, 93% used [0x00000000d6e80000,0x00000000d72b8488,0x00000000d7300000)
  to   space 4608K, 0% used [0x00000000d7300000,0x00000000d7300000,0x00000000d7780000)
 ParOldGen       total 68608K, used 9165K [0x0000000080000000, 0x0000000084300000, 0x00000000d5580000)
  object space 68608K, 13% used [0x0000000080000000,0x00000000808f34e8,0x0000000084300000)
 Metaspace       used 20698K, committed 21504K, reserved 1114112K
  class space    used 2197K, committed 2560K, reserved 1048576K
}
Event: 25.119 GC heap before
{Heap before GC invocations=8 (full 1):
 PSYoungGen      total 29184K, used 4321K [0x00000000d5580000, 0x00000000d7780000, 0x0000000100000000)
  eden space 24576K, 0% used [0x00000000d5580000,0x00000000d5580000,0x00000000d6d80000)
  from space 4608K, 93% used [0x00000000d6e80000,0x00000000d72b8488,0x00000000d7300000)
  to   space 4608K, 0% used [0x00000000d7300000,0x00000000d7300000,0x00000000d7780000)
 ParOldGen       total 68608K, used 9165K [0x0000000080000000, 0x0000000084300000, 0x00000000d5580000)
  object space 68608K, 13% used [0x0000000080000000,0x00000000808f34e8,0x0000000084300000)
 Metaspace       used 20698K, committed 21504K, reserved 1114112K
  class space    used 2197K, committed 2560K, reserved 1048576K
}
Event: 25.157 GC heap after
{Heap after GC invocations=8 (full 1):
 PSYoungGen      total 29184K, used 0K [0x00000000d5580000, 0x00000000d7780000, 0x0000000100000000)
  eden space 24576K, 0% used [0x00000000d5580000,0x00000000d5580000,0x00000000d6d80000)
  from space 4608K, 0% used [0x00000000d6e80000,0x00000000d6e80000,0x00000000d7300000)
  to   space 4608K, 0% used [0x00000000d7300000,0x00000000d7300000,0x00000000d7780000)
 ParOldGen       total 68608K, used 12830K [0x0000000080000000, 0x0000000084300000, 0x00000000d5580000)
  object space 68608K, 18% used [0x0000000080000000,0x0000000080c87a68,0x0000000084300000)
 Metaspace       used 20686K, committed 21504K, reserved 1114112K
  class space    used 2194K, committed 2560K, reserved 1048576K
}
Event: 25.498 GC heap before
{Heap before GC invocations=9 (full 1):
 PSYoungGen      total 29184K, used 24518K [0x00000000d5580000, 0x00000000d7780000, 0x0000000100000000)
  eden space 24576K, 99% used [0x00000000d5580000,0x00000000d6d71968,0x00000000d6d80000)
  from space 4608K, 0% used [0x00000000d6e80000,0x00000000d6e80000,0x00000000d7300000)
  to   space 4608K, 0% used [0x00000000d7300000,0x00000000d7300000,0x00000000d7780000)
 ParOldGen       total 68608K, used 12830K [0x0000000080000000, 0x0000000084300000, 0x00000000d5580000)
  object space 68608K, 18% used [0x0000000080000000,0x0000000080c87a68,0x0000000084300000)
 Metaspace       used 23274K, committed 24064K, reserved 1114112K
  class space    used 2365K, committed 2688K, reserved 1048576K
}
Event: 25.500 GC heap after
{Heap after GC invocations=9 (full 1):
 PSYoungGen      total 25088K, used 626K [0x00000000d5580000, 0x00000000d7400000, 0x0000000100000000)
  eden space 24064K, 0% used [0x00000000d5580000,0x00000000d5580000,0x00000000d6d00000)
  from space 1024K, 61% used [0x00000000d7300000,0x00000000d739ca28,0x00000000d7400000)
  to   space 2560K, 0% used [0x00000000d6f00000,0x00000000d6f00000,0x00000000d7180000)
 ParOldGen       total 68608K, used 12830K [0x0000000080000000, 0x0000000084300000, 0x00000000d5580000)
  object space 68608K, 18% used [0x0000000080000000,0x0000000080c87a68,0x0000000084300000)
 Metaspace       used 23274K, committed 24064K, reserved 1114112K
  class space    used 2365K, committed 2688K, reserved 1048576K
}
Event: 25.901 GC heap before
{Heap before GC invocations=10 (full 1):
 PSYoungGen      total 25088K, used 24690K [0x00000000d5580000, 0x00000000d7400000, 0x0000000100000000)
  eden space 24064K, 100% used [0x00000000d5580000,0x00000000d6d00000,0x00000000d6d00000)
  from space 1024K, 61% used [0x00000000d7300000,0x00000000d739ca28,0x00000000d7400000)
  to   space 2560K, 0% used [0x00000000d6f00000,0x00000000d6f00000,0x00000000d7180000)
 ParOldGen       total 68608K, used 12830K [0x0000000080000000, 0x0000000084300000, 0x00000000d5580000)
  object space 68608K, 18% used [0x0000000080000000,0x0000000080c87a68,0x0000000084300000)
 Metaspace       used 26389K, committed 27200K, reserved 1114112K
  class space    used 2601K, committed 2944K, reserved 1048576K
}
Event: 25.902 GC heap after
{Heap after GC invocations=10 (full 1):
 PSYoungGen      total 26112K, used 2523K [0x00000000d5580000, 0x00000000d7380000, 0x0000000100000000)
  eden space 23552K, 0% used [0x00000000d5580000,0x00000000d5580000,0x00000000d6c80000)
  from space 2560K, 98% used [0x00000000d6f00000,0x00000000d7176cd8,0x00000000d7180000)
  to   space 2048K, 0% used [0x00000000d7180000,0x00000000d7180000,0x00000000d7380000)
 ParOldGen       total 68608K, used 12830K [0x0000000080000000, 0x0000000084300000, 0x00000000d5580000)
  object space 68608K, 18% used [0x0000000080000000,0x0000000080c87a68,0x0000000084300000)
 Metaspace       used 26389K, committed 27200K, reserved 1114112K
  class space    used 2601K, committed 2944K, reserved 1048576K
}
Event: 26.246 GC heap before
{Heap before GC invocations=11 (full 1):
 PSYoungGen      total 26112K, used 26075K [0x00000000d5580000, 0x00000000d7380000, 0x0000000100000000)
  eden space 23552K, 100% used [0x00000000d5580000,0x00000000d6c80000,0x00000000d6c80000)
  from space 2560K, 98% used [0x00000000d6f00000,0x00000000d7176cd8,0x00000000d7180000)
  to   space 2048K, 0% used [0x00000000d7180000,0x00000000d7180000,0x00000000d7380000)
 ParOldGen       total 68608K, used 12830K [0x0000000080000000, 0x0000000084300000, 0x00000000d5580000)
  object space 68608K, 18% used [0x0000000080000000,0x0000000080c87a68,0x0000000084300000)
 Metaspace       used 28366K, committed 29312K, reserved 1114112K
  class space    used 2806K, committed 3200K, reserved 1048576K
}
Event: 26.248 GC heap after
{Heap after GC invocations=11 (full 1):
 PSYoungGen      total 25088K, used 2037K [0x00000000d5580000, 0x00000000d7380000, 0x0000000100000000)
  eden space 23040K, 0% used [0x00000000d5580000,0x00000000d5580000,0x00000000d6c00000)
  from space 2048K, 99% used [0x00000000d7180000,0x00000000d737d7e8,0x00000000d7380000)
  to   space 3584K, 0% used [0x00000000d6c80000,0x00000000d6c80000,0x00000000d7000000)
 ParOldGen       total 68608K, used 14141K [0x0000000080000000, 0x0000000084300000, 0x00000000d5580000)
  object space 68608K, 20% used [0x0000000080000000,0x0000000080dcf710,0x0000000084300000)
 Metaspace       used 28366K, committed 29312K, reserved 1114112K
  class space    used 2806K, committed 3200K, reserved 1048576K
}

Dll operation events (10 events):
Event: 0.011 Loaded shared library c:\Users\88018\.vscode\extensions\redhat.java-1.50.0-win32-x64\jre\21.0.9-win32-x86_64\bin\java.dll
Event: 0.220 Loaded shared library c:\Users\88018\.vscode\extensions\redhat.java-1.50.0-win32-x64\jre\21.0.9-win32-x86_64\bin\zip.dll
Event: 0.260 Loaded shared library C:\Users\88018\.vscode\extensions\redhat.java-1.50.0-win32-x64\jre\21.0.9-win32-x86_64\bin\instrument.dll
Event: 0.357 Loaded shared library C:\Users\88018\.vscode\extensions\redhat.java-1.50.0-win32-x64\jre\21.0.9-win32-x86_64\bin\net.dll
Event: 0.440 Loaded shared library C:\Users\88018\.vscode\extensions\redhat.java-1.50.0-win32-x64\jre\21.0.9-win32-x86_64\bin\nio.dll
Event: 0.444 Loaded shared library C:\Users\88018\.vscode\extensions\redhat.java-1.50.0-win32-x64\jre\21.0.9-win32-x86_64\bin\zip.dll
Event: 0.476 Loaded shared library C:\Users\88018\.vscode\extensions\redhat.java-1.50.0-win32-x64\jre\21.0.9-win32-x86_64\bin\jimage.dll
Event: 0.598 Loaded shared library c:\Users\88018\.vscode\extensions\redhat.java-1.50.0-win32-x64\jre\21.0.9-win32-x86_64\bin\verify.dll
Event: 10.851 Loaded shared library C:\Users\88018\AppData\Roaming\Code\User\globalStorage\redhat.java\1.50.0\config_win\org.eclipse.equinox.launcher\org.eclipse.equinox.launcher.win32.win32.x86_64_1.2.1400.v20250801-0854\eclipse_11916.dll
Event: 24.314 Loaded shared library C:\Users\88018\AppData\Local\Temp\jna-53433175\jna2652131818005946637.dll

Deoptimization events (20 events):
Event: 26.230 Thread 0x000002a69b13ff40 Uncommon trap: trap_request=0xffffff45 fr.pc=0x000002a647fbd0b0 relative=0x0000000000000470
Event: 26.230 Thread 0x000002a69b13ff40 Uncommon trap: reason=unstable_if action=reinterpret pc=0x000002a647fbd0b0 method=java.lang.AbstractStringBuilder.isLatin1()Z @ 10 c2
Event: 26.230 Thread 0x000002a69b13ff40 DEOPT PACKING pc=0x000002a647fbd0b0 sp=0x000000d80d6fe790
Event: 26.230 Thread 0x000002a69b13ff40 DEOPT UNPACKING pc=0x000002a647956da2 sp=0x000000d80d6fe6f8 mode 2
Event: 26.236 Thread 0x000002a69b13ff40 Uncommon trap: trap_request=0xffffffc6 fr.pc=0x000002a647f530c0 relative=0x0000000000000ac0
Event: 26.236 Thread 0x000002a69b13ff40 Uncommon trap: reason=bimorphic_or_optimized_type_check action=maybe_recompile pc=0x000002a647f530c0 method=java.util.HashMap.putVal(ILjava/lang/Object;Ljava/lang/Object;ZZ)Ljava/lang/Object; @ 56 c2
Event: 26.236 Thread 0x000002a69b13ff40 DEOPT PACKING pc=0x000002a647f530c0 sp=0x000000d80d6fe000
Event: 26.236 Thread 0x000002a69b13ff40 DEOPT UNPACKING pc=0x000002a647956da2 sp=0x000000d80d6fdf00 mode 2
Event: 26.236 Thread 0x000002a69b13ff40 Uncommon trap: trap_request=0xffffffc6 fr.pc=0x000002a647f530c0 relative=0x0000000000000ac0
Event: 26.236 Thread 0x000002a69b13ff40 Uncommon trap: reason=bimorphic_or_optimized_type_check action=maybe_recompile pc=0x000002a647f530c0 method=java.util.HashMap.putVal(ILjava/lang/Object;Ljava/lang/Object;ZZ)Ljava/lang/Object; @ 56 c2
Event: 26.236 Thread 0x000002a69b13ff40 DEOPT PACKING pc=0x000002a647f530c0 sp=0x000000d80d6fe000
Event: 26.236 Thread 0x000002a69b13ff40 DEOPT UNPACKING pc=0x000002a647956da2 sp=0x000000d80d6fdf00 mode 2
Event: 26.236 Thread 0x000002a69b13ff40 Uncommon trap: trap_request=0xffffffc6 fr.pc=0x000002a647f530c0 relative=0x0000000000000ac0
Event: 26.236 Thread 0x000002a69b13ff40 Uncommon trap: reason=bimorphic_or_optimized_type_check action=maybe_recompile pc=0x000002a647f530c0 method=java.util.HashMap.putVal(ILjava/lang/Object;Ljava/lang/Object;ZZ)Ljava/lang/Object; @ 56 c2
Event: 26.236 Thread 0x000002a69b13ff40 DEOPT PACKING pc=0x000002a647f530c0 sp=0x000000d80d6fe000
Event: 26.236 Thread 0x000002a69b13ff40 DEOPT UNPACKING pc=0x000002a647956da2 sp=0x000000d80d6fdf00 mode 2
Event: 26.571 Thread 0x000002a69b13ff40 Uncommon trap: trap_request=0xffffff45 fr.pc=0x000002a647ef3c34 relative=0x0000000000000114
Event: 26.571 Thread 0x000002a69b13ff40 Uncommon trap: reason=unstable_if action=reinterpret pc=0x000002a647ef3c34 method=java.lang.String.getBytes([BIB)V @ 5 c2
Event: 26.571 Thread 0x000002a69b13ff40 DEOPT PACKING pc=0x000002a647ef3c34 sp=0x000000d80d6fe2e0
Event: 26.571 Thread 0x000002a69b13ff40 DEOPT UNPACKING pc=0x000002a647956da2 sp=0x000000d80d6fe288 mode 2

Classes loaded (20 events):
Event: 26.478 Loading class com/sun/org/apache/xml/internal/serializer/NamespaceMappings$MappingRecord
Event: 26.478 Loading class com/sun/org/apache/xml/internal/serializer/NamespaceMappings$MappingRecord done
Event: 26.478 Loading class javax/xml/transform/stream/StreamSource
Event: 26.479 Loading class javax/xml/transform/stream/StreamSource done
Event: 26.479 Loading class javax/xml/transform/sax/SAXSource
Event: 26.479 Loading class javax/xml/transform/sax/SAXSource done
Event: 26.479 Loading class javax/xml/transform/stax/StAXSource
Event: 26.479 Loading class javax/xml/transform/stax/StAXSource done
Event: 26.479 Loading class com/sun/org/apache/xalan/internal/xsltc/trax/DOM2TO
Event: 26.479 Loading class com/sun/org/apache/xalan/internal/xsltc/trax/DOM2TO done
Event: 26.483 Loading class com/sun/org/apache/xml/internal/serializer/WriterToUTF8Buffered
Event: 26.483 Loading class com/sun/org/apache/xml/internal/serializer/WriterChain
Event: 26.483 Loading class com/sun/org/apache/xml/internal/serializer/WriterChain done
Event: 26.483 Loading class com/sun/org/apache/xml/internal/serializer/WriterToUTF8Buffered done
Event: 26.483 Loading class com/sun/org/apache/xml/internal/serializer/WriterToASCI
Event: 26.484 Loading class com/sun/org/apache/xml/internal/serializer/WriterToASCI done
Event: 26.559 Loading class sun/nio/cs/UTF_8$Encoder
Event: 26.559 Loading class sun/nio/cs/UTF_8$Encoder done
Event: 26.594 Loading class java/lang/annotation/ElementType
Event: 26.594 Loading class java/lang/annotation/ElementType done

Classes unloaded (7 events):
Event: 25.126 Thread 0x000002a654241a30 Unloading class 0x000002a6561a3000 'java/lang/invoke/LambdaForm$MH+0x000002a6561a3000'
Event: 25.126 Thread 0x000002a654241a30 Unloading class 0x000002a6561a2c00 'java/lang/invoke/LambdaForm$MH+0x000002a6561a2c00'
Event: 25.126 Thread 0x000002a654241a30 Unloading class 0x000002a6561a2800 'java/lang/invoke/LambdaForm$MH+0x000002a6561a2800'
Event: 25.126 Thread 0x000002a654241a30 Unloading class 0x000002a6561a2400 'java/lang/invoke/LambdaForm$MH+0x000002a6561a2400'
Event: 25.126 Thread 0x000002a654241a30 Unloading class 0x000002a6561a2000 'java/lang/invoke/LambdaForm$BMH+0x000002a6561a2000'
Event: 25.126 Thread 0x000002a654241a30 Unloading class 0x000002a6561a1c00 'java/lang/invoke/LambdaForm$DMH+0x000002a6561a1c00'
Event: 25.126 Thread 0x000002a654241a30 Unloading class 0x000002a6561a0800 'java/lang/invoke/LambdaForm$DMH+0x000002a6561a0800'

Classes redefined (0 events):
No events

Internal exceptions (20 events):
Event: 25.201 Thread 0x000002a69b13ff40 Exception <a 'java/lang/NoSuchMethodError'{0x00000000d5776898}: 'double java.lang.invoke.DirectMethodHandle$Holder.invokeStaticInit(java.lang.Object, java.lang.Object)'> (0x00000000d5776898) 
thrown [s\src\hotspot\share\interpreter\linkResolver.cpp, line 773]
Event: 26.129 Thread 0x000002a69b40b560 Exception <a 'java/lang/NoSuchMethodError'{0x00000000d652cb38}: 'java.lang.Object java.lang.invoke.DirectMethodHandle$Holder.invokeStaticInit(java.lang.Object, java.lang.Object, java.lang.Object, java.lang.Object, java.lang.Object, java.lang.Object, java.lang.Object)'> (0x00000000d652cb38) 
thrown [s\src\hotspot\share\interpreter\linkResolver.cpp, line 773]
Event: 26.130 Thread 0x000002a69b40b560 Exception <a 'java/lang/NoSuchMethodError'{0x00000000d6531310}: 'java.lang.Object java.lang.invoke.Invokers$Holder.invoke_MT(java.lang.Object, java.lang.Object, java.lang.Object, java.lang.Object, java.lang.Object, java.lang.Object, java.lang.Object, java.lang.Object, java.lang.Object)'> (0x00000000d6531310) 
thrown [s\src\hotspot\share\interpreter\linkResolver.cpp, line 773]
Event: 26.145 Thread 0x000002a69b40b560 Exception <a 'java/lang/NoSuchMethodError'{0x00000000d65b2f98}: 'int java.lang.invoke.DirectMethodHandle$Holder.invokeVirtual(java.lang.Object, java.lang.Object, java.lang.Object)'> (0x00000000d65b2f98) 
thrown [s\src\hotspot\share\interpreter\linkResolver.cpp, line 773]
Event: 26.149 Thread 0x000002a69b40b560 Exception <a 'java/lang/NoSuchMethodError'{0x00000000d65b6ea8}: 'int java.lang.invoke.DirectMethodHandle$Holder.invokeStaticInit(java.lang.Object, int, int)'> (0x00000000d65b6ea8) 
thrown [s\src\hotspot\share\interpreter\linkResolver.cpp, line 773]
Event: 26.150 Thread 0x000002a69b40b560 Exception <a 'java/lang/NoSuchMethodError'{0x00000000d65c5fe0}: 'int java.lang.invoke.DirectMethodHandle$Holder.invokeStaticInit(java.lang.Object, long, long)'> (0x00000000d65c5fe0) 
thrown [s\src\hotspot\share\interpreter\linkResolver.cpp, line 773]
Event: 26.152 Thread 0x000002a69b40b560 Exception <a 'java/lang/NoSuchMethodError'{0x00000000d65cc930}: 'int java.lang.invoke.DirectMethodHandle$Holder.invokeStaticInit(java.lang.Object, float, float)'> (0x00000000d65cc930) 
thrown [s\src\hotspot\share\interpreter\linkResolver.cpp, line 773]
Event: 26.153 Thread 0x000002a69b40b560 Exception <a 'java/lang/NoSuchMethodError'{0x00000000d65d8fd0}: 'int java.lang.invoke.DirectMethodHandle$Holder.invokeStaticInit(java.lang.Object, double, double)'> (0x00000000d65d8fd0) 
thrown [s\src\hotspot\share\interpreter\linkResolver.cpp, line 773]
Event: 26.153 Thread 0x000002a69b40b560 Exception <a 'java/lang/NoSuchMethodError'{0x00000000d664cc68}: 'int java.lang.invoke.DirectMethodHandle$Holder.invokeStatic(java.lang.Object, long)'> (0x00000000d664cc68) 
thrown [s\src\hotspot\share\interpreter\linkResolver.cpp, line 773]
Event: 26.158 Thread 0x000002a69b40b560 Exception <a 'java/lang/NoSuchMethodError'{0x00000000d6691e30}: 'int java.lang.invoke.Invokers$Holder.linkToTargetMethod(java.lang.Object, java.lang.Object)'> (0x00000000d6691e30) 
thrown [s\src\hotspot\share\interpreter\linkResolver.cpp, line 773]
Event: 26.163 Thread 0x000002a69b4080e0 Exception <a 'java/lang/NoSuchMethodError'{0x00000000d66c5848}: 'int java.lang.invoke.DirectMethodHandle$Holder.invokeSpecial(java.lang.Object, java.lang.Object, java.lang.Object, java.lang.Object)'> (0x00000000d66c5848) 
thrown [s\src\hotspot\share\interpreter\linkResolver.cpp, line 773]
Event: 26.164 Thread 0x000002a69b4080e0 Exception <a 'java/lang/NoSuchMethodError'{0x00000000d66e50b0}: 'java.lang.Object java.lang.invoke.DirectMethodHandle$Holder.invokeStatic(java.lang.Object, int, java.lang.Object, java.lang.Object)'> (0x00000000d66e50b0) 
thrown [s\src\hotspot\share\interpreter\linkResolver.cpp, line 773]
Event: 26.164 Thread 0x000002a69b4080e0 Exception <a 'java/lang/NoSuchMethodError'{0x00000000d66efbd8}: 'java.lang.Object java.lang.invoke.DelegatingMethodHandle$Holder.delegate(java.lang.Object, int, java.lang.Object, java.lang.Object)'> (0x00000000d66efbd8) 
thrown [s\src\hotspot\share\interpreter\linkResolver.cpp, line 773]
Event: 26.168 Thread 0x000002a69b4080e0 Exception <a 'java/lang/NoSuchMethodError'{0x00000000d6709770}: 'int java.lang.invoke.Invokers$Holder.linkToTargetMethod(java.lang.Object, java.lang.Object, java.lang.Object)'> (0x00000000d6709770) 
thrown [s\src\hotspot\share\interpreter\linkResolver.cpp, line 773]
Event: 26.182 Thread 0x000002a69b13ff40 Exception <a 'java/lang/ClassNotFoundException'{0x00000000d68184a8}: com/sun/org/apache/xerces/internal/impl/msg/spi/DOMMessagesProvider> (0x00000000d68184a8) 
thrown [s\src\hotspot\share\classfile\systemDictionary.cpp, line 312]
Event: 26.185 Thread 0x000002a69b13ff40 Exception <a 'java/lang/ClassNotFoundException'{0x00000000d6829c60}: com/sun/org/apache/xerces/internal/impl/msg/spi/XMLSerializerMessagesProvider> (0x00000000d6829c60) 
thrown [s\src\hotspot\share\classfile\systemDictionary.cpp, line 312]
Event: 26.188 Thread 0x000002a69b13ff40 Exception <a 'java/lang/ClassNotFoundException'{0x00000000d6836f30}: com/sun/org/apache/xerces/internal/impl/msg/spi/XMLMessagesProvider> (0x00000000d6836f30) 
thrown [s\src\hotspot\share\classfile\systemDictionary.cpp, line 312]
Event: 26.219 Thread 0x000002a69b40b560 Exception <a 'java/lang/NoSuchMethodError'{0x00000000d6a6d570}: 'java.lang.Object java.lang.invoke.DirectMethodHandle$Holder.invokeSpecialIFC(java.lang.Object, java.lang.Object, java.lang.Object, java.lang.Object)'> (0x00000000d6a6d570) 
thrown [s\src\hotspot\share\interpreter\linkResolver.cpp, line 773]
Event: 26.379 Thread 0x000002a69b13ff40 Exception <a 'java/lang/ClassNotFoundException'{0x00000000d5efa918}: com/sun/org/apache/xml/internal/serializer/spi/XMLEntitiesProvider> (0x00000000d5efa918) 
thrown [s\src\hotspot\share\classfile\systemDictionary.cpp, line 312]
Event: 26.591 Thread 0x000002a69b13ff40 Exception <a 'java/io/FileNotFoundException'{0x00000000d68abb40}> (0x00000000d68abb40) 
thrown [s\src\hotspot\share\prims\jni.cpp, line 520]

ZGC Phase Switch (0 events):
No events

VM Operations (20 events):
Event: 24.547 Executing VM operation: HandshakeAllThreads (Deoptimize)
Event: 24.548 Executing VM operation: HandshakeAllThreads (Deoptimize) done
Event: 24.650 Executing VM operation: ICBufferFull
Event: 24.650 Executing VM operation: ICBufferFull done
Event: 24.721 Executing VM operation: ParallelGCFailedAllocation (Allocation Failure)
Event: 24.728 Executing VM operation: ParallelGCFailedAllocation (Allocation Failure) done
Event: 25.111 Executing VM operation: CollectForMetadataAllocation (Metadata GC Threshold)
Event: 25.157 Executing VM operation: CollectForMetadataAllocation (Metadata GC Threshold) done
Event: 25.498 Executing VM operation: ParallelGCFailedAllocation (Allocation Failure)
Event: 25.500 Executing VM operation: ParallelGCFailedAllocation (Allocation Failure) done
Event: 25.901 Executing VM operation: ParallelGCFailedAllocation (Allocation Failure)
Event: 25.902 Executing VM operation: ParallelGCFailedAllocation (Allocation Failure) done
Event: 26.166 Executing VM operation: HandshakeAllThreads (Deoptimize)
Event: 26.166 Executing VM operation: HandshakeAllThreads (Deoptimize) done
Event: 26.235 Executing VM operation: HandshakeAllThreads (Deoptimize)
Event: 26.235 Executing VM operation: HandshakeAllThreads (Deoptimize) done
Event: 26.246 Executing VM operation: ParallelGCFailedAllocation (Allocation Failure)
Event: 26.248 Executing VM operation: ParallelGCFailedAllocation (Allocation Failure) done
Event: 26.427 Executing VM operation: HandshakeAllThreads (Deoptimize)
Event: 26.430 Executing VM operation: HandshakeAllThreads (Deoptimize) done

Memory protections (0 events):
No events

Nmethod flushes (0 events):
No events

Events (20 events):
Event: 13.974 Thread 0x000002a69b13ff40 Thread added: 0x000002a69bdd4b50
Event: 14.334 Thread 0x000002a69b875b00 Thread exited: 0x000002a69b875b00
Event: 22.566 Thread 0x000002a69b13ff40 Thread added: 0x000002a69b1503c0
Event: 22.826 Thread 0x000002a654278610 Thread added: 0x000002a69c12d670
Event: 22.829 Thread 0x000002a69c12d670 Thread added: 0x000002a69c20dfe0
Event: 23.053 Thread 0x000002a69c20dfe0 Thread exited: 0x000002a69c20dfe0
Event: 23.468 Thread 0x000002a69b13ff40 Thread added: 0x000002a69b408770
Event: 23.561 Thread 0x000002a69c12d670 Thread exited: 0x000002a69c12d670
Event: 24.336 Thread 0x000002a69b13ff40 Thread added: 0x000002a69b409490
Event: 24.398 Thread 0x000002a69b13ff40 Thread added: 0x000002a69b40b560
Event: 24.421 Thread 0x000002a69b13ff40 Thread added: 0x000002a69b4080e0
Event: 24.505 Thread 0x000002a654285080 Thread added: 0x000002a69d36d7c0
Event: 25.202 Thread 0x000002a69d36d7c0 Thread exited: 0x000002a69d36d7c0
Event: 25.308 Thread 0x000002a654278610 Thread added: 0x000002a69d393e40
Event: 25.426 Thread 0x000002a69d393e40 Thread exited: 0x000002a69d393e40
Event: 26.074 Thread 0x000002a654285080 Thread added: 0x000002a69ca962c0
Event: 26.120 Thread 0x000002a69b40b560 Thread added: 0x000002a69b409b20
Event: 26.181 Thread 0x000002a654285080 Thread added: 0x000002a69d17fbe0
Event: 26.210 Thread 0x000002a69b13ff40 Thread added: 0x000002a69b40a1b0
Event: 26.211 Thread 0x000002a69b409b20 Thread added: 0x000002a69b40a840


Dynamic libraries:
0x00007ff7279e0000 - 0x00007ff7279ee000 	c:\Users\88018\.vscode\extensions\redhat.java-1.50.0-win32-x64\jre\21.0.9-win32-x86_64\bin\java.exe
0x00007ffc81ee0000 - 0x00007ffc82147000 	C:\WINDOWS\SYSTEM32\ntdll.dll
0x00007ffc80660000 - 0x00007ffc80729000 	C:\WINDOWS\System32\KERNEL32.DLL
0x00007ffc7f3c0000 - 0x00007ffc7f7af000 	C:\WINDOWS\System32\KERNELBASE.dll
0x00007ffc7f7c0000 - 0x00007ffc7f90b000 	C:\WINDOWS\System32\ucrtbase.dll
0x00007ffc6d630000 - 0x00007ffc6d648000 	c:\Users\88018\.vscode\extensions\redhat.java-1.50.0-win32-x64\jre\21.0.9-win32-x86_64\bin\jli.dll
0x00007ffc6ce60000 - 0x00007ffc6ce7e000 	c:\Users\88018\.vscode\extensions\redhat.java-1.50.0-win32-x64\jre\21.0.9-win32-x86_64\bin\VCRUNTIME140.dll
0x00007ffc81bd0000 - 0x00007ffc81d95000 	C:\WINDOWS\System32\USER32.dll
0x00007ffc63270000 - 0x00007ffc63503000 	C:\WINDOWS\WinSxS\amd64_microsoft.windows.common-controls_6595b64144ccf1df_6.0.26100.7309_none_3e05feeae336a044\COMCTL32.dll
0x00007ffc810a0000 - 0x00007ffc81149000 	C:\WINDOWS\System32\msvcrt.dll
0x00007ffc80e90000 - 0x00007ffc80ebb000 	C:\WINDOWS\System32\GDI32.dll
0x00007ffc7f910000 - 0x00007ffc7f937000 	C:\WINDOWS\System32\win32u.dll
0x00007ffc7fb50000 - 0x00007ffc7fc7c000 	C:\WINDOWS\System32\gdi32full.dll
0x00007ffc7f1a0000 - 0x00007ffc7f243000 	C:\WINDOWS\System32\msvcp_win.dll
0x00007ffc818c0000 - 0x00007ffc818f1000 	C:\WINDOWS\System32\IMM32.DLL
0x00007ffc7b9e0000 - 0x00007ffc7b9ec000 	c:\Users\88018\.vscode\extensions\redhat.java-1.50.0-win32-x64\jre\21.0.9-win32-x86_64\bin\vcruntime140_1.dll
0x00007ffc3fad0000 - 0x00007ffc3fb5d000 	c:\Users\88018\.vscode\extensions\redhat.java-1.50.0-win32-x64\jre\21.0.9-win32-x86_64\bin\msvcp140.dll
0x00007ffbf1470000 - 0x00007ffbf2210000 	c:\Users\88018\.vscode\extensions\redhat.java-1.50.0-win32-x64\jre\21.0.9-win32-x86_64\bin\server\jvm.dll
0x00007ffc7fde0000 - 0x00007ffc7fe94000 	C:\WINDOWS\System32\ADVAPI32.dll
0x00007ffc81900000 - 0x00007ffc819a6000 	C:\WINDOWS\System32\sechost.dll
0x00007ffc81ab0000 - 0x00007ffc81bc8000 	C:\WINDOWS\System32\RPCRT4.dll
0x00007ffc81180000 - 0x00007ffc811f4000 	C:\WINDOWS\System32\WS2_32.dll
0x00007ffc7ee90000 - 0x00007ffc7eeee000 	C:\WINDOWS\SYSTEM32\POWRPROF.dll
0x00007ffc73ee0000 - 0x00007ffc73eeb000 	C:\WINDOWS\SYSTEM32\VERSION.dll
0x00007ffc668f0000 - 0x00007ffc66925000 	C:\WINDOWS\SYSTEM32\WINMM.dll
0x00007ffc7ee70000 - 0x00007ffc7ee84000 	C:\WINDOWS\SYSTEM32\UMPDC.dll
0x00007ffc7dde0000 - 0x00007ffc7ddfb000 	C:\WINDOWS\SYSTEM32\kernel.appcore.dll
0x00007ffc6e6d0000 - 0x00007ffc6e6da000 	c:\Users\88018\.vscode\extensions\redhat.java-1.50.0-win32-x64\jre\21.0.9-win32-x86_64\bin\jimage.dll
0x00007ffc7c6a0000 - 0x00007ffc7c8e2000 	C:\WINDOWS\SYSTEM32\DBGHELP.DLL
0x00007ffc80160000 - 0x00007ffc804e5000 	C:\WINDOWS\System32\combase.dll
0x00007ffc7fc90000 - 0x00007ffc7fd66000 	C:\WINDOWS\System32\OLEAUT32.dll
0x00007ffc5f740000 - 0x00007ffc5f77c000 	C:\WINDOWS\SYSTEM32\dbgcore.DLL
0x00007ffc7f310000 - 0x00007ffc7f3b5000 	C:\WINDOWS\System32\bcryptPrimitives.dll
0x00007ffc6e670000 - 0x00007ffc6e67f000 	c:\Users\88018\.vscode\extensions\redhat.java-1.50.0-win32-x64\jre\21.0.9-win32-x86_64\bin\instrument.dll
0x00007ffc69090000 - 0x00007ffc690b0000 	c:\Users\88018\.vscode\extensions\redhat.java-1.50.0-win32-x64\jre\21.0.9-win32-x86_64\bin\java.dll
0x00007ffc80730000 - 0x00007ffc80e83000 	C:\WINDOWS\System32\SHELL32.dll
0x00007ffc7f030000 - 0x00007ffc7f19a000 	C:\WINDOWS\System32\wintypes.dll
0x00007ffc7cc00000 - 0x00007ffc7d45e000 	C:\WINDOWS\SYSTEM32\windows.storage.dll
0x00007ffc819b0000 - 0x00007ffc81aa5000 	C:\WINDOWS\System32\SHCORE.dll
0x00007ffc804f0000 - 0x00007ffc80556000 	C:\WINDOWS\System32\shlwapi.dll
0x00007ffc7ef50000 - 0x00007ffc7ef79000 	C:\WINDOWS\SYSTEM32\profapi.dll
0x00007ffc68c60000 - 0x00007ffc68c78000 	c:\Users\88018\.vscode\extensions\redhat.java-1.50.0-win32-x64\jre\21.0.9-win32-x86_64\bin\zip.dll
0x00007ffc6e4a0000 - 0x00007ffc6e4b0000 	C:\Users\88018\.vscode\extensions\redhat.java-1.50.0-win32-x64\jre\21.0.9-win32-x86_64\bin\net.dll
0x00007ffc6f990000 - 0x00007ffc6fab8000 	C:\WINDOWS\SYSTEM32\WINHTTP.dll
0x00007ffc7e350000 - 0x00007ffc7e3bb000 	C:\WINDOWS\system32\mswsock.dll
0x00007ffc64d20000 - 0x00007ffc64d36000 	C:\Users\88018\.vscode\extensions\redhat.java-1.50.0-win32-x64\jre\21.0.9-win32-x86_64\bin\nio.dll
0x00007ffc6d620000 - 0x00007ffc6d630000 	c:\Users\88018\.vscode\extensions\redhat.java-1.50.0-win32-x64\jre\21.0.9-win32-x86_64\bin\verify.dll
0x00007ffc4db50000 - 0x00007ffc4db94000 	C:\Users\88018\AppData\Roaming\Code\User\globalStorage\redhat.java\1.50.0\config_win\org.eclipse.equinox.launcher\org.eclipse.equinox.launcher.win32.win32.x86_64_1.2.1400.v20250801-0854\eclipse_11916.dll
0x00007ffc7ffc0000 - 0x00007ffc80157000 	C:\WINDOWS\System32\ole32.dll
0x00007ffc7e610000 - 0x00007ffc7e62b000 	C:\WINDOWS\SYSTEM32\CRYPTSP.dll
0x00007ffc7dd40000 - 0x00007ffc7dd7a000 	C:\WINDOWS\system32\rsaenh.dll
0x00007ffc7e400000 - 0x00007ffc7e42b000 	C:\WINDOWS\SYSTEM32\USERENV.dll
0x00007ffc7ef20000 - 0x00007ffc7ef4a000 	C:\WINDOWS\SYSTEM32\bcrypt.dll
0x00007ffc7e630000 - 0x00007ffc7e63c000 	C:\WINDOWS\SYSTEM32\CRYPTBASE.dll
0x00007ffc7d850000 - 0x00007ffc7d884000 	C:\WINDOWS\SYSTEM32\IPHLPAPI.DLL
0x00007ffc7fc80000 - 0x00007ffc7fc8a000 	C:\WINDOWS\System32\NSI.dll
0x00007ffc4da50000 - 0x00007ffc4da99000 	C:\Users\88018\AppData\Local\Temp\jna-53433175\jna2652131818005946637.dll
0x00007ffc80650000 - 0x00007ffc80658000 	C:\WINDOWS\System32\PSAPI.DLL

JVMTI agents:
c:\Users\88018\.vscode\extensions\redhat.java-1.50.0-win32-x64\lombok\lombok-1.18.39-4050.jar path:c:\Users\88018\.vscode\extensions\redhat.java-1.50.0-win32-x64\jre\21.0.9-win32-x86_64\bin\instrument.dll, loaded, initialized, instrumentlib options:none

dbghelp: loaded successfully - version: 4.0.5 - missing functions: none
symbol engine: initialized successfully - sym options: 0x614 - pdb path: .;c:\Users\88018\.vscode\extensions\redhat.java-1.50.0-win32-x64\jre\21.0.9-win32-x86_64\bin;C:\WINDOWS\SYSTEM32;C:\WINDOWS\WinSxS\amd64_microsoft.windows.common-controls_6595b64144ccf1df_6.0.26100.7309_none_3e05feeae336a044;c:\Users\88018\.vscode\extensions\redhat.java-1.50.0-win32-x64\jre\21.0.9-win32-x86_64\bin\server;C:\Users\88018\AppData\Roaming\Code\User\globalStorage\redhat.java\1.50.0\config_win\org.eclipse.equinox.launcher\org.eclipse.equinox.launcher.win32.win32.x86_64_1.2.1400.v20250801-0854;C:\Users\88018\AppData\Local\Temp\jna-53433175

VM Arguments:
jvm_args: --add-modules=ALL-SYSTEM --add-opens=java.base/java.util=ALL-UNNAMED --add-opens=java.base/java.lang=ALL-UNNAMED --add-opens=java.base/sun.nio.fs=ALL-UNNAMED -Declipse.application=org.eclipse.jdt.ls.core.id1 -Dosgi.bundles.defaultStartLevel=4 -Declipse.product=org.eclipse.jdt.ls.core.product -Djava.import.generatesMetadataFilesAtProjectRoot=false -DDetectVMInstallationsJob.disabled=true -Dfile.encoding=utf8 -XX:+UseParallelGC -XX:GCTimeRatio=4 -XX:AdaptiveSizePolicyWeight=90 -Dsun.zip.disableMemoryMapping=true -Xmx2G -Xms100m -Xlog:disable -javaagent:c:\Users\88018\.vscode\extensions\redhat.java-1.50.0-win32-x64\lombok\lombok-1.18.39-4050.jar -XX:+HeapDumpOnOutOfMemoryError -XX:HeapDumpPath=c:\Users\88018\AppData\Roaming\Code\User\workspaceStorage\d2e837351fd8ae200bb528c6219aa449\redhat.java -Daether.dependencyCollector.impl=bf 
java_command: c:\Users\88018\.vscode\extensions\redhat.java-1.50.0-win32-x64\server\plugins\org.eclipse.equinox.launcher_1.7.100.v20251111-0406.jar -configuration c:\Users\88018\AppData\Roaming\Code\User\globalStorage\redhat.java\1.50.0\config_win -data c:\Users\88018\AppData\Roaming\Code\User\workspaceStorage\d2e837351fd8ae200bb528c6219aa449\redhat.java\jdt_ws --pipe=\\.\pipe\lsp-beb611b4922225d6fe573ad7798f20a6-sock
java_class_path (initial): c:\Users\88018\.vscode\extensions\redhat.java-1.50.0-win32-x64\server\plugins\org.eclipse.equinox.launcher_1.7.100.v20251111-0406.jar
Launcher Type: SUN_STANDARD

[Global flags]
    uintx AdaptiveSizePolicyWeight                 = 90                                        {product} {command line}
     intx CICompilerCount                          = 4                                         {product} {ergonomic}
    uintx GCTimeRatio                              = 4                                         {product} {command line}
     bool HeapDumpOnOutOfMemoryError               = true                                   {manageable} {command line}
    ccstr HeapDumpPath                             = c:\Users\88018\AppData\Roaming\Code\User\workspaceStorage\d2e837351fd8ae200bb528c6219aa449\redhat.java         {manageable} {command line}
   size_t InitialHeapSize                          = 104857600                                 {product} {command line}
   size_t MaxHeapSize                              = 2147483648                                {product} {command line}
   size_t MaxNewSize                               = 715653120                                 {product} {ergonomic}
   size_t MinHeapDeltaBytes                        = 524288                                    {product} {ergonomic}
   size_t MinHeapSize                              = 104857600                                 {product} {command line}
   size_t NewSize                                  = 34603008                                  {product} {ergonomic}
    uintx NonNMethodCodeHeapSize                   = 5839372                                {pd product} {ergonomic}
    uintx NonProfiledCodeHeapSize                  = 122909434                              {pd product} {ergonomic}
   size_t OldSize                                  = 70254592                                  {product} {ergonomic}
    uintx ProfiledCodeHeapSize                     = 122909434                              {pd product} {ergonomic}
    uintx ReservedCodeCacheSize                    = 251658240                              {pd product} {ergonomic}
     bool SegmentedCodeCache                       = true                                      {product} {ergonomic}
   size_t SoftMaxHeapSize                          = 2147483648                             {manageable} {ergonomic}
     bool UseCompressedOops                        = true                           {product lp64_product} {ergonomic}
     bool UseLargePagesIndividualAllocation        = false                                  {pd product} {ergonomic}
     bool UseParallelGC                            = true                                      {product} {command line}

Logging:
Log output configuration:
 #0: stdout all=off uptime,level,tags foldmultilines=false
 #1: stderr all=off uptime,level,tags foldmultilines=false

Release file:
JAVA_VERSION="21.0.9" 
MODULES="java.base java.compiler java.datatransfer java.xml java.prefs java.desktop java.instrument java.logging java.management java.security.sasl java.naming java.rmi java.management.rmi java.net.http java.scripting java.security.jgss java.transaction.xa java.sql java.sql.rowset java.xml.crypto java.se java.smartcardio jdk.accessibility jdk.internal.jvmstat jdk.attach jdk.charsets jdk.internal.opt jdk.zipfs jdk.compiler jdk.crypto.ec jdk.crypto.cryptoki jdk.crypto.mscapi jdk.dynalink jdk.internal.ed jdk.editpad jdk.hotspot.agent jdk.httpserver jdk.internal.le jdk.internal.vm.ci jdk.internal.vm.compiler jdk.internal.vm.compiler.management jdk.jartool jdk.javadoc jdk.jcmd jdk.management jdk.management.agent jdk.jconsole jdk.jdeps jdk.jdwp.agent jdk.jdi jdk.jfr jdk.jshell jdk.jsobject jdk.jstatd jdk.localedata jdk.management.jfr jdk.naming.dns jdk.naming.rmi jdk.net jdk.nio.mapmode jdk.random jdk.sctp jdk.security.auth jdk.security.jgss jdk.unsupported jdk.unsupported.desktop jdk.xml.dom" 

Environment Variables:
PATH=C:\Program Files\Python312\Scripts\;C:\Program Files\Python312\;C:\Program Files\Common Files\Oracle\Java\javapath;C:\Program Files (x86)\Common Files\Oracle\Java\javapath;C:\Windows\system32;C:\Windows;C:\Windows\System32\Wbem;C:\Windows\System32\WindowsPowerShell\v1.0\;C:\Windows\System32\OpenSSH\;C:\Program Files (x86)\NVIDIA Corporation\PhysX\Common;C:\Program Files\NVIDIA Corporation\NVIDIA NvDLISR;C:\WINDOWS\system32;C:\WINDOWS;C:\WINDOWS\System32\Wbem;C:\WINDOWS\System32\WindowsPowerShell\v1.0\;C:\WINDOWS\System32\OpenSSH\;C:\Java\jdk-20\bin;C:\Program Files\nodejs\;C:\Program Files\MySQL\MySQL Server 8.0\bin;E:\runtime\win64;E:\bin;E:\mtlab\bin;C:\Program Files\Git\cmd;D:\flutter\flutter\bin;D:\sdk_flutter\flutter\bin;C:\Users\88018\AppData\Local\Programs\Microsoft VS Code\bin
USERNAME=88018
OS=Windows_NT
PROCESSOR_IDENTIFIER=Intel64 Family 6 Model 140 Stepping 1, GenuineIntel
TMP=C:\Users\88018\AppData\Local\Temp
TEMP=C:\Users\88018\AppData\Local\Temp




Periodic native trim disabled

---------------  S Y S T E M  ---------------

OS:
 Windows 11 , 64 bit Build 26100 (10.0.26100.7309)
OS uptime: 3 days 0:51 hours
Hyper-V role detected

CPU: total 8 (initial active 8) (4 cores per cpu, 2 threads per core) family 6 model 140 stepping 1 microcode 0x86, cx8, cmov, fxsr, ht, mmx, 3dnowpref, sse, sse2, sse3, ssse3, sse4.1, sse4.2, popcnt, lzcnt, tsc, tscinvbit, avx, avx2, aes, erms, clmul, bmi1, bmi2, adx, avx512f, avx512dq, avx512cd, avx512bw, avx512vl, sha, fma, vzeroupper, avx512_vpopcntdq, avx512_vpclmulqdq, avx512_vaes, avx512_vnni, clflush, clflushopt, clwb, avx512_vbmi2, avx512_vbmi, hv, rdtscp, rdpid, fsrm, gfni, avx512_bitalg, f16c, cet_ibt, cet_ss, avx512_ifma
Processor Information for the first 8 processors :
  Max Mhz: 2419, Current Mhz: 2419, Mhz Limit: 2419

Memory: 4k page, system-wide physical 7886M (921M free)
TotalPageFile size 24467M (AvailPageFile size 37M)
current process WorkingSet (physical memory assigned to process): 192M, peak: 193M
current process commit charge ("private bytes"): 319M, peak: 322M

vm_info: OpenJDK 64-Bit Server VM (21.0.9+10-LTS) for windows-amd64 JRE (21.0.9+10-LTS), built on 2025-10-21T00:00:00Z by "admin" with unknown MS VC++:1942

END.
