#
# There is insufficient memory for the Java Runtime Environment to continue.
# Native memory allocation (mmap) failed to map 4194304 bytes for G1 virtual space
# Possible reasons:
#   The system is out of physical RAM or swap space
#   The process is running with CompressedOops enabled, and the Java Heap may be blocking the growth of the native heap
# Possible solutions:
#   Reduce memory load on the system
#   Increase physical memory or swap space
#   Check if swap backing store is full
#   Decrease Java heap size (-Xmx/-Xms)
#   Decrease number of Java threads
#   Decrease Java thread stack sizes (-Xss)
#   Set larger code cache with -XX:ReservedCodeCacheSize=
#   JVM is running with Zero Based Compressed Oops mode in which the Java heap is
#     placed in the first 32GB address space. The Java Heap base address is the
#     maximum limit for the native heap growth. Please use -XX:HeapBaseMinAddress
#     to set the Java Heap base and to place the Java Heap above 32GB virtual address.
# This output file may be truncated or incomplete.
#
#  Out of Memory Error (os_windows.cpp:3528), pid=6104, tid=3212
#
# JRE version: Java(TM) SE Runtime Environment (20.0.2+9) (build 20.0.2+9-78)
# Java VM: Java HotSpot(TM) 64-Bit Server VM (20.0.2+9-78, mixed mode, sharing, tiered, compressed oops, compressed class ptrs, g1 gc, windows-amd64)
# No core dump will be written. Minidumps are not enabled by default on client versions of Windows
#

---------------  S U M M A R Y ------------

Command Line: --add-opens=java.base/java.lang=ALL-UNNAMED --add-opens=java.base/java.lang.invoke=ALL-UNNAMED --add-opens=java.base/java.util=ALL-UNNAMED --add-opens=java.prefs/java.util.prefs=ALL-UNNAMED --add-exports=jdk.compiler/com.sun.tools.javac.api=ALL-UNNAMED --add-exports=jdk.compiler/com.sun.tools.javac.util=ALL-UNNAMED --add-opens=java.base/java.util=ALL-UNNAMED --add-opens=java.prefs/java.util.prefs=ALL-UNNAMED --add-opens=java.base/java.nio.charset=ALL-UNNAMED --add-opens=java.base/java.net=ALL-UNNAMED --add-opens=java.base/java.util.concurrent.atomic=ALL-UNNAMED --add-opens=java.xml/javax.xml.namespace=ALL-UNNAMED -XX:MaxMetaspaceSize=4G -XX:ReservedCodeCacheSize=512m -XX:+HeapDumpOnOutOfMemoryError -Xmx8G -Dfile.encoding=UTF-8 -Duser.country=US -Duser.language=en -Duser.variant -javaagent:C:\Users\88018\.gradle\wrapper\dists\gradle-8.12-all\ejduaidbjup3bmmkhw3rie4zb\gradle-8.12\lib\agents\gradle-instrumentation-agent-8.12.jar org.gradle.launcher.daemon.bootstrap.GradleDaemon 8.12

Host: 11th Gen Intel(R) Core(TM) i5-1135G7 @ 2.40GHz, 8 cores, 7G,  Windows 11 , 64 bit Build 26100 (10.0.26100.7309)
Time: Fri Dec 19 00:43:02 2025 Bangladesh Standard Time elapsed time: 45.616516 seconds (0d 0h 0m 45s)

---------------  T H R E A D  ---------------

Current thread (0x0000016b3e14fe90):  WorkerThread "GC Thread#5" [stack: 0x0000002652800000,0x0000002652900000] [id=3212]

Stack: [0x0000002652800000,0x0000002652900000]
Native frames: (J=compiled Java code, j=interpreted, Vv=VM code, C=native code)
V  [jvm.dll+0x6bc25a]
V  [jvm.dll+0x84971a]
V  [jvm.dll+0x84b315]
V  [jvm.dll+0x84ba13]
V  [jvm.dll+0x280e4f]
V  [jvm.dll+0x6b8fe9]
V  [jvm.dll+0x6adbca]
V  [jvm.dll+0x35b165]
V  [jvm.dll+0x363386]
V  [jvm.dll+0x3b3d0b]
V  [jvm.dll+0x3b4384]
V  [jvm.dll+0x3b444d]
V  [jvm.dll+0x32d135]
V  [jvm.dll+0x32ce95]
V  [jvm.dll+0x31cfa6]
V  [jvm.dll+0x31df7a]
V  [jvm.dll+0x31e380]
V  [jvm.dll+0x31de7e]
V  [jvm.dll+0x35cf96]
V  [jvm.dll+0x35d2ed]
V  [jvm.dll+0x35e43a]
V  [jvm.dll+0x35e0a4]
V  [jvm.dll+0x372c39]
V  [jvm.dll+0x37330a]
V  [jvm.dll+0x373407]
V  [jvm.dll+0x3743bb]
V  [jvm.dll+0x876b17]
V  [jvm.dll+0x7f5c76]
V  [jvm.dll+0x6baecb]
C  [ucrtbase.dll+0x37b0]
C  [KERNEL32.DLL+0x2e8d7]
C  [ntdll.dll+0x8c53c]


---------------  P R O C E S S  ---------------

Threads class SMR info:
_java_thread_list=0x0000016b41cc0650, length=100, elements={
0x0000016adf7e2d30, 0x0000016af30052c0, 0x0000016af3005d00, 0x0000016af3008750,
0x0000016af300b0a0, 0x0000016af300b9e0, 0x0000016af300d330, 0x0000016af300e0d0,
0x0000016b3ac040a0, 0x0000016b3ad36330, 0x0000016b3aeaad80, 0x0000016b3c6e8030,
0x0000016b3c822f20, 0x0000016b3bb73640, 0x0000016b3c753190, 0x0000016b3c5e5b10,
0x0000016b3c5e65b0, 0x0000016b3c5e4b20, 0x0000016b3c5e6060, 0x0000016b3ca3f4f0,
0x0000016b3ca414d0, 0x0000016b3ca424c0, 0x0000016b3ca41a20, 0x0000016b3ca434b0,
0x0000016b3ca42a10, 0x0000016b3ca3fa40, 0x0000016b3ca469d0, 0x0000016b3ca459e0,
0x0000016b3ca46f20, 0x0000016b3ca444a0, 0x0000016b3ca62a30, 0x0000016b3ca5f510,
0x0000016b3eec2180, 0x0000016b3eec06f0, 0x0000016b3eec1190, 0x0000016b3eec26d0,
0x0000016b3eec2c20, 0x0000016b3eec3170, 0x0000016b3eebf700, 0x0000016b3eec36c0,
0x0000016b3eebfc50, 0x0000016b3eec01a0, 0x0000016b3eec4c00, 0x0000016b3eec1c30,
0x0000016b3eec4160, 0x0000016b3eec6be0, 0x0000016b3eec7130, 0x0000016b3eec3c10,
0x0000016b3eec5bf0, 0x0000016b3eec46b0, 0x0000016b3eec5150, 0x0000016b3eec56a0,
0x0000016b3eec6140, 0x0000016b3eec6690, 0x0000016b3ff85610, 0x0000016b3ff86600,
0x0000016b3ff85b60, 0x0000016b3ff875f0, 0x0000016b3ff88090, 0x0000016b3ff885e0,
0x0000016b3ff84b70, 0x0000016b3ff870a0, 0x0000016b3ff88b30, 0x0000016b3ff89080,
0x0000016b3ff895d0, 0x0000016b3ff89b20, 0x0000016b3ff8a070, 0x0000016b3ff8a5c0,
0x0000016b3ff86b50, 0x0000016b3ff8c050, 0x0000016b3ff8ab10, 0x0000016b3ff8b5b0,
0x0000016b3ff8bb00, 0x0000016b3ff8c5a0, 0x0000016b4f7e9af0, 0x0000016b4f7ea040,
0x0000016b4f7e7b10, 0x0000016b4f7ea590, 0x0000016b4f7e7070, 0x0000016b4f7e75c0,
0x0000016b4f7eaae0, 0x0000016b4f7eb030, 0x0000016b4f7eb580, 0x0000016b4f7e8060,
0x0000016b4f7e8b00, 0x0000016b4f7ecac0, 0x0000016b4f7e9050, 0x0000016b4f7ee550,
0x0000016b4f7ee000, 0x0000016b4f7edab0, 0x0000016b4f7ed010, 0x0000016b4f7ed560,
0x0000016b4f7eeaa0, 0x0000016b3ca634d0, 0x0000016b3ca63f70, 0x0000016b3ca60500,
0x0000016b3ca644c0, 0x0000016b3ca61f90, 0x0000016b3ca60a50, 0x0000016b4125eb90
}

Java Threads: ( => current thread )
  0x0000016adf7e2d30 JavaThread "main" [_thread_blocked, id=14780, stack(0x0000002650300000,0x0000002650400000)]
  0x0000016af30052c0 JavaThread "Reference Handler" daemon [_thread_blocked, id=8268, stack(0x0000002650a00000,0x0000002650b00000)]
  0x0000016af3005d00 JavaThread "Finalizer" daemon [_thread_blocked, id=7432, stack(0x0000002650b00000,0x0000002650c00000)]
  0x0000016af3008750 JavaThread "Signal Dispatcher" daemon [_thread_blocked, id=5024, stack(0x0000002650c00000,0x0000002650d00000)]
  0x0000016af300b0a0 JavaThread "Attach Listener" daemon [_thread_blocked, id=16092, stack(0x0000002650d00000,0x0000002650e00000)]
  0x0000016af300b9e0 JavaThread "Service Thread" daemon [_thread_blocked, id=15332, stack(0x0000002650e00000,0x0000002650f00000)]
  0x0000016af300d330 JavaThread "Monitor Deflation Thread" daemon [_thread_blocked, id=7084, stack(0x0000002650f00000,0x0000002651000000)]
  0x0000016af300e0d0 JavaThread "C2 CompilerThread0" daemon [_thread_in_native, id=5592, stack(0x0000002651000000,0x0000002651100000)]
  0x0000016b3ac040a0 JavaThread "C1 CompilerThread0" daemon [_thread_blocked, id=100, stack(0x0000002651100000,0x0000002651200000)]
  0x0000016b3ad36330 JavaThread "Common-Cleaner" daemon [_thread_blocked, id=1264, stack(0x0000002651200000,0x0000002651300000)]
  0x0000016b3aeaad80 JavaThread "Notification Thread" daemon [_thread_blocked, id=17360, stack(0x0000002651300000,0x0000002651400000)]
  0x0000016b3c6e8030 JavaThread "Daemon health stats" [_thread_blocked, id=11496, stack(0x0000002651a00000,0x0000002651b00000)]
  0x0000016b3c822f20 JavaThread "Incoming local TCP Connector on port 61149" [_thread_in_native, id=13648, stack(0x0000002651b00000,0x0000002651c00000)]
  0x0000016b3bb73640 JavaThread "Daemon periodic checks" [_thread_blocked, id=8180, stack(0x0000002651c00000,0x0000002651d00000)]
  0x0000016b3c753190 JavaThread "Daemon" [_thread_blocked, id=12880, stack(0x0000002651d00000,0x0000002651e00000)]
  0x0000016b3c5e5b10 JavaThread "Daemon worker" [_thread_blocked, id=13864, stack(0x0000002652000000,0x0000002652100000)]
  0x0000016b3c5e65b0 JavaThread "Cache worker for journal cache (C:\Users\88018\.gradle\caches\journal-1)" [_thread_blocked, id=8708, stack(0x0000002651500000,0x0000002651600000)]
  0x0000016b3c5e4b20 JavaThread "File lock request listener" [_thread_in_native, id=10820, stack(0x0000002652400000,0x0000002652500000)]
  0x0000016b3c5e6060 JavaThread "Cache worker for file hash cache (C:\Users\88018\.gradle\caches\8.12\fileHashes)" [_thread_blocked, id=8344, stack(0x0000002652500000,0x0000002652600000)]
  0x0000016b3ca3f4f0 JavaThread "File watcher server" daemon [_thread_in_native, id=14620, stack(0x0000002652e00000,0x0000002652f00000)]
  0x0000016b3ca414d0 JavaThread "File watcher consumer" daemon [_thread_blocked, id=11924, stack(0x0000002652f00000,0x0000002653000000)]
  0x0000016b3ca424c0 JavaThread "jar transforms" [_thread_blocked, id=7460, stack(0x0000002653000000,0x0000002653100000)]
  0x0000016b3ca41a20 JavaThread "jar transforms Thread 2" [_thread_blocked, id=3364, stack(0x0000002653100000,0x0000002653200000)]
  0x0000016b3ca434b0 JavaThread "jar transforms Thread 3" [_thread_blocked, id=12400, stack(0x0000002653200000,0x0000002653300000)]
  0x0000016b3ca42a10 JavaThread "jar transforms Thread 4" [_thread_blocked, id=17320, stack(0x0000002653300000,0x0000002653400000)]
  0x0000016b3ca3fa40 JavaThread "jar transforms Thread 5" [_thread_blocked, id=12792, stack(0x0000002653400000,0x0000002653500000)]
  0x0000016b3ca469d0 JavaThread "Cache worker for file content cache (C:\Users\88018\.gradle\caches\8.12\fileContent)" [_thread_blocked, id=16552, stack(0x0000002653600000,0x0000002653700000)]
  0x0000016b3ca459e0 JavaThread "jar transforms Thread 6" [_thread_blocked, id=11784, stack(0x0000002653700000,0x0000002653800000)]
  0x0000016b3ca46f20 JavaThread "jar transforms Thread 7" [_thread_blocked, id=6888, stack(0x0000002653800000,0x0000002653900000)]
  0x0000016b3ca444a0 JavaThread "jar transforms Thread 8" [_thread_blocked, id=12984, stack(0x0000002653900000,0x0000002653a00000)]
  0x0000016b3ca62a30 JavaThread "Memory manager" [_thread_blocked, id=6512, stack(0x0000002655300000,0x0000002655400000)]
  0x0000016b3ca5f510 JavaThread "included builds" [_thread_blocked, id=1464, stack(0x0000002655400000,0x0000002655500000)]
  0x0000016b3eec2180 JavaThread "VFS cleanup" [_thread_blocked, id=9312, stack(0x0000002652100000,0x0000002652200000)]
  0x0000016b3eec06f0 JavaThread "Handler for socket connection from /127.0.0.1:61149 to /127.0.0.1:53355" [_thread_in_native, id=11352, stack(0x0000002651e00000,0x0000002651f00000)]
  0x0000016b3eec1190 JavaThread "Cancel handler" [_thread_blocked, id=12172, stack(0x0000002651f00000,0x0000002652000000)]
  0x0000016b3eec26d0 JavaThread "Asynchronous log dispatcher for DefaultDaemonConnection: socket connection from /127.0.0.1:61149 to /127.0.0.1:53355" [_thread_blocked, id=13072, stack(0x0000002652200000,0x0000002652300000)]
  0x0000016b3eec2c20 JavaThread "Stdin handler" [_thread_blocked, id=4556, stack(0x0000002652300000,0x0000002652400000)]
  0x0000016b3eec3170 JavaThread "Daemon client event forwarder" [_thread_blocked, id=11064, stack(0x0000002652600000,0x0000002652700000)]
  0x0000016b3eebf700 JavaThread "Cache worker for file hash cache (C:\Users\88018\OneDrive\Desktop\Library_android\library_app\android\.gradle\8.12\fileHashes)" [_thread_blocked, id=16036, stack(0x0000002652700000,0x0000002652800000)]
  0x0000016b3eec36c0 JavaThread "Cache worker for Build Output Cleanup Cache (C:\Users\88018\OneDrive\Desktop\Library_android\library_app\android\.gradle\buildOutputCleanup)" [_thread_blocked, id=14080, stack(0x0000002652c00000,0x0000002652d00000)]
  0x0000016b3eebfc50 JavaThread "Cache worker for checksums cache (C:\Users\88018\OneDrive\Desktop\Library_android\library_app\android\.gradle\8.12\checksums)" [_thread_blocked, id=3880, stack(0x0000002653a00000,0x0000002653b00000)]
  0x0000016b3eec01a0 JavaThread "Cache worker for cache directory md-rule (C:\Users\88018\.gradle\caches\8.12\md-rule)" [_thread_blocked, id=13424, stack(0x0000002653b00000,0x0000002653c00000)]
  0x0000016b3eec4c00 JavaThread "Cache worker for cache directory md-supplier (C:\Users\88018\.gradle\caches\8.12\md-supplier)" [_thread_blocked, id=14592, stack(0x0000002653c00000,0x0000002653d00000)]
  0x0000016b3eec1c30 JavaThread "Cache worker for Build Output Cleanup Cache (D:\sdk_flutter\flutter\packages\flutter_tools\gradle\.gradle\buildOutputCleanup)" [_thread_blocked, id=6468, stack(0x0000002653e00000,0x0000002653f00000)]
  0x0000016b3eec4160 JavaThread "Unconstrained build operations" [_thread_blocked, id=392, stack(0x0000002653f00000,0x0000002654000000)]
  0x0000016b3eec6be0 JavaThread "Unconstrained build operations Thread 2" [_thread_blocked, id=14764, stack(0x0000002654000000,0x0000002654100000)]
  0x0000016b3eec7130 JavaThread "Unconstrained build operations Thread 3" [_thread_blocked, id=10488, stack(0x0000002654100000,0x0000002654200000)]
  0x0000016b3eec3c10 JavaThread "Unconstrained build operations Thread 4" [_thread_blocked, id=5612, stack(0x0000002654200000,0x0000002654300000)]
  0x0000016b3eec5bf0 JavaThread "Unconstrained build operations Thread 5" [_thread_blocked, id=3616, stack(0x0000002654300000,0x0000002654400000)]
  0x0000016b3eec46b0 JavaThread "Unconstrained build operations Thread 6" [_thread_blocked, id=16136, stack(0x0000002654400000,0x0000002654500000)]
  0x0000016b3eec5150 JavaThread "Unconstrained build operations Thread 7" [_thread_blocked, id=9700, stack(0x0000002654500000,0x0000002654600000)]
  0x0000016b3eec56a0 JavaThread "Unconstrained build operations Thread 8" [_thread_blocked, id=6556, stack(0x0000002654600000,0x0000002654700000)]
  0x0000016b3eec6140 JavaThread "Unconstrained build operations Thread 9" [_thread_blocked, id=16412, stack(0x0000002654700000,0x0000002654800000)]
  0x0000016b3eec6690 JavaThread "Unconstrained build operations Thread 10" [_thread_blocked, id=5192, stack(0x0000002654800000,0x0000002654900000)]
  0x0000016b3ff85610 JavaThread "Unconstrained build operations Thread 11" [_thread_blocked, id=13476, stack(0x0000002654900000,0x0000002654a00000)]
  0x0000016b3ff86600 JavaThread "Unconstrained build operations Thread 12" [_thread_blocked, id=9780, stack(0x0000002654a00000,0x0000002654b00000)]
  0x0000016b3ff85b60 JavaThread "Unconstrained build operations Thread 13" [_thread_blocked, id=15600, stack(0x0000002654b00000,0x0000002654c00000)]
  0x0000016b3ff875f0 JavaThread "Unconstrained build operations Thread 14" [_thread_blocked, id=13080, stack(0x0000002654c00000,0x0000002654d00000)]
  0x0000016b3ff88090 JavaThread "build event listener" [_thread_blocked, id=8980, stack(0x0000002654d00000,0x0000002654e00000)]
  0x0000016b3ff885e0 JavaThread "included builds" [_thread_blocked, id=9468, stack(0x0000002654e00000,0x0000002654f00000)]
  0x0000016b3ff84b70 JavaThread "Execution worker" [_thread_blocked, id=5004, stack(0x0000002654f00000,0x0000002655000000)]
  0x0000016b3ff870a0 JavaThread "Execution worker Thread 2" [_thread_blocked, id=13340, stack(0x0000002655000000,0x0000002655100000)]
  0x0000016b3ff88b30 JavaThread "Execution worker Thread 3" [_thread_blocked, id=16608, stack(0x0000002655100000,0x0000002655200000)]
  0x0000016b3ff89080 JavaThread "Execution worker Thread 4" [_thread_blocked, id=8340, stack(0x0000002655200000,0x0000002655300000)]
  0x0000016b3ff895d0 JavaThread "Execution worker Thread 5" [_thread_blocked, id=4584, stack(0x0000002655500000,0x0000002655600000)]
  0x0000016b3ff89b20 JavaThread "Execution worker Thread 6" [_thread_blocked, id=9104, stack(0x0000002655600000,0x0000002655700000)]
  0x0000016b3ff8a070 JavaThread "Execution worker Thread 7" [_thread_blocked, id=15628, stack(0x0000002655700000,0x0000002655800000)]
  0x0000016b3ff8a5c0 JavaThread "Cache worker for execution history cache (D:\sdk_flutter\flutter\packages\flutter_tools\gradle\.gradle\8.12\executionHistory)" [_thread_blocked, id=16836, stack(0x0000002655800000,0x0000002655900000)]
  0x0000016b3ff86b50 JavaThread "Unconstrained build operations Thread 15" [_thread_blocked, id=15764, stack(0x0000002655900000,0x0000002655a00000)]
  0x0000016b3ff8c050 JavaThread "Unconstrained build operations Thread 16" [_thread_blocked, id=13392, stack(0x0000002655a00000,0x0000002655b00000)]
  0x0000016b3ff8ab10 JavaThread "Unconstrained build operations Thread 17" [_thread_blocked, id=11624, stack(0x0000002655b00000,0x0000002655c00000)]
  0x0000016b3ff8b5b0 JavaThread "Unconstrained build operations Thread 18" [_thread_blocked, id=10092, stack(0x0000002655c00000,0x0000002655d00000)]
  0x0000016b3ff8bb00 JavaThread "Unconstrained build operations Thread 19" [_thread_blocked, id=16220, stack(0x0000002655d00000,0x0000002655e00000)]
  0x0000016b3ff8c5a0 JavaThread "Unconstrained build operations Thread 20" [_thread_blocked, id=15804, stack(0x0000002655e00000,0x0000002655f00000)]
  0x0000016b4f7e9af0 JavaThread "Unconstrained build operations Thread 21" [_thread_blocked, id=10524, stack(0x0000002655f00000,0x0000002656000000)]
  0x0000016b4f7ea040 JavaThread "Unconstrained build operations Thread 22" [_thread_blocked, id=14720, stack(0x0000002656000000,0x0000002656100000)]
  0x0000016b4f7e7b10 JavaThread "Unconstrained build operations Thread 23" [_thread_blocked, id=12708, stack(0x0000002656100000,0x0000002656200000)]
  0x0000016b4f7ea590 JavaThread "Unconstrained build operations Thread 24" [_thread_blocked, id=3816, stack(0x0000002656200000,0x0000002656300000)]
  0x0000016b4f7e7070 JavaThread "Unconstrained build operations Thread 25" [_thread_blocked, id=11940, stack(0x0000002656300000,0x0000002656400000)]
  0x0000016b4f7e75c0 JavaThread "Unconstrained build operations Thread 26" [_thread_blocked, id=17392, stack(0x0000002656400000,0x0000002656500000)]
  0x0000016b4f7eaae0 JavaThread "Unconstrained build operations Thread 27" [_thread_blocked, id=2476, stack(0x0000002656500000,0x0000002656600000)]
  0x0000016b4f7eb030 JavaThread "Unconstrained build operations Thread 28" [_thread_blocked, id=11336, stack(0x0000002656600000,0x0000002656700000)]
  0x0000016b4f7eb580 JavaThread "Unconstrained build operations Thread 29" [_thread_blocked, id=7012, stack(0x0000002656700000,0x0000002656800000)]
  0x0000016b4f7e8060 JavaThread "Unconstrained build operations Thread 30" [_thread_blocked, id=14112, stack(0x0000002656800000,0x0000002656900000)]
  0x0000016b4f7e8b00 JavaThread "Unconstrained build operations Thread 31" [_thread_blocked, id=13068, stack(0x0000002656900000,0x0000002656a00000)]
  0x0000016b4f7ecac0 JavaThread "Unconstrained build operations Thread 32" [_thread_blocked, id=12560, stack(0x0000002656a00000,0x0000002656b00000)]
  0x0000016b4f7e9050 JavaThread "Unconstrained build operations Thread 33" [_thread_blocked, id=11676, stack(0x0000002656b00000,0x0000002656c00000)]
  0x0000016b4f7ee550 JavaThread "Unconstrained build operations Thread 34" [_thread_blocked, id=14876, stack(0x0000002656c00000,0x0000002656d00000)]
  0x0000016b4f7ee000 JavaThread "Unconstrained build operations Thread 35" [_thread_blocked, id=10060, stack(0x0000002656d00000,0x0000002656e00000)]
  0x0000016b4f7edab0 JavaThread "Unconstrained build operations Thread 36" [_thread_blocked, id=11312, stack(0x0000002656e00000,0x0000002656f00000)]
  0x0000016b4f7ed010 JavaThread "Unconstrained build operations Thread 37" [_thread_blocked, id=6188, stack(0x0000002656f00000,0x0000002657000000)]
  0x0000016b4f7ed560 JavaThread "Unconstrained build operations Thread 38" [_thread_blocked, id=16908, stack(0x0000002657000000,0x0000002657100000)]
  0x0000016b4f7eeaa0 JavaThread "Unconstrained build operations Thread 39" [_thread_blocked, id=14060, stack(0x0000002657100000,0x0000002657200000)]
  0x0000016b3ca634d0 JavaThread "Unconstrained build operations Thread 40" [_thread_blocked, id=11716, stack(0x0000002657200000,0x0000002657300000)]
  0x0000016b3ca63f70 JavaThread "Unconstrained build operations Thread 41" [_thread_blocked, id=12968, stack(0x0000002657300000,0x0000002657400000)]
  0x0000016b3ca60500 JavaThread "Unconstrained build operations Thread 42" [_thread_blocked, id=11692, stack(0x0000002657400000,0x0000002657500000)]
  0x0000016b3ca644c0 JavaThread "Unconstrained build operations Thread 43" [_thread_blocked, id=16936, stack(0x0000002657500000,0x0000002657600000)]
  0x0000016b3ca61f90 JavaThread "Unconstrained build operations Thread 44" [_thread_blocked, id=8660, stack(0x0000002657600000,0x0000002657700000)]
  0x0000016b3ca60a50 JavaThread "build event listener" [_thread_blocked, id=13692, stack(0x0000002657700000,0x0000002657800000)]
  0x0000016b4125eb90 JavaThread "C2 CompilerThread1" daemon [_thread_blocked, id=3012, stack(0x0000002652d00000,0x0000002652e00000)]

Other Threads:
  0x0000016af2fead90 VMThread "VM Thread" [stack: 0x0000002650900000,0x0000002650a00000] [id=12212]
  0x0000016b3ae6e510 WatcherThread "VM Periodic Task Thread" [stack: 0x0000002651400000,0x0000002651500000] [id=7420]
  0x0000016adf895b50 WorkerThread "GC Thread#0" [stack: 0x0000002650400000,0x0000002650500000] [id=3060]
  0x0000016b3aef6810 WorkerThread "GC Thread#1" [stack: 0x0000002651600000,0x0000002651700000] [id=10952]
  0x0000016b3b0d04b0 WorkerThread "GC Thread#2" [stack: 0x0000002651700000,0x0000002651800000] [id=9656]
  0x0000016b3b8f4ec0 WorkerThread "GC Thread#3" [stack: 0x0000002651800000,0x0000002651900000] [id=6860]
  0x0000016b3b8f4920 WorkerThread "GC Thread#4" [stack: 0x0000002651900000,0x0000002651a00000] [id=6480]
=>0x0000016b3e14fe90 WorkerThread "GC Thread#5" [stack: 0x0000002652800000,0x0000002652900000] [id=3212]
  0x0000016b3e152050 WorkerThread "GC Thread#6" [stack: 0x0000002652900000,0x0000002652a00000] [id=2560]
  0x0000016b3e150160 WorkerThread "GC Thread#7" [stack: 0x0000002652a00000,0x0000002652b00000] [id=16124]
  0x0000016adf89e960 ConcurrentGCThread "G1 Main Marker" [stack: 0x0000002650500000,0x0000002650600000] [id=6896]
  0x0000016af2e18480 WorkerThread "G1 Conc#0" [stack: 0x0000002650600000,0x0000002650700000] [id=16468]
  0x0000016b3e1525f0 WorkerThread "G1 Conc#1" [stack: 0x0000002652b00000,0x0000002652c00000] [id=9112]
  0x0000016af2ea3c60 ConcurrentGCThread "G1 Refine#0" [stack: 0x0000002650700000,0x0000002650800000] [id=15148]
  0x0000016af2ea4610 ConcurrentGCThread "G1 Service" [stack: 0x0000002650800000,0x0000002650900000] [id=11752]

Threads with active compile tasks:
C2 CompilerThread0    45701 20395       4       org.jetbrains.org.objectweb.asm.ClassReader::accept (1380 bytes)
C2 CompilerThread1    45701 20561       4       org.jetbrains.kotlin.metadata.ProtoBuf$Type::writeTo (354 bytes)

VM state: at safepoint (normal execution)

VM Mutex/Monitor currently owned by a thread:  ([mutex/lock_event])
[0x0000016add4756a0] FreeList_lock - owner thread: 0x0000016b3e14fe90
[0x0000016adf7e0560] Threads_lock - owner thread: 0x0000016af2fead90
[0x0000016adf7e23c0] Heap_lock - owner thread: 0x0000016b3c5e5b10

Heap address: 0x0000000600000000, size: 8192 MB, Compressed Oops mode: Zero based, Oop shift amount: 3

CDS archive(s) mapped at: [0x0000016af5c00000-0x0000016af6860000-0x0000016af6860000), size 12976128, SharedBaseAddress: 0x0000016af5c00000, ArchiveRelocationMode: 1.
Compressed class space mapped at: 0x0000016af6c00000-0x0000016b36c00000, reserved size: 1073741824
Narrow klass base: 0x0000016af5c00000, Narrow klass shift: 0, Narrow klass range: 0x100000000

GC Precious Log:
 CardTable entry size: 512
 Card Set container configuration: InlinePtr #cards 4 size 8 Array Of Cards #cards 32 size 80 Howl #buckets 8 coarsen threshold 7372 Howl Bitmap #cards 1024 size 144 coarsen threshold 921 Card regions per heap region 1 cards per card region 8192
 CPUs: 8 total, 8 available
 Memory: 7886M
 Large Page Support: Disabled
 NUMA Support: Disabled
 Compressed Oops: Enabled (Zero based)
 Heap Region Size: 4M
 Heap Min Capacity: 8M
 Heap Initial Capacity: 124M
 Heap Max Capacity: 8G
 Pre-touch: Disabled
 Parallel Workers: 8
 Concurrent Workers: 2
 Concurrent Refinement Workers: 8
 Periodic GC: Disabled

Heap:
 garbage-first heap   total 417792K, used 376237K [0x0000000600000000, 0x0000000800000000)
  region size 4096K, 43 young (176128K), 6 survivors (24576K)
 Metaspace       used 179654K, committed 182784K, reserved 1245184K
  class space    used 23661K, committed 25216K, reserved 1048576K

Heap Regions: E=young(eden), S=young(survivor), O=old, HS=humongous(starts), HC=humongous(continues), CS=collection set, F=free, OA=open archive, CA=closed archive, TAMS=top-at-mark-start, PB=parsable bottom
|   0|0x0000000600000000, 0x0000000600400000, 0x0000000600400000|100%|HS|  |TAMS 0x0000000600000000| PB 0x0000000600000000| Complete 
|   1|0x0000000600400000, 0x0000000600800000, 0x0000000600800000|100%| O|  |TAMS 0x0000000600400000| PB 0x0000000600400000| Untracked 
|   2|0x0000000600800000, 0x0000000600c00000, 0x0000000600c00000|100%| O|  |TAMS 0x0000000600800000| PB 0x0000000600800000| Untracked 
|   3|0x0000000600c00000, 0x0000000601000000, 0x0000000601000000|100%| O|  |TAMS 0x0000000600c00000| PB 0x0000000600c00000| Untracked 
|   4|0x0000000601000000, 0x0000000601400000, 0x0000000601400000|100%| O|  |TAMS 0x0000000601000000| PB 0x0000000601000000| Untracked 
|   5|0x0000000601400000, 0x0000000601800000, 0x0000000601800000|100%| O|  |TAMS 0x0000000601400000| PB 0x0000000601400000| Untracked 
|   6|0x0000000601800000, 0x0000000601c00000, 0x0000000601c00000|100%|HS|  |TAMS 0x0000000601800000| PB 0x0000000601800000| Complete 
|   7|0x0000000601c00000, 0x0000000602000000, 0x0000000602000000|100%| O|  |TAMS 0x0000000601c00000| PB 0x0000000601c00000| Untracked 
|   8|0x0000000602000000, 0x0000000602400000, 0x0000000602400000|100%| O|  |TAMS 0x0000000602000000| PB 0x0000000602000000| Untracked 
|   9|0x0000000602400000, 0x0000000602800000, 0x0000000602800000|100%|HS|  |TAMS 0x0000000602400000| PB 0x0000000602400000| Complete 
|  10|0x0000000602800000, 0x0000000602c00000, 0x0000000602c00000|100%| O|  |TAMS 0x0000000602800000| PB 0x0000000602800000| Untracked 
|  11|0x0000000602c00000, 0x0000000603000000, 0x0000000603000000|100%| O|  |TAMS 0x0000000602c00000| PB 0x0000000602c00000| Untracked 
|  12|0x0000000603000000, 0x0000000603400000, 0x0000000603400000|100%| O|  |TAMS 0x0000000603000000| PB 0x0000000603000000| Untracked 
|  13|0x0000000603400000, 0x0000000603800000, 0x0000000603800000|100%| O|  |TAMS 0x0000000603400000| PB 0x0000000603400000| Untracked 
|  14|0x0000000603800000, 0x0000000603c00000, 0x0000000603c00000|100%| O|  |TAMS 0x0000000603800000| PB 0x0000000603800000| Untracked 
|  15|0x0000000603c00000, 0x0000000604000000, 0x0000000604000000|100%| O|  |TAMS 0x0000000603c00000| PB 0x0000000603c00000| Untracked 
|  16|0x0000000604000000, 0x0000000604400000, 0x0000000604400000|100%| O|  |TAMS 0x0000000604000000| PB 0x0000000604000000| Untracked 
|  17|0x0000000604400000, 0x0000000604800000, 0x0000000604800000|100%| O|  |TAMS 0x0000000604400000| PB 0x0000000604400000| Untracked 
|  18|0x0000000604800000, 0x0000000604c00000, 0x0000000604c00000|100%| O|  |TAMS 0x0000000604800000| PB 0x0000000604800000| Untracked 
|  19|0x0000000604c00000, 0x0000000605000000, 0x0000000605000000|100%| O|  |TAMS 0x0000000604c00000| PB 0x0000000604c00000| Untracked 
|  20|0x0000000605000000, 0x0000000605400000, 0x0000000605400000|100%| O|  |TAMS 0x0000000605000000| PB 0x0000000605000000| Untracked 
|  21|0x0000000605400000, 0x0000000605800000, 0x0000000605800000|100%| O|  |TAMS 0x0000000605400000| PB 0x0000000605400000| Untracked 
|  22|0x0000000605800000, 0x0000000605c00000, 0x0000000605c00000|100%| O|  |TAMS 0x0000000605800000| PB 0x0000000605800000| Untracked 
|  23|0x0000000605c00000, 0x0000000606000000, 0x0000000606000000|100%| O|  |TAMS 0x0000000605c00000| PB 0x0000000605c00000| Untracked 
|  24|0x0000000606000000, 0x0000000606400000, 0x0000000606400000|100%| O|  |TAMS 0x0000000606000000| PB 0x0000000606000000| Untracked 
|  25|0x0000000606400000, 0x0000000606800000, 0x0000000606800000|100%| O|  |TAMS 0x0000000606400000| PB 0x0000000606400000| Untracked 
|  26|0x0000000606800000, 0x0000000606c00000, 0x0000000606c00000|100%| O|  |TAMS 0x0000000606800000| PB 0x0000000606800000| Untracked 
|  27|0x0000000606c00000, 0x0000000607000000, 0x0000000607000000|100%| O|  |TAMS 0x0000000606c00000| PB 0x0000000606c00000| Untracked 
|  28|0x0000000607000000, 0x0000000607400000, 0x0000000607400000|100%| O|  |TAMS 0x0000000607000000| PB 0x0000000607000000| Untracked 
|  29|0x0000000607400000, 0x0000000607800000, 0x0000000607800000|100%| O|  |TAMS 0x0000000607400000| PB 0x0000000607400000| Untracked 
|  30|0x0000000607800000, 0x0000000607c00000, 0x0000000607c00000|100%| O|  |TAMS 0x0000000607800000| PB 0x0000000607800000| Untracked 
|  31|0x0000000607c00000, 0x0000000608000000, 0x0000000608000000|100%| O|  |TAMS 0x0000000607c00000| PB 0x0000000607c00000| Untracked 
|  32|0x0000000608000000, 0x0000000608400000, 0x0000000608400000|100%| O|  |TAMS 0x0000000608000000| PB 0x0000000608000000| Untracked 
|  33|0x0000000608400000, 0x0000000608800000, 0x0000000608800000|100%| O|  |TAMS 0x0000000608400000| PB 0x0000000608400000| Untracked 
|  34|0x0000000608800000, 0x0000000608c00000, 0x0000000608c00000|100%| O|  |TAMS 0x0000000608800000| PB 0x0000000608800000| Untracked 
|  35|0x0000000608c00000, 0x0000000609000000, 0x0000000609000000|100%| O|  |TAMS 0x0000000608c00000| PB 0x0000000608c00000| Untracked 
|  36|0x0000000609000000, 0x0000000609400000, 0x0000000609400000|100%| O|  |TAMS 0x0000000609000000| PB 0x0000000609000000| Untracked 
|  37|0x0000000609400000, 0x0000000609800000, 0x0000000609800000|100%| O|  |TAMS 0x0000000609400000| PB 0x0000000609400000| Untracked 
|  38|0x0000000609800000, 0x0000000609c00000, 0x0000000609c00000|100%| O|  |TAMS 0x0000000609800000| PB 0x0000000609800000| Untracked 
|  39|0x0000000609c00000, 0x000000060a000000, 0x000000060a000000|100%| O|  |TAMS 0x0000000609c00000| PB 0x0000000609c00000| Untracked 
|  40|0x000000060a000000, 0x000000060a400000, 0x000000060a400000|100%| O|  |TAMS 0x000000060a000000| PB 0x000000060a000000| Untracked 
|  41|0x000000060a400000, 0x000000060a800000, 0x000000060a800000|100%| O|  |TAMS 0x000000060a400000| PB 0x000000060a400000| Untracked 
|  42|0x000000060a800000, 0x000000060ac00000, 0x000000060ac00000|100%| O|  |TAMS 0x000000060a800000| PB 0x000000060a800000| Untracked 
|  43|0x000000060ac00000, 0x000000060b000000, 0x000000060b000000|100%| O|  |TAMS 0x000000060ac00000| PB 0x000000060ac00000| Untracked 
|  44|0x000000060b000000, 0x000000060b400000, 0x000000060b400000|100%|HS|  |TAMS 0x000000060b000000| PB 0x000000060b000000| Complete 
|  45|0x000000060b400000, 0x000000060b800000, 0x000000060b800000|100%|HC|  |TAMS 0x000000060b400000| PB 0x000000060b400000| Complete 
|  46|0x000000060b800000, 0x000000060bc00000, 0x000000060bc00000|100%|HS|  |TAMS 0x000000060b800000| PB 0x000000060b800000| Complete 
|  47|0x000000060bc00000, 0x000000060c000000, 0x000000060c000000|100%|HC|  |TAMS 0x000000060bc00000| PB 0x000000060bc00000| Complete 
|  48|0x000000060c000000, 0x000000060c277a90, 0x000000060c400000| 61%| E|CS|TAMS 0x000000060c000000| PB 0x000000060c000000| Complete 
|  49|0x000000060c400000, 0x000000060c800000, 0x000000060c800000|100%| E|CS|TAMS 0x000000060c400000| PB 0x000000060c400000| Complete 
|  50|0x000000060c800000, 0x000000060cc00000, 0x000000060cc00000|100%| E|CS|TAMS 0x000000060c800000| PB 0x000000060c800000| Complete 
|  51|0x000000060cc00000, 0x000000060d000000, 0x000000060d000000|100%|HS|  |TAMS 0x000000060cc00000| PB 0x000000060cc00000| Complete 
|  52|0x000000060d000000, 0x000000060d400000, 0x000000060d400000|100%|HC|  |TAMS 0x000000060d000000| PB 0x000000060d000000| Complete 
|  53|0x000000060d400000, 0x000000060d800000, 0x000000060d800000|100%| O|  |TAMS 0x000000060d400000| PB 0x000000060d400000| Untracked 
|  54|0x000000060d800000, 0x000000060dc00000, 0x000000060dc00000|100%| O|  |TAMS 0x000000060d800000| PB 0x000000060d800000| Untracked 
|  55|0x000000060dc00000, 0x000000060e000000, 0x000000060e000000|100%| S|  |TAMS 0x000000060dc00000| PB 0x000000060dc00000| Complete 
|  56|0x000000060e000000, 0x000000060e400000, 0x000000060e400000|100%| S|  |TAMS 0x000000060e000000| PB 0x000000060e000000| Complete 
|  57|0x000000060e400000, 0x000000060e800000, 0x000000060e800000|100%| E|CS|TAMS 0x000000060e400000| PB 0x000000060e400000| Complete 
|  58|0x000000060e800000, 0x000000060ec00000, 0x000000060ec00000|100%| E|CS|TAMS 0x000000060e800000| PB 0x000000060e800000| Complete 
|  59|0x000000060ec00000, 0x000000060f000000, 0x000000060f000000|100%| S|  |TAMS 0x000000060ec00000| PB 0x000000060ec00000| Complete 
|  60|0x000000060f000000, 0x000000060f400000, 0x000000060f400000|100%| E|CS|TAMS 0x000000060f000000| PB 0x000000060f000000| Complete 
|  61|0x000000060f400000, 0x000000060f800000, 0x000000060f800000|100%| E|CS|TAMS 0x000000060f400000| PB 0x000000060f400000| Complete 
|  62|0x000000060f800000, 0x000000060fc00000, 0x000000060fc00000|100%| E|CS|TAMS 0x000000060f800000| PB 0x000000060f800000| Complete 
|  63|0x000000060fc00000, 0x0000000610000000, 0x0000000610000000|100%| E|CS|TAMS 0x000000060fc00000| PB 0x000000060fc00000| Complete 
|  64|0x0000000610000000, 0x0000000610400000, 0x0000000610400000|100%| E|CS|TAMS 0x0000000610000000| PB 0x0000000610000000| Complete 
|  65|0x0000000610400000, 0x0000000610800000, 0x0000000610800000|100%| E|CS|TAMS 0x0000000610400000| PB 0x0000000610400000| Complete 
|  66|0x0000000610800000, 0x0000000610c00000, 0x0000000610c00000|100%| E|CS|TAMS 0x0000000610800000| PB 0x0000000610800000| Complete 
|  67|0x0000000610c00000, 0x0000000611000000, 0x0000000611000000|100%| E|CS|TAMS 0x0000000610c00000| PB 0x0000000610c00000| Complete 
|  68|0x0000000611000000, 0x0000000611400000, 0x0000000611400000|100%| E|CS|TAMS 0x0000000611000000| PB 0x0000000611000000| Complete 
|  69|0x0000000611400000, 0x0000000611800000, 0x0000000611800000|100%| E|CS|TAMS 0x0000000611400000| PB 0x0000000611400000| Complete 
|  70|0x0000000611800000, 0x0000000611c00000, 0x0000000611c00000|100%| E|CS|TAMS 0x0000000611800000| PB 0x0000000611800000| Complete 
|  71|0x0000000611c00000, 0x0000000612000000, 0x0000000612000000|100%| E|CS|TAMS 0x0000000611c00000| PB 0x0000000611c00000| Complete 
|  72|0x0000000612000000, 0x0000000612400000, 0x0000000612400000|100%| E|CS|TAMS 0x0000000612000000| PB 0x0000000612000000| Complete 
|  73|0x0000000612400000, 0x0000000612800000, 0x0000000612800000|100%| E|CS|TAMS 0x0000000612400000| PB 0x0000000612400000| Complete 
|  74|0x0000000612800000, 0x0000000612c00000, 0x0000000612c00000|100%| E|CS|TAMS 0x0000000612800000| PB 0x0000000612800000| Complete 
|  75|0x0000000612c00000, 0x0000000613000000, 0x0000000613000000|100%| E|CS|TAMS 0x0000000612c00000| PB 0x0000000612c00000| Complete 
|  76|0x0000000613000000, 0x0000000613400000, 0x0000000613400000|100%| E|CS|TAMS 0x0000000613000000| PB 0x0000000613000000| Complete 
|  77|0x0000000613400000, 0x0000000613800000, 0x0000000613800000|100%| E|CS|TAMS 0x0000000613400000| PB 0x0000000613400000| Complete 
|  78|0x0000000613800000, 0x0000000613c00000, 0x0000000613c00000|100%| E|CS|TAMS 0x0000000613800000| PB 0x0000000613800000| Complete 
|  79|0x0000000613c00000, 0x0000000614000000, 0x0000000614000000|100%| E|CS|TAMS 0x0000000613c00000| PB 0x0000000613c00000| Complete 
|  80|0x0000000614000000, 0x0000000614400000, 0x0000000614400000|100%| E|CS|TAMS 0x0000000614000000| PB 0x0000000614000000| Complete 
|  81|0x0000000614400000, 0x0000000614800000, 0x0000000614800000|100%| E|CS|TAMS 0x0000000614400000| PB 0x0000000614400000| Complete 
|  82|0x0000000614800000, 0x0000000614c00000, 0x0000000614c00000|100%| E|CS|TAMS 0x0000000614800000| PB 0x0000000614800000| Complete 
|  83|0x0000000614c00000, 0x0000000615000000, 0x0000000615000000|100%| E|CS|TAMS 0x0000000614c00000| PB 0x0000000614c00000| Complete 
|  84|0x0000000615000000, 0x0000000615400000, 0x0000000615400000|100%| E|CS|TAMS 0x0000000615000000| PB 0x0000000615000000| Complete 
|  85|0x0000000615400000, 0x0000000615800000, 0x0000000615800000|100%| E|CS|TAMS 0x0000000615400000| PB 0x0000000615400000| Complete 
|  86|0x0000000615800000, 0x0000000615c00000, 0x0000000615c00000|100%| E|CS|TAMS 0x0000000615800000| PB 0x0000000615800000| Complete 
|  87|0x0000000615c00000, 0x0000000616000000, 0x0000000616000000|100%| E|CS|TAMS 0x0000000615c00000| PB 0x0000000615c00000| Complete 
|  88|0x0000000616000000, 0x0000000616400000, 0x0000000616400000|100%| E|CS|TAMS 0x0000000616000000| PB 0x0000000616000000| Complete 
|  89|0x0000000616400000, 0x0000000616800000, 0x0000000616800000|100%| E|CS|TAMS 0x0000000616400000| PB 0x0000000616400000| Complete 
|  90|0x0000000616800000, 0x0000000616c00000, 0x0000000616c00000|100%| E|CS|TAMS 0x0000000616800000| PB 0x0000000616800000| Complete 
|  91|0x0000000616c00000, 0x0000000617000000, 0x0000000617000000|100%| E|CS|TAMS 0x0000000616c00000| PB 0x0000000616c00000| Complete 
|  92|0x0000000617000000, 0x0000000617400000, 0x0000000617400000|100%| E|CS|TAMS 0x0000000617000000| PB 0x0000000617000000| Complete 
|  93|0x0000000617400000, 0x0000000617800000, 0x0000000617800000|100%| E|CS|TAMS 0x0000000617400000| PB 0x0000000617400000| Complete 
|  94|0x0000000617800000, 0x0000000617c00000, 0x0000000617c00000|100%| E|CS|TAMS 0x0000000617800000| PB 0x0000000617800000| Complete 
|  95|0x0000000617c00000, 0x0000000618000000, 0x0000000618000000|100%| E|CS|TAMS 0x0000000617c00000| PB 0x0000000617c00000| Complete 
|  96|0x0000000618000000, 0x0000000618400000, 0x0000000618400000|100%| E|CS|TAMS 0x0000000618000000| PB 0x0000000618000000| Complete 
|  97|0x0000000618400000, 0x0000000618800000, 0x0000000618800000|100%| S|  |TAMS 0x0000000618400000| PB 0x0000000618400000| Complete 
|  98|0x0000000618800000, 0x0000000618c00000, 0x0000000618c00000|100%| S|  |TAMS 0x0000000618800000| PB 0x0000000618800000| Complete 
|  99|0x0000000618c00000, 0x0000000619000000, 0x0000000619000000|100%| S|  |TAMS 0x0000000618c00000| PB 0x0000000618c00000| Complete 
|2046|0x00000007ff800000, 0x00000007ffc00000, 0x00000007ffc00000|100%| O|  |TAMS 0x00000007ff800000| PB 0x00000007ff800000| Untracked 
|2047|0x00000007ffc00000, 0x0000000800000000, 0x0000000800000000|100%| O|  |TAMS 0x00000007ffc00000| PB 0x00000007ffc00000| Complete 

Card table byte_map: [0x0000016ae8e10000,0x0000016ae9e10000] _byte_map_base: 0x0000016ae5e10000

Marking Bits: (CMBitMap*) 0x0000016adf896090
 Bits: [0x0000016aeae10000, 0x0000016af2e10000)

Polling page: 0x0000016add6e0000

Metaspace:

Usage:
  Non-class:    152.34 MB used.
      Class:     23.11 MB used.
       Both:    175.44 MB used.

Virtual space:
  Non-class space:      192.00 MB reserved,     153.88 MB ( 80%) committed,  3 nodes.
      Class space:        1.00 GB reserved,      24.62 MB (  2%) committed,  1 nodes.
             Both:        1.19 GB reserved,     178.50 MB ( 15%) committed. 

Chunk freelists:
   Non-Class:  2.17 MB
       Class:  3.31 MB
        Both:  5.48 MB

MaxMetaspaceSize: 4.00 GB
CompressedClassSpaceSize: 1.00 GB
Initial GC threshold: 21.00 MB
Current GC threshold: 297.31 MB
CDS: on
MetaspaceReclaimPolicy: balanced
 - commit_granule_bytes: 65536.
 - commit_granule_words: 8192.
 - virtual_space_node_default_size: 8388608.
 - enlarge_chunks_in_place: 1.
 - new_chunks_are_fully_committed: 0.
 - uncommit_free_chunks: 1.
 - use_allocation_guard: 0.


Internal statistics:

num_allocs_failed_limit: 12.
num_arena_births: 5518.
num_arena_deaths: 0.
num_vsnodes_births: 4.
num_vsnodes_deaths: 0.
num_space_committed: 2854.
num_space_uncommitted: 0.
num_chunks_returned_to_freelist: 12.
num_chunks_taken_from_freelist: 13198.
num_chunk_merges: 6.
num_chunk_splits: 9099.
num_chunks_enlarged: 6263.
num_inconsistent_stats: 0.

CodeHeap 'non-profiled nmethods': size=259264Kb used=11937Kb max_used=12204Kb free=247327Kb
 bounds [0x0000016a902d0000, 0x0000016a90ec0000, 0x0000016aa0000000]
CodeHeap 'profiled nmethods': size=259264Kb used=37353Kb max_used=37454Kb free=221910Kb
 bounds [0x0000016a80000000, 0x0000016a824a0000, 0x0000016a8fd30000]
CodeHeap 'non-nmethods': size=5760Kb used=3649Kb max_used=3734Kb free=2110Kb
 bounds [0x0000016a8fd30000, 0x0000016a900f0000, 0x0000016a902d0000]
 total_blobs=19064 nmethods=17787 adapters=1185
 compilation: enabled
              stopped_count=0, restarted_count=0
 full_count=0

Compilation events (20 events):
Event: 45.491 Thread 0x0000016b4125eb90 20514       4       org.jetbrains.kotlin.cli.jvm.modules.CoreJrtVirtualFile::getName (13 bytes)
Event: 45.491 Thread 0x0000016b3ac040a0 nmethod 20551 0x0000016a812dc010 code [0x0000016a812dc6a0, 0x0000016a812e0830]
Event: 45.491 Thread 0x0000016b3ac040a0 20552       3       org.jetbrains.kotlin.load.java.lazy.descriptors.LazyJavaScope$$Lambda$2515/0x0000016af7e37410::<init> (10 bytes)
Event: 45.492 Thread 0x0000016b3ac040a0 nmethod 20552 0x0000016a80ecf890 code [0x0000016a80ecfa20, 0x0000016a80ecfbe0]
Event: 45.492 Thread 0x0000016b3ac040a0 20553       3       org.jetbrains.kotlin.load.java.lazy.descriptors.LazyJavaScope$$Lambda$2516/0x0000016af7e37ab8::<init> (10 bytes)
Event: 45.492 Thread 0x0000016b3ac040a0 nmethod 20553 0x0000016a8133e990 code [0x0000016a8133eb20, 0x0000016a8133ece0]
Event: 45.492 Thread 0x0000016b3ac040a0 20554       3       org.jetbrains.kotlin.load.java.lazy.descriptors.LazyJavaScope$$Lambda$2517/0x0000016af7e37cd0::<init> (10 bytes)
Event: 45.492 Thread 0x0000016b3ac040a0 nmethod 20554 0x0000016a81434b90 code [0x0000016a81434d20, 0x0000016a81434ee0]
Event: 45.492 Thread 0x0000016b4125eb90 nmethod 20514 0x0000016a9095d810 code [0x0000016a9095d9a0, 0x0000016a9095dab0]
Event: 45.492 Thread 0x0000016b4125eb90 20449       4       kotlin.text.StringsKt__StringsJVMKt::endsWith$default (15 bytes)
Event: 45.500 Thread 0x0000016b4125eb90 nmethod 20449 0x0000016a904d3d90 code [0x0000016a904d3f20, 0x0000016a904d4290]
Event: 45.500 Thread 0x0000016b4125eb90 20450       4       org.jetbrains.kotlin.protobuf.LiteralByteString::isValidUtf8 (20 bytes)
Event: 45.504 Thread 0x0000016b4125eb90 nmethod 20450 0x0000016a904d3910 code [0x0000016a904d3a80, 0x0000016a904d3c40]
Event: 45.505 Thread 0x0000016b4125eb90 20434       4       java.lang.AbstractStringBuilder::charAt (36 bytes)
Event: 45.508 Thread 0x0000016b4125eb90 nmethod 20434 0x0000016a90627290 code [0x0000016a90627400, 0x0000016a90627528]
Event: 45.508 Thread 0x0000016b4125eb90 20436       4       org.jetbrains.kotlin.metadata.ProtoBuf$QualifiedNameTable$QualifiedName$Kind::valueOf (42 bytes)
Event: 45.508 Thread 0x0000016b4125eb90 nmethod 20436 0x0000016a904d3610 code [0x0000016a904d3780, 0x0000016a904d3800]
Event: 45.520 Thread 0x0000016b4125eb90 20555       4       org.jetbrains.kotlin.metadata.ProtoBuf$Type$Argument::isInitialized (49 bytes)
Event: 45.568 Thread 0x0000016b4125eb90 nmethod 20555 0x0000016a90776010 code [0x0000016a90776320, 0x0000016a90777418]
Event: 45.568 Thread 0x0000016b4125eb90 20561       4       org.jetbrains.kotlin.metadata.ProtoBuf$Type::writeTo (354 bytes)

GC Heap History (20 events):
Event: 28.548 GC heap after
{Heap after GC invocations=37 (full 0):
 garbage-first heap   total 262144K, used 138076K [0x0000000600000000, 0x0000000800000000)
  region size 4096K, 2 young (8192K), 2 survivors (8192K)
 Metaspace       used 111535K, committed 114048K, reserved 1179648K
  class space    used 15668K, committed 16896K, reserved 1048576K
}
Event: 29.495 GC heap before
{Heap before GC invocations=37 (full 0):
 garbage-first heap   total 262144K, used 232284K [0x0000000600000000, 0x0000000800000000)
  region size 4096K, 23 young (94208K), 2 survivors (8192K)
 Metaspace       used 119729K, committed 122176K, reserved 1179648K
  class space    used 16515K, committed 17728K, reserved 1048576K
}
Event: 29.505 GC heap after
{Heap after GC invocations=38 (full 0):
 garbage-first heap   total 262144K, used 155969K [0x0000000600000000, 0x0000000800000000)
  region size 4096K, 2 young (8192K), 2 survivors (8192K)
 Metaspace       used 119729K, committed 122176K, reserved 1179648K
  class space    used 16515K, committed 17728K, reserved 1048576K
}
Event: 30.214 GC heap before
{Heap before GC invocations=38 (full 0):
 garbage-first heap   total 262144K, used 225601K [0x0000000600000000, 0x0000000800000000)
  region size 4096K, 19 young (77824K), 2 survivors (8192K)
 Metaspace       used 127515K, committed 130304K, reserved 1179648K
  class space    used 17429K, committed 18816K, reserved 1048576K
}
Event: 30.222 GC heap after
{Heap after GC invocations=39 (full 0):
 garbage-first heap   total 262144K, used 161099K [0x0000000600000000, 0x0000000800000000)
  region size 4096K, 2 young (8192K), 2 survivors (8192K)
 Metaspace       used 127515K, committed 130304K, reserved 1179648K
  class space    used 17429K, committed 18816K, reserved 1048576K
}
Event: 30.965 GC heap before
{Heap before GC invocations=39 (full 0):
 garbage-first heap   total 262144K, used 226635K [0x0000000600000000, 0x0000000800000000)
  region size 4096K, 19 young (77824K), 2 survivors (8192K)
 Metaspace       used 133095K, committed 135936K, reserved 1179648K
  class space    used 18107K, committed 19520K, reserved 1048576K
}
Event: 30.971 GC heap after
{Heap after GC invocations=40 (full 0):
 garbage-first heap   total 262144K, used 165072K [0x0000000600000000, 0x0000000800000000)
  region size 4096K, 3 young (12288K), 3 survivors (12288K)
 Metaspace       used 133095K, committed 135936K, reserved 1179648K
  class space    used 18107K, committed 19520K, reserved 1048576K
}
Event: 31.662 GC heap before
{Heap before GC invocations=41 (full 0):
 garbage-first heap   total 315392K, used 222416K [0x0000000600000000, 0x0000000800000000)
  region size 4096K, 17 young (69632K), 3 survivors (12288K)
 Metaspace       used 133238K, committed 136064K, reserved 1179648K
  class space    used 18107K, committed 19520K, reserved 1048576K
}
Event: 31.673 GC heap after
{Heap after GC invocations=42 (full 0):
 garbage-first heap   total 315392K, used 170025K [0x0000000600000000, 0x0000000800000000)
  region size 4096K, 3 young (12288K), 3 survivors (12288K)
 Metaspace       used 133238K, committed 136064K, reserved 1179648K
  class space    used 18107K, committed 19520K, reserved 1048576K
}
Event: 33.218 GC heap before
{Heap before GC invocations=42 (full 0):
 garbage-first heap   total 315392K, used 272425K [0x0000000600000000, 0x0000000800000000)
  region size 4096K, 28 young (114688K), 3 survivors (12288K)
 Metaspace       used 143485K, committed 146304K, reserved 1179648K
  class space    used 19214K, committed 20608K, reserved 1048576K
}
Event: 33.230 GC heap after
{Heap after GC invocations=43 (full 0):
 garbage-first heap   total 401408K, used 178019K [0x0000000600000000, 0x0000000800000000)
  region size 4096K, 4 young (16384K), 4 survivors (16384K)
 Metaspace       used 143485K, committed 146304K, reserved 1179648K
  class space    used 19214K, committed 20608K, reserved 1048576K
}
Event: 35.320 GC heap before
{Heap before GC invocations=43 (full 0):
 garbage-first heap   total 401408K, used 329571K [0x0000000600000000, 0x0000000800000000)
  region size 4096K, 42 young (172032K), 4 survivors (16384K)
 Metaspace       used 160800K, committed 163712K, reserved 1245184K
  class space    used 21116K, committed 22592K, reserved 1048576K
}
Event: 35.331 GC heap after
{Heap after GC invocations=44 (full 0):
 garbage-first heap   total 401408K, used 180875K [0x0000000600000000, 0x0000000800000000)
  region size 4096K, 5 young (20480K), 5 survivors (20480K)
 Metaspace       used 160800K, committed 163712K, reserved 1245184K
  class space    used 21116K, committed 22592K, reserved 1048576K
}
Event: 37.729 GC heap before
{Heap before GC invocations=44 (full 0):
 garbage-first heap   total 401408K, used 348811K [0x0000000600000000, 0x0000000800000000)
  region size 4096K, 46 young (188416K), 5 survivors (20480K)
 Metaspace       used 169728K, committed 172736K, reserved 1245184K
  class space    used 22380K, committed 23872K, reserved 1048576K
}
Event: 37.745 GC heap after
{Heap after GC invocations=45 (full 0):
 garbage-first heap   total 401408K, used 181376K [0x0000000600000000, 0x0000000800000000)
  region size 4096K, 6 young (24576K), 6 survivors (24576K)
 Metaspace       used 169728K, committed 172736K, reserved 1245184K
  class space    used 22380K, committed 23872K, reserved 1048576K
}
Event: 39.982 GC heap before
{Heap before GC invocations=45 (full 0):
 garbage-first heap   total 401408K, used 345216K [0x0000000600000000, 0x0000000800000000)
  region size 4096K, 46 young (188416K), 6 survivors (24576K)
 Metaspace       used 178436K, committed 181504K, reserved 1245184K
  class space    used 23536K, committed 25088K, reserved 1048576K
}
Event: 40.003 GC heap after
{Heap after GC invocations=46 (full 0):
 garbage-first heap   total 401408K, used 193443K [0x0000000600000000, 0x0000000800000000)
  region size 4096K, 6 young (24576K), 6 survivors (24576K)
 Metaspace       used 178436K, committed 181504K, reserved 1245184K
  class space    used 23536K, committed 25088K, reserved 1048576K
}
Event: 42.984 GC heap before
{Heap before GC invocations=46 (full 0):
 garbage-first heap   total 401408K, used 349091K [0x0000000600000000, 0x0000000800000000)
  region size 4096K, 44 young (180224K), 6 survivors (24576K)
 Metaspace       used 179460K, committed 182528K, reserved 1245184K
  class space    used 23660K, committed 25216K, reserved 1048576K
}
Event: 43.010 GC heap after
{Heap after GC invocations=47 (full 0):
 garbage-first heap   total 401408K, used 200109K [0x0000000600000000, 0x0000000800000000)
  region size 4096K, 5 young (20480K), 5 survivors (20480K)
 Metaspace       used 179460K, committed 182528K, reserved 1245184K
  class space    used 23660K, committed 25216K, reserved 1048576K
}
Event: 45.569 GC heap before
{Heap before GC invocations=48 (full 0):
 garbage-first heap   total 401408K, used 376237K [0x0000000600000000, 0x0000000800000000)
  region size 4096K, 42 young (172032K), 5 survivors (20480K)
 Metaspace       used 179654K, committed 182784K, reserved 1245184K
  class space    used 23661K, committed 25216K, reserved 1048576K
}

Dll operation events (16 events):
Event: 0.012 Loaded shared library C:\Java\jdk-20\bin\java.dll
Event: 0.029 Loaded shared library C:\Java\jdk-20\bin\jsvml.dll
Event: 0.075 Loaded shared library C:\Java\jdk-20\bin\zip.dll
Event: 0.081 Loaded shared library C:\Java\jdk-20\bin\instrument.dll
Event: 0.088 Loaded shared library C:\Java\jdk-20\bin\net.dll
Event: 0.092 Loaded shared library C:\Java\jdk-20\bin\nio.dll
Event: 0.096 Loaded shared library C:\Java\jdk-20\bin\zip.dll
Event: 0.331 Loaded shared library C:\Java\jdk-20\bin\jimage.dll
Event: 0.486 Loaded shared library C:\Java\jdk-20\bin\verify.dll
Event: 0.655 Loaded shared library C:\Users\88018\.gradle\native\1def1411415f61bf3af743bc5b6707747c0891f09f0c88961ee8f79bc544acac\windows-amd64\native-platform.dll
Event: 0.672 Loaded shared library C:\Users\88018\.gradle\native\0.2.5\x86_64-windows-gnu\gradle-fileevents.dll
Event: 1.740 Loaded shared library C:\Java\jdk-20\bin\management.dll
Event: 1.747 Loaded shared library C:\Java\jdk-20\bin\management_ext.dll
Event: 2.014 Loaded shared library C:\Java\jdk-20\bin\extnet.dll
Event: 2.400 Loaded shared library C:\Java\jdk-20\bin\sunmscapi.dll
Event: 3.254 Loaded shared library C:\Users\88018\AppData\Local\Temp\native-platform8769647306342880799dir\gradle-fileevents.dll

Deoptimization events (20 events):
Event: 44.819 Thread 0x0000016b3c5e5b10 Uncommon trap: trap_request=0xffffffde fr.pc=0x0000016a90815490 relative=0x00000000000005b0
Event: 44.819 Thread 0x0000016b3c5e5b10 Uncommon trap: reason=class_check action=maybe_recompile pc=0x0000016a90815490 method=org.jetbrains.kotlin.metadata.ProtoBuf$TypeParameter.getSerializedSize()I @ 153 c2
Event: 44.819 Thread 0x0000016b3c5e5b10 DEOPT PACKING pc=0x0000016a90815490 sp=0x00000026520f2ef0
Event: 44.819 Thread 0x0000016b3c5e5b10 DEOPT UNPACKING pc=0x0000016a8fd4d2a2 sp=0x00000026520f2e88 mode 2
Event: 44.819 Thread 0x0000016b3c5e5b10 Uncommon trap: trap_request=0xffffffde fr.pc=0x0000016a90815490 relative=0x00000000000005b0
Event: 44.819 Thread 0x0000016b3c5e5b10 Uncommon trap: reason=class_check action=maybe_recompile pc=0x0000016a90815490 method=org.jetbrains.kotlin.metadata.ProtoBuf$TypeParameter.getSerializedSize()I @ 153 c2
Event: 44.819 Thread 0x0000016b3c5e5b10 DEOPT PACKING pc=0x0000016a90815490 sp=0x00000026520f2ef0
Event: 44.819 Thread 0x0000016b3c5e5b10 DEOPT UNPACKING pc=0x0000016a8fd4d2a2 sp=0x00000026520f2e88 mode 2
Event: 45.268 Thread 0x0000016b3c5e5b10 Uncommon trap: trap_request=0xffffffde fr.pc=0x0000016a90a6a2e0 relative=0x0000000000001460
Event: 45.268 Thread 0x0000016b3c5e5b10 Uncommon trap: reason=class_check action=maybe_recompile pc=0x0000016a90a6a2e0 method=org.jetbrains.org.objectweb.asm.ClassReader.readElementValue(Lorg/jetbrains/org/objectweb/asm/AnnotationVisitor;ILjava/lang/String;[C)I @ 536 c2
Event: 45.268 Thread 0x0000016b3c5e5b10 DEOPT PACKING pc=0x0000016a90a6a2e0 sp=0x00000026520f3270
Event: 45.268 Thread 0x0000016b3c5e5b10 DEOPT UNPACKING pc=0x0000016a8fd4d2a2 sp=0x00000026520f31e0 mode 2
Event: 45.297 Thread 0x0000016b3c5e5b10 Uncommon trap: trap_request=0xffffff45 fr.pc=0x0000016a90ae0748 relative=0x00000000000014c8
Event: 45.297 Thread 0x0000016b3c5e5b10 Uncommon trap: reason=unstable_if action=reinterpret pc=0x0000016a90ae0748 method=org.jetbrains.kotlin.name.FqNameUnsafe.child(Lorg/jetbrains/kotlin/name/Name;)Lorg/jetbrains/kotlin/name/FqNameUnsafe; @ 13 c2
Event: 45.297 Thread 0x0000016b3c5e5b10 DEOPT PACKING pc=0x0000016a90ae0748 sp=0x00000026520f2e00
Event: 45.297 Thread 0x0000016b3c5e5b10 DEOPT UNPACKING pc=0x0000016a8fd4d2a2 sp=0x00000026520f2c68 mode 2
Event: 45.359 Thread 0x0000016b3c5e5b10 DEOPT PACKING pc=0x0000016a81329810 sp=0x00000026520f11a0
Event: 45.359 Thread 0x0000016b3c5e5b10 DEOPT UNPACKING pc=0x0000016a8fd9e462 sp=0x00000026520f0690 mode 0
Event: 45.359 Thread 0x0000016b3c5e5b10 DEOPT PACKING pc=0x0000016a81329810 sp=0x00000026520f11a0
Event: 45.359 Thread 0x0000016b3c5e5b10 DEOPT UNPACKING pc=0x0000016a8fd9e462 sp=0x00000026520f0690 mode 0

Classes loaded (20 events):
Event: 39.914 Loading class sun/reflect/misc/MethodUtil$1
Event: 39.915 Loading class sun/reflect/misc/MethodUtil$1 done
Event: 39.931 Loading class java/util/regex/Pattern$1
Event: 39.932 Loading class java/util/regex/Pattern$1 done
Event: 40.034 Loading class java/util/concurrent/ConcurrentHashMap$EntrySpliterator
Event: 40.034 Loading class java/util/concurrent/ConcurrentHashMap$EntrySpliterator done
Event: 40.186 Loading class java/time/Instant$1
Event: 40.186 Loading class java/time/Instant$1 done
Event: 40.232 Loading class java/util/Locale$1
Event: 40.233 Loading class java/util/Locale$1 done
Event: 40.247 Loading class java/util/concurrent/CompletableFuture$AsyncRun
Event: 40.248 Loading class java/util/concurrent/CompletableFuture$AsyncRun done
Event: 41.090 Loading class jdk/internal/math/FormattedFloatingDecimal$Form
Event: 41.091 Loading class jdk/internal/math/FormattedFloatingDecimal$Form done
Event: 41.091 Loading class jdk/internal/math/FormattedFloatingDecimal
Event: 41.091 Loading class jdk/internal/math/FormattedFloatingDecimal done
Event: 41.092 Loading class jdk/internal/math/FormattedFloatingDecimal$1
Event: 41.092 Loading class jdk/internal/math/FormattedFloatingDecimal$1 done
Event: 41.092 Loading class jdk/internal/math/FormattedFloatingDecimal$2
Event: 41.092 Loading class jdk/internal/math/FormattedFloatingDecimal$2 done

Classes unloaded (0 events):
No events

Classes redefined (0 events):
No events

Internal exceptions (20 events):
Event: 41.324 Thread 0x0000016b3c5e5b10 Exception <a 'sun/nio/fs/WindowsException'{0x0000000616664368}> (0x0000000616664368) 
thrown [s\open\src\hotspot\share\prims\jni.cpp, line 519]
Event: 41.324 Thread 0x0000016b3c5e5b10 Exception <a 'sun/nio/fs/WindowsException'{0x0000000616666048}> (0x0000000616666048) 
thrown [s\open\src\hotspot\share\prims\jni.cpp, line 519]
Event: 41.325 Thread 0x0000016b3c5e5b10 Exception <a 'sun/nio/fs/WindowsException'{0x0000000616667d08}> (0x0000000616667d08) 
thrown [s\open\src\hotspot\share\prims\jni.cpp, line 519]
Event: 41.701 Thread 0x0000016b3c5e5b10 Implicit null exception at 0x0000016a90ce42cd to 0x0000016a90ce4380
Event: 41.976 Thread 0x0000016b3c5e5b10 Exception <a 'java/lang/ClassNotFoundException'{0x0000000613a54610}: GradleAnnotationProcessorPatchPluginBeanInfo> (0x0000000613a54610) 
thrown [s\open\src\hotspot\share\classfile\systemDictionary.cpp, line 305]
Event: 41.977 Thread 0x0000016b3c5e5b10 Exception <a 'java/lang/ClassNotFoundException'{0x0000000613a61f28}: GradleAnnotationProcessorPatchPluginCustomizer> (0x0000000613a61f28) 
thrown [s\open\src\hotspot\share\classfile\systemDictionary.cpp, line 305]
Event: 41.984 Thread 0x0000016b3c5e5b10 Exception <a 'java/lang/ClassNotFoundException'{0x0000000613a9f9a8}: GradleAnnotationProcessorPatchPlugin$AnnotationProcessorModelBuilderBeanInfo> (0x0000000613a9f9a8) 
thrown [s\open\src\hotspot\share\classfile\systemDictionary.cpp, line 305]
Event: 41.985 Thread 0x0000016b3c5e5b10 Exception <a 'java/lang/ClassNotFoundException'{0x0000000613aad4a0}: GradleAnnotationProcessorPatchPlugin$AnnotationProcessorModelBuilderCustomizer> (0x0000000613aad4a0) 
thrown [s\open\src\hotspot\share\classfile\systemDictionary.cpp, line 305]
Event: 41.999 Thread 0x0000016b3c5e5b10 Exception <a 'java/lang/ClassNotFoundException'{0x0000000613b375b0}: org/gradle/tooling/provider/model/internal/DefaultToolingModelBuilderRegistryBeanInfo> (0x0000000613b375b0) 
thrown [s\open\src\hotspot\share\classfile\systemDictionary.cpp, line 305]
Event: 42.002 Thread 0x0000016b3c5e5b10 Exception <a 'java/lang/ClassNotFoundException'{0x0000000613b50ab8}: org/gradle/tooling/provider/model/internal/DefaultToolingModelBuilderRegistryCustomizer> (0x0000000613b50ab8) 
thrown [s\open\src\hotspot\share\classfile\systemDictionary.cpp, line 305]
Event: 42.335 Thread 0x0000016b3ff885e0 Exception <a 'sun/nio/fs/WindowsException'{0x00000006129e4ab0}> (0x00000006129e4ab0) 
thrown [s\open\src\hotspot\share\prims\jni.cpp, line 519]
Event: 42.336 Thread 0x0000016b3ff885e0 Exception <a 'sun/nio/fs/WindowsException'{0x00000006129e6b80}> (0x00000006129e6b80) 
thrown [s\open\src\hotspot\share\prims\jni.cpp, line 519]
Event: 42.336 Thread 0x0000016b3ff885e0 Exception <a 'sun/nio/fs/WindowsException'{0x00000006129e8ba0}> (0x00000006129e8ba0) 
thrown [s\open\src\hotspot\share\prims\jni.cpp, line 519]
Event: 42.336 Thread 0x0000016b3ff885e0 Exception <a 'sun/nio/fs/WindowsException'{0x00000006129ea8b8}> (0x00000006129ea8b8) 
thrown [s\open\src\hotspot\share\prims\jni.cpp, line 519]
Event: 42.345 Thread 0x0000016b3ff885e0 Exception <a 'sun/nio/fs/WindowsException'{0x0000000612a00dc0}> (0x0000000612a00dc0) 
thrown [s\open\src\hotspot\share\prims\jni.cpp, line 519]
Event: 42.346 Thread 0x0000016b3ff885e0 Exception <a 'sun/nio/fs/WindowsException'{0x0000000612a02e78}> (0x0000000612a02e78) 
thrown [s\open\src\hotspot\share\prims\jni.cpp, line 519]
Event: 42.346 Thread 0x0000016b3ff885e0 Exception <a 'sun/nio/fs/WindowsException'{0x0000000612a04bb8}> (0x0000000612a04bb8) 
thrown [s\open\src\hotspot\share\prims\jni.cpp, line 519]
Event: 43.648 Thread 0x0000016b3c5e5b10 Exception <a 'sun/nio/fs/WindowsException'{0x0000000616d62140}> (0x0000000616d62140) 
thrown [s\open\src\hotspot\share\prims\jni.cpp, line 519]
Event: 43.649 Thread 0x0000016b3c5e5b10 Exception <a 'sun/nio/fs/WindowsException'{0x0000000616d64120}> (0x0000000616d64120) 
thrown [s\open\src\hotspot\share\prims\jni.cpp, line 519]
Event: 43.751 Thread 0x0000016b3c5e5b10 Implicit null exception at 0x0000016a904637b1 to 0x0000016a90463924

VM Operations (20 events):
Event: 41.064 Executing VM operation: Cleanup done
Event: 41.482 Executing VM operation: ICBufferFull
Event: 41.482 Executing VM operation: ICBufferFull done
Event: 41.653 Executing VM operation: ICBufferFull
Event: 41.654 Executing VM operation: ICBufferFull done
Event: 42.145 Executing VM operation: ICBufferFull
Event: 42.145 Executing VM operation: ICBufferFull done
Event: 42.663 Executing VM operation: ICBufferFull
Event: 42.664 Executing VM operation: ICBufferFull done
Event: 42.983 Executing VM operation: G1CollectForAllocation
Event: 43.017 Executing VM operation: G1CollectForAllocation done
Event: 43.266 Executing VM operation: G1PauseRemark
Event: 43.300 Executing VM operation: G1PauseRemark done
Event: 43.397 Executing VM operation: G1PauseCleanup
Event: 43.397 Executing VM operation: G1PauseCleanup done
Event: 44.402 Executing VM operation: Cleanup
Event: 44.468 Executing VM operation: Cleanup done
Event: 45.481 Executing VM operation: Cleanup
Event: 45.481 Executing VM operation: Cleanup done
Event: 45.569 Executing VM operation: G1CollectForAllocation

Events (20 events):
Event: 43.286 Thread 0x0000016af2fead90 flushing nmethod 0x0000016a90365910
Event: 43.286 Thread 0x0000016af2fead90 flushing nmethod 0x0000016a9035d010
Event: 43.286 Thread 0x0000016af2fead90 flushing nmethod 0x0000016a904d3610
Event: 43.286 Thread 0x0000016af2fead90 flushing nmethod 0x0000016a904c5a10
Event: 43.286 Thread 0x0000016af2fead90 flushing nmethod 0x0000016a9038b710
Event: 43.286 Thread 0x0000016af2fead90 flushing nmethod 0x0000016a903d8890
Event: 43.286 Thread 0x0000016af2fead90 flushing nmethod 0x0000016a903d6210
Event: 43.286 Thread 0x0000016af2fead90 flushing nmethod 0x0000016a9038a110
Event: 43.286 Thread 0x0000016af2fead90 flushing nmethod 0x0000016a90386610
Event: 43.286 Thread 0x0000016af2fead90 flushing nmethod 0x0000016a903cf590
Event: 43.286 Thread 0x0000016af2fead90 flushing nmethod 0x0000016a90394990
Event: 43.286 Thread 0x0000016af2fead90 flushing nmethod 0x0000016a9031e710
Event: 43.286 Thread 0x0000016af2fead90 flushing nmethod 0x0000016a9031d490
Event: 43.286 Thread 0x0000016af2fead90 flushing nmethod 0x0000016a9036a010
Event: 43.286 Thread 0x0000016af2fead90 flushing nmethod 0x0000016a90368b10
Event: 43.286 Thread 0x0000016af2fead90 flushing nmethod 0x0000016a90317a10
Event: 43.286 Thread 0x0000016af2fead90 flushing nmethod 0x0000016a90314a90
Event: 44.486 Thread 0x0000016b4125eb90 Thread exited: 0x0000016b4125eb90
Event: 44.486 Thread 0x0000016b4125d550 Thread exited: 0x0000016b4125d550
Event: 44.918 Thread 0x0000016b4125eb90 Thread added: 0x0000016b4125eb90


Dynamic libraries:
0x00007ff735650000 - 0x00007ff735660000 	C:\Java\jdk-20\bin\java.exe
0x00007ffd1de00000 - 0x00007ffd1e067000 	C:\WINDOWS\SYSTEM32\ntdll.dll
0x00007ffd1da00000 - 0x00007ffd1dac9000 	C:\WINDOWS\System32\KERNEL32.DLL
0x00007ffd1b360000 - 0x00007ffd1b74f000 	C:\WINDOWS\System32\KERNELBASE.dll
0x00007ffd1b1e0000 - 0x00007ffd1b32b000 	C:\WINDOWS\System32\ucrtbase.dll
0x00007ffd08350000 - 0x00007ffd08369000 	C:\Java\jdk-20\bin\jli.dll
0x00007ffcde0c0000 - 0x00007ffcde0db000 	C:\Java\jdk-20\bin\VCRUNTIME140.dll
0x00007ffd1bd40000 - 0x00007ffd1bdf4000 	C:\WINDOWS\System32\ADVAPI32.dll
0x00007ffd1dd10000 - 0x00007ffd1ddb9000 	C:\WINDOWS\System32\msvcrt.dll
0x00007ffd1d330000 - 0x00007ffd1d3d6000 	C:\WINDOWS\System32\sechost.dll
0x00007ffd1d8d0000 - 0x00007ffd1d9e8000 	C:\WINDOWS\System32\RPCRT4.dll
0x00007ffd1be00000 - 0x00007ffd1bfc5000 	C:\WINDOWS\System32\USER32.dll
0x00007ffd1b330000 - 0x00007ffd1b357000 	C:\WINDOWS\System32\win32u.dll
0x00007ffd1db60000 - 0x00007ffd1db8b000 	C:\WINDOWS\System32\GDI32.dll
0x00007ffd00330000 - 0x00007ffd005c3000 	C:\WINDOWS\WinSxS\amd64_microsoft.windows.common-controls_6595b64144ccf1df_6.0.26100.7309_none_3e05feeae336a044\COMCTL32.dll
0x00007ffd1b000000 - 0x00007ffd1b12c000 	C:\WINDOWS\System32\gdi32full.dll
0x00007ffd1b130000 - 0x00007ffd1b1d3000 	C:\WINDOWS\System32\msvcp_win.dll
0x00007ffd0fee0000 - 0x00007ffd0feeb000 	C:\WINDOWS\SYSTEM32\VERSION.dll
0x00007ffd1d890000 - 0x00007ffd1d8c1000 	C:\WINDOWS\System32\IMM32.DLL
0x00007ffd15830000 - 0x00007ffd1583c000 	C:\Java\jdk-20\bin\vcruntime140_1.dll
0x00007ffcdc600000 - 0x00007ffcdc68e000 	C:\Java\jdk-20\bin\msvcp140.dll
0x00007ffc6f180000 - 0x00007ffc6fe18000 	C:\Java\jdk-20\bin\server\jvm.dll
0x00007ffd0a400000 - 0x00007ffd0a40a000 	C:\WINDOWS\SYSTEM32\WSOCK32.dll
0x00007ffd032d0000 - 0x00007ffd03305000 	C:\WINDOWS\SYSTEM32\WINMM.dll
0x00007ffd1d250000 - 0x00007ffd1d2c4000 	C:\WINDOWS\System32\WS2_32.dll
0x00007ffd19d00000 - 0x00007ffd19d1b000 	C:\WINDOWS\SYSTEM32\kernel.appcore.dll
0x00007ffd15760000 - 0x00007ffd1576a000 	C:\Java\jdk-20\bin\jimage.dll
0x00007ffd18600000 - 0x00007ffd18842000 	C:\WINDOWS\SYSTEM32\DBGHELP.DLL
0x00007ffd1d3e0000 - 0x00007ffd1d765000 	C:\WINDOWS\System32\combase.dll
0x00007ffd1d170000 - 0x00007ffd1d246000 	C:\WINDOWS\System32\OLEAUT32.dll
0x00007ffcfa480000 - 0x00007ffcfa4bc000 	C:\WINDOWS\SYSTEM32\dbgcore.DLL
0x00007ffd1af50000 - 0x00007ffd1aff5000 	C:\WINDOWS\System32\bcryptPrimitives.dll
0x00007ffce6b90000 - 0x00007ffce6b9e000 	C:\Java\jdk-20\bin\instrument.dll
0x00007ffcda610000 - 0x00007ffcda636000 	C:\Java\jdk-20\bin\java.dll
0x00007ffcc5560000 - 0x00007ffcc5637000 	C:\Java\jdk-20\bin\jsvml.dll
0x00007ffd1c510000 - 0x00007ffd1cc63000 	C:\WINDOWS\System32\SHELL32.dll
0x00007ffd1b760000 - 0x00007ffd1b8ca000 	C:\WINDOWS\System32\wintypes.dll
0x00007ffd18b20000 - 0x00007ffd1937e000 	C:\WINDOWS\SYSTEM32\windows.storage.dll
0x00007ffd1db90000 - 0x00007ffd1dc85000 	C:\WINDOWS\System32\SHCORE.dll
0x00007ffd1cc70000 - 0x00007ffd1ccd6000 	C:\WINDOWS\System32\shlwapi.dll
0x00007ffd1ae70000 - 0x00007ffd1ae99000 	C:\WINDOWS\SYSTEM32\profapi.dll
0x00007ffcddeb0000 - 0x00007ffcddec8000 	C:\Java\jdk-20\bin\zip.dll
0x00007ffcd96f0000 - 0x00007ffcd9703000 	C:\Java\jdk-20\bin\net.dll
0x00007ffd0a9c0000 - 0x00007ffd0aae8000 	C:\WINDOWS\SYSTEM32\WINHTTP.dll
0x00007ffd1a270000 - 0x00007ffd1a2db000 	C:\WINDOWS\system32\mswsock.dll
0x00007ffcd5810000 - 0x00007ffcd5826000 	C:\Java\jdk-20\bin\nio.dll
0x00007ffce31c0000 - 0x00007ffce31d0000 	C:\Java\jdk-20\bin\verify.dll
0x00007ffce0660000 - 0x00007ffce0687000 	C:\Users\88018\.gradle\native\1def1411415f61bf3af743bc5b6707747c0891f09f0c88961ee8f79bc544acac\windows-amd64\native-platform.dll
0x000000006ed70000 - 0x000000006ede3000 	C:\Users\88018\.gradle\native\0.2.5\x86_64-windows-gnu\gradle-fileevents.dll
0x00007ffce2ba0000 - 0x00007ffce2baa000 	C:\Java\jdk-20\bin\management.dll
0x00007ffce28f0000 - 0x00007ffce28fb000 	C:\Java\jdk-20\bin\management_ext.dll
0x00007ffd1d9f0000 - 0x00007ffd1d9f8000 	C:\WINDOWS\System32\PSAPI.DLL
0x00007ffd1a530000 - 0x00007ffd1a54b000 	C:\WINDOWS\SYSTEM32\CRYPTSP.dll
0x00007ffd19c60000 - 0x00007ffd19c9a000 	C:\WINDOWS\system32\rsaenh.dll
0x00007ffd1a320000 - 0x00007ffd1a34b000 	C:\WINDOWS\SYSTEM32\USERENV.dll
0x00007ffd1ae40000 - 0x00007ffd1ae6a000 	C:\WINDOWS\SYSTEM32\bcrypt.dll
0x00007ffd1a550000 - 0x00007ffd1a55c000 	C:\WINDOWS\SYSTEM32\CRYPTBASE.dll
0x00007ffd19770000 - 0x00007ffd197a4000 	C:\WINDOWS\SYSTEM32\IPHLPAPI.DLL
0x00007ffd1bba0000 - 0x00007ffd1bbaa000 	C:\WINDOWS\System32\NSI.dll
0x00007ffd0fef0000 - 0x00007ffd0ff0e000 	C:\WINDOWS\SYSTEM32\dhcpcsvc6.DLL
0x00007ffd0fd20000 - 0x00007ffd0fd43000 	C:\WINDOWS\SYSTEM32\dhcpcsvc.DLL
0x00007ffd197b0000 - 0x00007ffd198dc000 	C:\WINDOWS\SYSTEM32\DNSAPI.dll
0x00007ffce2770000 - 0x00007ffce2777000 	C:\Java\jdk-20\bin\extnet.dll
0x00007ffce2230000 - 0x00007ffce223e000 	C:\Java\jdk-20\bin\sunmscapi.dll
0x00007ffd1b960000 - 0x00007ffd1bad7000 	C:\WINDOWS\System32\CRYPT32.dll
0x00007ffd1a750000 - 0x00007ffd1a780000 	C:\WINDOWS\SYSTEM32\ncrypt.dll
0x00007ffd1a700000 - 0x00007ffd1a73f000 	C:\WINDOWS\SYSTEM32\NTASN1.dll
0x00007ffcf5a50000 - 0x00007ffcf5a58000 	C:\WINDOWS\system32\wshunix.dll
0x000000006ecf0000 - 0x000000006ed63000 	C:\Users\88018\AppData\Local\Temp\native-platform8769647306342880799dir\gradle-fileevents.dll
0x00007ffd0ff20000 - 0x00007ffd0ff2b000 	C:\Windows\System32\rasadhlp.dll
0x00007ffd10050000 - 0x00007ffd100d6000 	C:\WINDOWS\System32\fwpuclnt.dll
0x00007ffcf9120000 - 0x00007ffcf9138000 	C:\WINDOWS\system32\napinsp.dll
0x00007ffcecca0000 - 0x00007ffceccb2000 	C:\WINDOWS\System32\winrnr.dll
0x00007ffceb150000 - 0x00007ffceb172000 	C:\WINDOWS\system32\nlansp_c.dll
0x00007ffd088a0000 - 0x00007ffd088b6000 	C:\WINDOWS\system32\wshbth.dll

dbghelp: loaded successfully - version: 4.0.5 - missing functions: none
symbol engine: initialized successfully - sym options: 0x614 - pdb path: .;C:\Java\jdk-20\bin;C:\WINDOWS\SYSTEM32;C:\WINDOWS\WinSxS\amd64_microsoft.windows.common-controls_6595b64144ccf1df_6.0.26100.7309_none_3e05feeae336a044;C:\Java\jdk-20\bin\server;C:\Users\88018\.gradle\native\1def1411415f61bf3af743bc5b6707747c0891f09f0c88961ee8f79bc544acac\windows-amd64;C:\Users\88018\.gradle\native\0.2.5\x86_64-windows-gnu;C:\Users\88018\AppData\Local\Temp\native-platform8769647306342880799dir

VM Arguments:
jvm_args: --add-opens=java.base/java.lang=ALL-UNNAMED --add-opens=java.base/java.lang.invoke=ALL-UNNAMED --add-opens=java.base/java.util=ALL-UNNAMED --add-opens=java.prefs/java.util.prefs=ALL-UNNAMED --add-exports=jdk.compiler/com.sun.tools.javac.api=ALL-UNNAMED --add-exports=jdk.compiler/com.sun.tools.javac.util=ALL-UNNAMED --add-opens=java.base/java.util=ALL-UNNAMED --add-opens=java.prefs/java.util.prefs=ALL-UNNAMED --add-opens=java.base/java.nio.charset=ALL-UNNAMED --add-opens=java.base/java.net=ALL-UNNAMED --add-opens=java.base/java.util.concurrent.atomic=ALL-UNNAMED --add-opens=java.xml/javax.xml.namespace=ALL-UNNAMED -XX:MaxMetaspaceSize=4G -XX:ReservedCodeCacheSize=512m -XX:+HeapDumpOnOutOfMemoryError -Xmx8G -Dfile.encoding=UTF-8 -Duser.country=US -Duser.language=en -Duser.variant -javaagent:C:\Users\88018\.gradle\wrapper\dists\gradle-8.12-all\ejduaidbjup3bmmkhw3rie4zb\gradle-8.12\lib\agents\gradle-instrumentation-agent-8.12.jar 
java_command: org.gradle.launcher.daemon.bootstrap.GradleDaemon 8.12
java_class_path (initial): C:\Users\88018\.gradle\wrapper\dists\gradle-8.12-all\ejduaidbjup3bmmkhw3rie4zb\gradle-8.12\lib\gradle-daemon-main-8.12.jar
Launcher Type: SUN_STANDARD

[Global flags]
     intx CICompilerCount                          = 4                                         {product} {ergonomic}
     uint ConcGCThreads                            = 2                                         {product} {ergonomic}
     uint G1ConcRefinementThreads                  = 8                                         {product} {ergonomic}
   size_t G1HeapRegionSize                         = 4194304                                   {product} {ergonomic}
    uintx GCDrainStackTargetSize                   = 64                                        {product} {ergonomic}
     bool HeapDumpOnOutOfMemoryError               = true                                   {manageable} {command line}
   size_t InitialHeapSize                          = 130023424                                 {product} {ergonomic}
   size_t MarkStackSize                            = 4194304                                   {product} {ergonomic}
   size_t MaxHeapSize                              = 8589934592                                {product} {command line}
   size_t MaxMetaspaceSize                         = 4294967296                                {product} {command line}
   size_t MaxNewSize                               = 5150605312                                {product} {ergonomic}
   size_t MinHeapDeltaBytes                        = 4194304                                   {product} {ergonomic}
   size_t MinHeapSize                              = 8388608                                   {product} {ergonomic}
    uintx NonNMethodCodeHeapSize                   = 5839372                                {pd product} {ergonomic}
    uintx NonProfiledCodeHeapSize                  = 265515770                              {pd product} {ergonomic}
    uintx ProfiledCodeHeapSize                     = 265515770                              {pd product} {ergonomic}
    uintx ReservedCodeCacheSize                    = 536870912                              {pd product} {command line}
     bool SegmentedCodeCache                       = true                                      {product} {ergonomic}
   size_t SoftMaxHeapSize                          = 8589934592                             {manageable} {ergonomic}
     bool UseCompressedClassPointers               = true                           {product lp64_product} {ergonomic}
     bool UseCompressedOops                        = true                           {product lp64_product} {ergonomic}
     bool UseG1GC                                  = true                                      {product} {ergonomic}
     bool UseLargePagesIndividualAllocation        = false                                  {pd product} {ergonomic}

Logging:
Log output configuration:
 #0: stdout all=warning uptime,level,tags foldmultilines=false
 #1: stderr all=off uptime,level,tags foldmultilines=false

Environment Variables:
PATH=C:\Program Files\Python312\Scripts\;C:\Program Files\Python312\;C:\Program Files\Common Files\Oracle\Java\javapath;C:\Program Files (x86)\Common Files\Oracle\Java\javapath;C:\Windows\system32;C:\Windows;C:\Windows\System32\Wbem;C:\Windows\System32\WindowsPowerShell\v1.0\;C:\Windows\System32\OpenSSH\;C:\Program Files (x86)\NVIDIA Corporation\PhysX\Common;C:\Program Files\NVIDIA Corporation\NVIDIA NvDLISR;C:\WINDOWS\system32;C:\WINDOWS;C:\WINDOWS\System32\Wbem;C:\WINDOWS\System32\WindowsPowerShell\v1.0\;C:\WINDOWS\System32\OpenSSH\;C:\Java\jdk-20\bin;C:\Program Files\nodejs\;C:\Program Files\MySQL\MySQL Server 8.0\bin;E:\runtime\win64;E:\bin;E:\mtlab\bin;C:\Program Files\Git\cmd;D:\flutter\flutter\bin;D:\sdk_flutter\flutter\bin;C:\Users\88018\AppData\Local\Programs\Microsoft VS Code\bin
USERNAME=88018
OS=Windows_NT
PROCESSOR_IDENTIFIER=Intel64 Family 6 Model 140 Stepping 1, GenuineIntel
TMP=C:\Users\88018\AppData\Local\Temp
TEMP=C:\Users\88018\AppData\Local\Temp




---------------  S Y S T E M  ---------------

OS:
 Windows 11 , 64 bit Build 26100 (10.0.26100.7309)
OS uptime: 0 days 22:43 hours
Hyper-V role detected

CPU: total 8 (initial active 8) (4 cores per cpu, 2 threads per core) family 6 model 140 stepping 1 microcode 0x86, cx8, cmov, fxsr, ht, mmx, 3dnowpref, sse, sse2, sse3, ssse3, sse4.1, sse4.2, popcnt, lzcnt, tsc, tscinvbit, avx, avx2, aes, erms, clmul, bmi1, bmi2, adx, avx512f, avx512dq, avx512cd, avx512bw, avx512vl, sha, fma, vzeroupper, avx512_vpopcntdq, avx512_vpclmulqdq, avx512_vaes, avx512_vnni, clflush, clflushopt, clwb, avx512_vbmi2, avx512_vbmi, hv, rdtscp, rdpid, fsrm, gfni, avx512_bitalg, f16c, cet_ibt, cet_ss, avx512_ifma

Memory: 4k page, system-wide physical 7886M (520M free)
TotalPageFile size 22459M (AvailPageFile size 43M)
current process WorkingSet (physical memory assigned to process): 789M, peak: 835M
current process commit charge ("private bytes"): 862M, peak: 899M

vm_info: Java HotSpot(TM) 64-Bit Server VM (20.0.2+9-78) for windows-amd64 JRE (20.0.2+9-78), built on 2023-06-14T10:08:48Z by "mach5one" with MS VC++ 17.1 (VS2022)

END.
