#
# There is insufficient memory for the Java Runtime Environment to continue.
# Native memory allocation (mmap) failed to map 65536 bytes. Error detail: Failed to commit metaspace.
# Possible reasons:
#   The system is out of physical RAM or swap space
#   This process is running with CompressedOops enabled, and the Java Heap may be blocking the growth of the native heap
# Possible solutions:
#   Reduce memory load on the system
#   Increase physical memory or swap space
#   Check if swap backing store is full
#   Decrease Java heap size (-Xmx/-Xms)
#   Decrease number of Java threads
#   Decrease Java thread stack sizes (-Xss)
#   Set larger code cache with -XX:ReservedCodeCacheSize=
#   JVM is running with Unscaled Compressed Oops mode in which the Java heap is
#     placed in the first 4GB address space. The Java Heap base address is the
#     maximum limit for the native heap growth. Please use -XX:HeapBaseMinAddress
#     to set the Java Heap base and to place the Java Heap above 4GB virtual address.
# This output file may be truncated or incomplete.
#
#  Out of Memory Error (virtualSpaceNode.cpp:113), pid=9416, tid=16828
#
# JRE version: OpenJDK Runtime Environment Temurin-21.0.9+10 (21.0.9+10) (build 21.0.9+10-LTS)
# Java VM: OpenJDK 64-Bit Server VM Temurin-21.0.9+10 (21.0.9+10-LTS, mixed mode, sharing, tiered, compressed oops, compressed class ptrs, parallel gc, windows-amd64)
# No core dump will be written. Minidumps are not enabled by default on client versions of Windows
#

---------------  S U M M A R Y ------------

Command Line: --add-modules=ALL-SYSTEM --add-opens=java.base/java.util=ALL-UNNAMED --add-opens=java.base/java.lang=ALL-UNNAMED --add-opens=java.base/sun.nio.fs=ALL-UNNAMED -Declipse.application=org.eclipse.jdt.ls.core.id1 -Dosgi.bundles.defaultStartLevel=4 -Declipse.product=org.eclipse.jdt.ls.core.product -Djava.import.generatesMetadataFilesAtProjectRoot=false -DDetectVMInstallationsJob.disabled=true -Dfile.encoding=utf8 -XX:+UseParallelGC -XX:GCTimeRatio=4 -XX:AdaptiveSizePolicyWeight=90 -Dsun.zip.disableMemoryMapping=true -Xmx2G -Xms100m -Xlog:disable -javaagent:c:\Users\88018\.vscode\extensions\redhat.java-1.50.0-win32-x64\lombok\lombok-1.18.39-4050.jar c:\Users\88018\.vscode\extensions\redhat.java-1.50.0-win32-x64\server\plugins\org.eclipse.equinox.launcher_1.7.100.v20251111-0406.jar -configuration c:\Users\88018\AppData\Roaming\Code\User\globalStorage\redhat.java\1.50.0\config_ss_win -data c:\Users\88018\AppData\Roaming\Code\User\workspaceStorage\d2e837351fd8ae200bb528c6219aa449\redhat.java\ss_ws --pipe=\\.\pipe\lsp-f3c57e2ae76c0bcda2d4ff6a022ef6e4-sock

Host: 11th Gen Intel(R) Core(TM) i5-1135G7 @ 2.40GHz, 8 cores, 7G,  Windows 11 , 64 bit Build 26100 (10.0.26100.7309)
Time: Tue Dec 23 21:49:01 2025 Bangladesh Standard Time elapsed time: 2.703731 seconds (0d 0h 0m 2s)

---------------  T H R E A D  ---------------

Current thread (0x000002b2dbd85940):  JavaThread "Start Level: Equinox Container: 082109ab-c2e5-4250-99ce-dc8f52dc3105" daemon [_thread_in_vm, id=16828, stack(0x000000b50b800000,0x000000b50b900000) (1024K)]

Stack: [0x000000b50b800000,0x000000b50b900000]
Native frames: (J=compiled Java code, j=interpreted, Vv=VM code, C=native code)
V  [jvm.dll+0x6d6e29]
V  [jvm.dll+0x8b4b76]
V  [jvm.dll+0x8b712e]
V  [jvm.dll+0x8b7813]
V  [jvm.dll+0x283d86]
V  [jvm.dll+0x8b08be]
V  [jvm.dll+0x678824]
V  [jvm.dll+0x1e80ab]
V  [jvm.dll+0x1e7e6e]
V  [jvm.dll+0x67b122]
V  [jvm.dll+0x67af52]
V  [jvm.dll+0x6791fe]
V  [jvm.dll+0x26f054]
V  [jvm.dll+0x219d5f]
V  [jvm.dll+0x20f44e]
V  [jvm.dll+0x5b5a0f]
V  [jvm.dll+0x82dee6]
V  [jvm.dll+0x478438]
V  [jvm.dll+0x47e268]
C  [java.dll+0x17ec]

Java frames: (J=compiled Java code, j=interpreted, Vv=VM code)
J 1114  java.lang.ClassLoader.defineClass1(Ljava/lang/ClassLoader;Ljava/lang/String;[BIILjava/security/ProtectionDomain;Ljava/lang/String;)Ljava/lang/Class; java.base@21.0.9 (0 bytes) @ 0x000002b28cca0991 [0x000002b28cca08c0+0x00000000000000d1]
J 1767 c1 java.lang.ClassLoader.defineClass(Ljava/lang/String;[BIILjava/security/ProtectionDomain;)Ljava/lang/Class; java.base@21.0.9 (43 bytes) @ 0x000002b28546bb7c [0x000002b28546b820+0x000000000000035c]
j  org.eclipse.osgi.internal.loader.ModuleClassLoader.defineClass(Ljava/lang/String;[BLorg/eclipse/osgi/internal/loader/classpath/ClasspathEntry;)Lorg/eclipse/osgi/internal/loader/ModuleClassLoader$DefineClassResult;+37
j  org.eclipse.osgi.internal.loader.classpath.ClasspathManager.defineClass(Ljava/lang/String;[BLorg/eclipse/osgi/internal/loader/classpath/ClasspathEntry;Lorg/eclipse/osgi/storage/bundlefile/BundleEntry;Ljava/util/List;)Ljava/lang/Class;+424
j  org.eclipse.osgi.internal.loader.classpath.ClasspathManager.findClassImpl(Ljava/lang/String;Lorg/eclipse/osgi/internal/loader/classpath/ClasspathEntry;Ljava/util/List;)Ljava/lang/Class;+288
J 1947 c1 org.eclipse.osgi.internal.loader.classpath.ClasspathManager.findLocalClassImpl(Ljava/lang/String;[Lorg/eclipse/osgi/internal/loader/classpath/ClasspathEntry;Ljava/util/List;)Ljava/lang/Class; (55 bytes) @ 0x000002b2854d3764 [0x000002b2854d35e0+0x0000000000000184]
J 1946 c1 org.eclipse.osgi.internal.loader.classpath.ClasspathManager.findLocalClassImpl(Ljava/lang/String;Ljava/util/List;)Ljava/lang/Class; (132 bytes) @ 0x000002b2854d2d14 [0x000002b2854d27e0+0x0000000000000534]
J 2065 c1 org.eclipse.osgi.internal.loader.classpath.ClasspathManager.findLocalClass(Ljava/lang/String;)Ljava/lang/Class; (210 bytes) @ 0x000002b28550ed24 [0x000002b28550e060+0x0000000000000cc4]
J 1935 c1 org.eclipse.osgi.internal.loader.BundleLoader.findLocalClass(Ljava/lang/String;)Ljava/lang/Class; (159 bytes) @ 0x000002b2854c6454 [0x000002b2854c5860+0x0000000000000bf4]
J 1884 c1 org.eclipse.osgi.internal.loader.BundleLoader.findClass0(Ljava/lang/String;ZZ)Ljava/lang/Class; (490 bytes) @ 0x000002b2854a5f6c [0x000002b2854a2de0+0x000000000000318c]
J 1837 c1 org.eclipse.osgi.internal.loader.BundleLoader.findClass(Ljava/lang/String;)Ljava/lang/Class; (8 bytes) @ 0x000002b28548c44c [0x000002b28548c3c0+0x000000000000008c]
J 1841 c1 org.eclipse.osgi.internal.loader.ModuleClassLoader.loadClass(Ljava/lang/String;Z)Ljava/lang/Class; (36 bytes) @ 0x000002b28548e34c [0x000002b28548e120+0x000000000000022c]
J 1006 c1 java.lang.ClassLoader.loadClass(Ljava/lang/String;)Ljava/lang/Class; java.base@21.0.9 (7 bytes) @ 0x000002b2852eda54 [0x000002b2852ed940+0x0000000000000114]
v  ~StubRoutines::call_stub 0x000002b28c6910e7
j  org.eclipse.core.internal.jobs.JobOSGiUtils.openServices()V+42
j  org.eclipse.core.internal.jobs.JobActivator.start(Lorg/osgi/framework/BundleContext;)V+7
j  org.eclipse.osgi.internal.framework.BundleContextImpl$2.run()Ljava/lang/Void;+23
j  org.eclipse.osgi.internal.framework.BundleContextImpl$2.run()Ljava/lang/Object;+1
J 1148 c1 java.security.AccessController.executePrivileged(Ljava/security/PrivilegedExceptionAction;Ljava/security/AccessControlContext;Ljava/lang/Class;)Ljava/lang/Object; java.base@21.0.9 (65 bytes) @ 0x000002b2853302c4 [0x000002b285330160+0x0000000000000164]
j  java.security.AccessController.doPrivileged(Ljava/security/PrivilegedExceptionAction;)Ljava/lang/Object;+9 java.base@21.0.9
j  org.eclipse.osgi.internal.framework.BundleContextImpl.startActivator(Lorg/osgi/framework/BundleActivator;)V+9
j  org.eclipse.osgi.internal.framework.BundleContextImpl.start()V+141
j  org.eclipse.osgi.internal.framework.EquinoxBundle.startWorker0()V+35
j  org.eclipse.osgi.internal.framework.EquinoxBundle$EquinoxModule.startWorker()V+4
j  org.eclipse.osgi.container.Module.doStart([Lorg/eclipse/osgi/container/Module$StartOptions;)Lorg/eclipse/osgi/container/ModuleContainerAdaptor$ModuleEvent;+200
j  org.eclipse.osgi.container.Module.start([Lorg/eclipse/osgi/container/Module$StartOptions;)V+460
j  org.eclipse.osgi.framework.util.SecureAction.start(Lorg/eclipse/osgi/container/Module;[Lorg/eclipse/osgi/container/Module$StartOptions;)V+8
J 1937 c1 org.eclipse.osgi.internal.hooks.EclipseLazyStarter.postFindLocalClass(Ljava/lang/String;Ljava/lang/Class;Lorg/eclipse/osgi/internal/loader/classpath/ClasspathManager;)V (394 bytes) @ 0x000002b2854c9c14 [0x000002b2854c8c40+0x0000000000000fd4]
J 2065 c1 org.eclipse.osgi.internal.loader.classpath.ClasspathManager.findLocalClass(Ljava/lang/String;)Ljava/lang/Class; (210 bytes) @ 0x000002b28550f074 [0x000002b28550e060+0x0000000000001014]
J 1935 c1 org.eclipse.osgi.internal.loader.BundleLoader.findLocalClass(Ljava/lang/String;)Ljava/lang/Class; (159 bytes) @ 0x000002b2854c6454 [0x000002b2854c5860+0x0000000000000bf4]
J 1884 c1 org.eclipse.osgi.internal.loader.BundleLoader.findClass0(Ljava/lang/String;ZZ)Ljava/lang/Class; (490 bytes) @ 0x000002b2854a5f6c [0x000002b2854a2de0+0x000000000000318c]
J 1837 c1 org.eclipse.osgi.internal.loader.BundleLoader.findClass(Ljava/lang/String;)Ljava/lang/Class; (8 bytes) @ 0x000002b28548c44c [0x000002b28548c3c0+0x000000000000008c]
J 1841 c1 org.eclipse.osgi.internal.loader.ModuleClassLoader.loadClass(Ljava/lang/String;Z)Ljava/lang/Class; (36 bytes) @ 0x000002b28548e34c [0x000002b28548e120+0x000000000000022c]
J 1006 c1 java.lang.ClassLoader.loadClass(Ljava/lang/String;)Ljava/lang/Class; java.base@21.0.9 (7 bytes) @ 0x000002b2852eda54 [0x000002b2852ed940+0x0000000000000114]
v  ~StubRoutines::call_stub 0x000002b28c6910e7
j  org.eclipse.core.resources.ResourcesPlugin$WorkspaceInitCustomizer.addingService(Lorg/osgi/framework/ServiceReference;)Lorg/eclipse/core/internal/resources/Workspace;+30
j  org.eclipse.core.resources.ResourcesPlugin$WorkspaceInitCustomizer.addingService(Lorg/osgi/framework/ServiceReference;)Ljava/lang/Object;+5
j  org.osgi.util.tracker.ServiceTracker$Tracked.customizerAdding(Lorg/osgi/framework/ServiceReference;Lorg/osgi/framework/ServiceEvent;)Ljava/lang/Object;+8
j  org.osgi.util.tracker.ServiceTracker$Tracked.customizerAdding(Ljava/lang/Object;Ljava/lang/Object;)Ljava/lang/Object;+9
j  org.osgi.util.tracker.AbstractTracked.trackAdding(Ljava/lang/Object;Ljava/lang/Object;)V+8
j  org.osgi.util.tracker.AbstractTracked.trackInitial()V+90
j  org.osgi.util.tracker.ServiceTracker.open(Z)V+198
j  org.osgi.util.tracker.ServiceTracker.open()V+2
j  org.eclipse.core.resources.ResourcesPlugin.start(Lorg/osgi/framework/BundleContext;)V+106
j  org.eclipse.osgi.internal.framework.BundleContextImpl$2.run()Ljava/lang/Void;+23
j  org.eclipse.osgi.internal.framework.BundleContextImpl$2.run()Ljava/lang/Object;+1
J 1148 c1 java.security.AccessController.executePrivileged(Ljava/security/PrivilegedExceptionAction;Ljava/security/AccessControlContext;Ljava/lang/Class;)Ljava/lang/Object; java.base@21.0.9 (65 bytes) @ 0x000002b2853302c4 [0x000002b285330160+0x0000000000000164]
j  java.security.AccessController.doPrivileged(Ljava/security/PrivilegedExceptionAction;)Ljava/lang/Object;+9 java.base@21.0.9
j  org.eclipse.osgi.internal.framework.BundleContextImpl.startActivator(Lorg/osgi/framework/BundleActivator;)V+9
j  org.eclipse.osgi.internal.framework.BundleContextImpl.start()V+141
j  org.eclipse.osgi.internal.framework.EquinoxBundle.startWorker0()V+35
j  org.eclipse.osgi.internal.framework.EquinoxBundle$EquinoxModule.startWorker()V+4
j  org.eclipse.osgi.container.Module.doStart([Lorg/eclipse/osgi/container/Module$StartOptions;)Lorg/eclipse/osgi/container/ModuleContainerAdaptor$ModuleEvent;+200
j  org.eclipse.osgi.container.Module.start([Lorg/eclipse/osgi/container/Module$StartOptions;)V+460
j  org.eclipse.osgi.framework.util.SecureAction.start(Lorg/eclipse/osgi/container/Module;[Lorg/eclipse/osgi/container/Module$StartOptions;)V+8
J 1937 c1 org.eclipse.osgi.internal.hooks.EclipseLazyStarter.postFindLocalClass(Ljava/lang/String;Ljava/lang/Class;Lorg/eclipse/osgi/internal/loader/classpath/ClasspathManager;)V (394 bytes) @ 0x000002b2854c9c14 [0x000002b2854c8c40+0x0000000000000fd4]
J 2065 c1 org.eclipse.osgi.internal.loader.classpath.ClasspathManager.findLocalClass(Ljava/lang/String;)Ljava/lang/Class; (210 bytes) @ 0x000002b28550f074 [0x000002b28550e060+0x0000000000001014]
J 1935 c1 org.eclipse.osgi.internal.loader.BundleLoader.findLocalClass(Ljava/lang/String;)Ljava/lang/Class; (159 bytes) @ 0x000002b2854c6454 [0x000002b2854c5860+0x0000000000000bf4]
J 1884 c1 org.eclipse.osgi.internal.loader.BundleLoader.findClass0(Ljava/lang/String;ZZ)Ljava/lang/Class; (490 bytes) @ 0x000002b2854a5f6c [0x000002b2854a2de0+0x000000000000318c]
J 1837 c1 org.eclipse.osgi.internal.loader.BundleLoader.findClass(Ljava/lang/String;)Ljava/lang/Class; (8 bytes) @ 0x000002b28548c44c [0x000002b28548c3c0+0x000000000000008c]
J 1841 c1 org.eclipse.osgi.internal.loader.ModuleClassLoader.loadClass(Ljava/lang/String;Z)Ljava/lang/Class; (36 bytes) @ 0x000002b28548e34c [0x000002b28548e120+0x000000000000022c]
J 1006 c1 java.lang.ClassLoader.loadClass(Ljava/lang/String;)Ljava/lang/Class; java.base@21.0.9 (7 bytes) @ 0x000002b2852eda54 [0x000002b2852ed940+0x0000000000000114]
v  ~StubRoutines::call_stub 0x000002b28c6910e7
j  java.lang.Class.getDeclaredConstructors0(Z)[Ljava/lang/reflect/Constructor;+0 java.base@21.0.9
j  java.lang.Class.privateGetDeclaredConstructors(Z)[Ljava/lang/reflect/Constructor;+52 java.base@21.0.9
j  java.lang.Class.getConstructor0([Ljava/lang/Class;I)Ljava/lang/reflect/Constructor;+14 java.base@21.0.9
j  java.lang.Class.getConstructor([Ljava/lang/Class;)Ljava/lang/reflect/Constructor;+24 java.base@21.0.9
j  org.eclipse.osgi.internal.framework.BundleContextImpl.loadBundleActivator()Lorg/osgi/framework/BundleActivator;+105
j  org.eclipse.osgi.internal.framework.BundleContextImpl.start()V+18
j  org.eclipse.osgi.internal.framework.EquinoxBundle.startWorker0()V+35
j  org.eclipse.osgi.internal.framework.EquinoxBundle$EquinoxModule.startWorker()V+4
j  org.eclipse.osgi.container.Module.doStart([Lorg/eclipse/osgi/container/Module$StartOptions;)Lorg/eclipse/osgi/container/ModuleContainerAdaptor$ModuleEvent;+200
j  org.eclipse.osgi.container.Module.start([Lorg/eclipse/osgi/container/Module$StartOptions;)V+460
j  org.eclipse.osgi.container.ModuleContainer$ContainerStartLevel$2.run()V+83
j  org.eclipse.osgi.internal.framework.EquinoxContainerAdaptor$1$1.execute(Ljava/lang/Runnable;)V+1
j  org.eclipse.osgi.container.ModuleContainer$ContainerStartLevel.incStartLevel(ILjava/util/List;Z)V+193
j  org.eclipse.osgi.container.ModuleContainer$ContainerStartLevel.incStartLevel(ILjava/util/List;Ljava/util/List;Ljava/util/List;Ljava/util/List;)V+19
j  org.eclipse.osgi.container.ModuleContainer$ContainerStartLevel.doContainerStartLevel(Lorg/eclipse/osgi/container/Module;I[Lorg/osgi/framework/FrameworkListener;)V+358
j  org.eclipse.osgi.container.ModuleContainer$ContainerStartLevel.dispatchEvent(Lorg/eclipse/osgi/container/Module;[Lorg/osgi/framework/FrameworkListener;ILjava/lang/Integer;)V+32
j  org.eclipse.osgi.container.ModuleContainer$ContainerStartLevel.dispatchEvent(Ljava/lang/Object;Ljava/lang/Object;ILjava/lang/Object;)V+15
j  org.eclipse.osgi.framework.eventmgr.EventManager.dispatchEvent(Ljava/util/Set;Lorg/eclipse/osgi/framework/eventmgr/EventDispatcher;ILjava/lang/Object;)V+48
j  org.eclipse.osgi.framework.eventmgr.EventManager$EventThread.run()V+26
v  ~StubRoutines::call_stub 0x000002b28c6910e7

Compiled method (n/a) 2728 1114     n 0       java.lang.ClassLoader::defineClass1 (native)
 total in heap  [0x000002b28cca0710,0x000002b28cca0b98] = 1160
 relocation     [0x000002b28cca0870,0x000002b28cca08a8] = 56
 main code      [0x000002b28cca08c0,0x000002b28cca0b96] = 726
 stub code      [0x000002b28cca0b96,0x000002b28cca0b98] = 2

[Constant Pool (empty)]

[MachCode]
[Entry Point]
  # {method} {0x000002b299436820} 'defineClass1' '(Ljava/lang/ClassLoader;Ljava/lang/String;[BIILjava/security/ProtectionDomain;Ljava/lang/String;)Ljava/lang/Class;' in 'java/lang/ClassLoader'
  # parm0:    rdx:rdx   = 'java/lang/ClassLoader'
  # parm1:    r8:r8     = 'java/lang/String'
  # parm2:    r9:r9     = '[B'
  # parm3:    rdi       = int
  # parm4:    rsi       = int
  # parm5:    rcx:rcx   = 'java/security/ProtectionDomain'
  # parm6:    [sp+0xa0]   = 'java/lang/String'  (sp of caller)
  0x000002b28cca08c0: 448b 5208 | 49bb 0000 | 0099 b202 | 0000 4d03 | d349 3bc2 | 0f84 0600 

  0x000002b28cca08d8: ;   {runtime_call ic_miss_stub}
  0x000002b28cca08d8: 0000 e9a1 | dda3 ff90 
[Verified Entry Point]
  0x000002b28cca08e0: 8984 2400 | 80ff ff55 | 488b ec48 | 81ec 9000 | 0000 6690 | 4181 7f20 | 0100 0000 

  0x000002b28cca08fc: ;   {runtime_call StubRoutines (final stubs)}
  0x000002b28cca08fc: 7405 e8fd | cea2 ff48 | 837d 1000 | 488d 4510 | 480f 4445 | 1048 8944 | 2440 4889 | 4c24 7048 
  0x000002b28cca091c: 83f9 0048 | 8d44 2470 | 480f 4444 | 2470 4889 | 4424 3848 | 8974 2430 | 4889 7c24 | 284c 894c 
  0x000002b28cca093c: 2458 4983 | f900 488d | 4424 5848 | 0f44 4424 | 5848 8944 | 2420 4c89 | 4424 5049 | 83f8 004c 
  0x000002b28cca095c: 8d4c 2450 | 4c0f 444c | 2450 4889 | 5424 4848 | 83fa 004c | 8d44 2448 | 4c0f 4444 

  0x000002b28cca0978: ;   {oop(a 'java/lang/Class'{0x0000000080000878} = 'java/lang/ClassLoader')}
  0x000002b28cca0978: 2448 49be | 7808 0080 | 0000 0000 | 4c89 7424 | 784c 8d74 | 2478 498b | d6c5 f877 

  0x000002b28cca0994: ;   {internal_word}
  0x000002b28cca0994: 49ba 9109 | ca8c b202 | 0000 4d89 | 97a0 0300 | 0049 89a7 | 9803 0000 

  0x000002b28cca09ac: ;   {external_word}
  0x000002b28cca09ac: 49ba cf4d | bbef fb7f | 0000 4180 | 3a00 0f84 | 4e00 0000 | 5241 5041 

  0x000002b28cca09c4: ;   {metadata({method} {0x000002b299436820} 'defineClass1' '(Ljava/lang/ClassLoader;Ljava/lang/String;[BIILjava/security/ProtectionDomain;Ljava/lang/String;)Ljava/lang/Class;' in 'java/lang/ClassLoader')}
  0x000002b28cca09c4: 5148 ba18 | 6843 99b2 | 0200 0049 | 8bcf 4883 | ec20 40f6 | c40f 0f84 | 1900 0000 | 4883 ec08 
  0x000002b28cca09e4: ;   {runtime_call}
  0x000002b28cca09e4: 48b8 40d5 | 64ef fb7f | 0000 ffd0 | 4883 c408 | e90c 0000 

  0x000002b28cca09f8: ;   {runtime_call}
  0x000002b28cca09f8: 0048 b840 | d564 effb | 7f00 00ff | d048 83c4 | 2041 5941 | 585a 498d | 8fb8 0300 | 0041 c787 
  0x000002b28cca0a18: 4404 0000 | 0400 0000 

  0x000002b28cca0a20: ;   {runtime_call}
  0x000002b28cca0a20: 48b8 ac16 | 7168 fc7f | 0000 ffd0 | c5f8 7741 | c787 4404 | 0000 0500 | 0000 f083 | 4424 c000 
  0x000002b28cca0a40: 493b af48 | 0400 000f | 870e 0000 | 0041 83bf | 4004 0000 | 000f 842b | 0000 00c5 | f877 4889 
  0x000002b28cca0a60: 45f8 498b | cf4c 8be4 | 4883 ec20 | 4883 e4f0 

  0x000002b28cca0a70: ;   {runtime_call}
  0x000002b28cca0a70: 48b8 e04b | 30ef fb7f | 0000 ffd0 | 498b e44d | 33e4 488b | 45f8 41c7 | 8744 0400 | 0008 0000 
  0x000002b28cca0a90: 0041 83bf | c004 0000 | 020f 84ca 

  0x000002b28cca0a9c: ;   {external_word}
  0x000002b28cca0a9c: 0000 0049 | bacf 4dbb | effb 7f00 | 0041 803a | 000f 844c | 0000 0048 

  0x000002b28cca0ab4: ;   {metadata({method} {0x000002b299436820} 'defineClass1' '(Ljava/lang/ClassLoader;Ljava/lang/String;[BIILjava/security/ProtectionDomain;Ljava/lang/String;)Ljava/lang/Class;' in 'java/lang/ClassLoader')}
  0x000002b28cca0ab4: 8945 f848 | ba18 6843 | 99b2 0200 | 0049 8bcf | 4883 ec20 | 40f6 c40f | 0f84 1900 | 0000 4883 
  0x000002b28cca0ad4: ;   {runtime_call}
  0x000002b28cca0ad4: ec08 48b8 | 40d5 64ef | fb7f 0000 | ffd0 4883 | c408 e90c 

  0x000002b28cca0ae8: ;   {runtime_call}
  0x000002b28cca0ae8: 0000 0048 | b840 d564 | effb 7f00 | 00ff d048 | 83c4 2048 | 8b45 f849 | c787 9803 | 0000 0000 
  0x000002b28cca0b08: 0000 49c7 | 87a0 0300 | 0000 0000 | 00c5 f877 | 4885 c00f | 8425 0000 | 00a8 030f | 8508 0000 
  0x000002b28cca0b28: 0048 8b00 | e915 0000 | 00a8 010f | 8509 0000 | 0048 8b40 | fee9 0400 | 0000 488b | 40ff 498b 
  0x000002b28cca0b48: 8f28 0400 | 00c7 8100 | 0100 0000 | 0000 00c9 | 4983 7f08 | 000f 8501 | 0000 00c3 

  0x000002b28cca0b64: ;   {runtime_call StubRoutines (initial stubs)}
  0x000002b28cca0b64: e997 039f | ffc5 f877 | 4889 45f8 | 4c8b e448 | 83ec 2048 

  0x000002b28cca0b78: ;   {runtime_call}
  0x000002b28cca0b78: 83e4 f048 | b890 0c65 | effb 7f00 | 00ff d049 | 8be4 4d33 | e448 8b45 | f8e9 09ff | ffff f4f4 
[/MachCode]


Compiled method (c1) 2740 1767       3       java.lang.ClassLoader::defineClass (43 bytes)
 total in heap  [0x000002b28546b610,0x000002b28546bf70] = 2400
 relocation     [0x000002b28546b770,0x000002b28546b810] = 160
 main code      [0x000002b28546b820,0x000002b28546bcc0] = 1184
 stub code      [0x000002b28546bcc0,0x000002b28546bd38] = 120
 metadata       [0x000002b28546bd38,0x000002b28546bd68] = 48
 scopes data    [0x000002b28546bd68,0x000002b28546be58] = 240
 scopes pcs     [0x000002b28546be58,0x000002b28546bf38] = 224
 dependencies   [0x000002b28546bf38,0x000002b28546bf48] = 16
 nul chk table  [0x000002b28546bf48,0x000002b28546bf70] = 40

[Constant Pool (empty)]

[MachCode]
[Entry Point]
  # {method} {0x000002b299436ba0} 'defineClass' '(Ljava/lang/String;[BIILjava/security/ProtectionDomain;)Ljava/lang/Class;' in 'java/lang/ClassLoader'
  # this:     rdx:rdx   = 'java/lang/ClassLoader'
  # parm0:    r8:r8     = 'java/lang/String'
  # parm1:    r9:r9     = '[B'
  # parm2:    rdi       = int
  # parm3:    rsi       = int
  # parm4:    rcx:rcx   = 'java/security/ProtectionDomain'
  #           [sp+0xc0]  (sp of caller)
  0x000002b28546b820: 448b 5208 | 49bb 0000 | 0099 b202 | 0000 4d03 | d34c 3bd0 

  0x000002b28546b834: ;   {runtime_call ic_miss_stub}
  0x000002b28546b834: 0f85 462e | 2707 660f | 1f44 0000 
[Verified Entry Point]
  0x000002b28546b840: 8984 2400 | 80ff ff55 | 4881 ecb0 | 0000 0090 | 4181 7f20 | 0100 0000 

  0x000002b28546b858: ;   {runtime_call StubRoutines (final stubs)}
  0x000002b28546b858: 7405 e8a1 | 1f26 0748 | 8954 2478 

  0x000002b28546b864: ;   {metadata(method data for {method} {0x000002b299436ba0} 'defineClass' '(Ljava/lang/String;[BIILjava/security/ProtectionDomain;)Ljava/lang/Class;' in 'java/lang/ClassLoader')}
  0x000002b28546b864: 48bb b850 | 36dc b202 | 0000 8b83 | cc00 0000 | 83c0 0289 | 83cc 0000 | 0025 fe07 | 0000 85c0 
  0x000002b28546b884: 0f84 5803 | 0000 89b4 | 2494 0000 | 0089 bc24 | 9000 0000 | 4c89 8c24 | 8800 0000 

  0x000002b28546b8a0: ;   {metadata(method data for {method} {0x000002b299436ba0} 'defineClass' '(Ljava/lang/String;[BIILjava/security/ProtectionDomain;)Ljava/lang/Class;' in 'java/lang/ClassLoader')}
  0x000002b28546b8a0: 488b da48 | b8b8 5036 | dcb2 0200 | 0048 8380 | 1001 0000 | 0149 8bd8 | 4c8b c34c | 8bc9 488b 
  0x000002b28546b8c0: ca48 8bd1 | 4889 9c24 | 8000 0000 

  0x000002b28546b8cc: ;   {optimized virtual_call}
  0x000002b28546b8cc: 6666 90e8 

  0x000002b28546b8d0: ; ImmutableOopMap {[120]=Oop [128]=Oop [136]=Oop }
                      ;*invokevirtual preDefineClass {reexecute=0 rethrow=0 return_oop=0}
                      ; - java.lang.ClassLoader::defineClass@4
  0x000002b28546b8d0: 4c42 f2ff 

  0x000002b28546b8d4: ;   {other}
  0x000002b28546b8d4: 0f1f 8400 | c402 0000 | 4889 8424 | 9800 0000 | 488b 5424 

  0x000002b28546b8e8: ;   {metadata(method data for {method} {0x000002b299436ba0} 'defineClass' '(Ljava/lang/String;[BIILjava/security/ProtectionDomain;)Ljava/lang/Class;' in 'java/lang/ClassLoader')}
  0x000002b28546b8e8: 7849 b8b8 | 5036 dcb2 | 0200 0049 | 8380 4801 

  0x000002b28546b8f8: ;   {metadata(method data for {method} {0x000002b299436888} 'defineClassSourceLocation' '(Ljava/security/ProtectionDomain;)Ljava/lang/String;' in 'java/lang/ClassLoader')}
  0x000002b28546b8f8: 0000 0149 | b8d0 5736 | dcb2 0200 | 0041 8b90 | cc00 0000 | 83c2 0241 | 8990 cc00 | 0000 81e2 
  0x000002b28546b918: feff 1f00 | 85d2 0f84 | df02 0000 

  0x000002b28546b924: ; implicit exception: dispatches to 0x000002b28546bc24
  0x000002b28546b924: 483b 004c 

  0x000002b28546b928: ;   {metadata(method data for {method} {0x000002b299436888} 'defineClassSourceLocation' '(Ljava/security/ProtectionDomain;)Ljava/lang/String;' in 'java/lang/ClassLoader')}
  0x000002b28546b928: 8bc0 48ba | d057 36dc | b202 0000 | 4883 8210 | 0100 0001 | 448b 4010 

  0x000002b28546b940: ;   {metadata(method data for {method} {0x000002b299436888} 'defineClassSourceLocation' '(Ljava/security/ProtectionDomain;)Ljava/lang/String;' in 'java/lang/ClassLoader')}
  0x000002b28546b940: 4d85 c048 | bad0 5736 | dcb2 0200 | 0048 c7c6 | 5801 0000 | 7507 48c7 | c648 0100 | 0048 8b3c 
  0x000002b28546b960: 3248 8d7f | 0148 893c | 320f 850f 

  0x000002b28546b96c: ;   {oop(nullptr)}
  0x000002b28546b96c: 0000 0048 | bb00 0000 | 0000 0000 | 00e9 a901 | 0000 493b | 0049 8bd0 

  0x000002b28546b984: ;   {metadata(method data for {method} {0x000002b299436888} 'defineClassSourceLocation' '(Ljava/security/ProtectionDomain;)Ljava/lang/String;' in 'java/lang/ClassLoader')}
  0x000002b28546b984: 48be d057 | 36dc b202 | 0000 4883 | 8668 0100 | 0001 418b | 500c 4885 

  0x000002b28546b99c: ;   {metadata(method data for {method} {0x000002b299436888} 'defineClassSourceLocation' '(Ljava/security/ProtectionDomain;)Ljava/lang/String;' in 'java/lang/ClassLoader')}
  0x000002b28546b99c: d248 bed0 | 5736 dcb2 | 0200 0048 | c7c7 b001 | 0000 7507 | 48c7 c7a0 | 0100 0048 | 8b1c 3e48 
  0x000002b28546b9bc: 8d5b 0148 | 891c 3e0f | 850f 0000 

  0x000002b28546b9c8: ;   {oop(nullptr)}
  0x000002b28546b9c8: 0048 bb00 | 0000 0000 | 0000 00e9 | 4f01 0000 

  0x000002b28546b9d8: ;   {metadata(method data for {method} {0x000002b299436888} 'defineClassSourceLocation' '(Ljava/security/ProtectionDomain;)Ljava/lang/String;' in 'java/lang/ClassLoader')}
  0x000002b28546b9d8: 48be d057 | 36dc b202 | 0000 4883 | 86c0 0100 | 0001 483b | 024c 8bc2 

  0x000002b28546b9f0: ;   {metadata(method data for {method} {0x000002b299436888} 'defineClassSourceLocation' '(Ljava/security/ProtectionDomain;)Ljava/lang/String;' in 'java/lang/ClassLoader')}
  0x000002b28546b9f0: 48be d057 | 36dc b202 | 0000 4883 | 86f8 0100 

  0x000002b28546ba00: ;   {metadata(method data for {method} {0x000002b29901abf0} 'toString' '()Ljava/lang/String;' in 'java/net/URL')}
  0x000002b28546ba00: 0001 49b8 | 0849 36dc | b202 0000 | 418b b0cc | 0000 0083 | c602 4189 | b0cc 0000 | 0081 e6fe 
  0x000002b28546ba20: ff1f 0085 | f60f 8408 | 0200 004c 

  0x000002b28546ba2c: ;   {metadata(method data for {method} {0x000002b29901abf0} 'toString' '()Ljava/lang/String;' in 'java/net/URL')}
  0x000002b28546ba2c: 8bc2 48be | 0849 36dc | b202 0000 | 4883 8610 | 0100 0001 

  0x000002b28546ba40: ;   {metadata(method data for {method} {0x000002b29942a428} 'toExternalForm' '()Ljava/lang/String;' in 'java/net/URL')}
  0x000002b28546ba40: 49b8 a0e5 | 35dc b202 | 0000 418b | b0cc 0000 | 0083 c602 | 4189 b0cc | 0000 0081 | e6fe ff1f 
  0x000002b28546ba60: 0085 f60f | 84eb 0100 | 008b 7238 

  0x000002b28546ba6c: ; implicit exception: dispatches to 0x000002b28546bc75
  0x000002b28546ba6c: 483b 064c 

  0x000002b28546ba70: ;   {metadata(method data for {method} {0x000002b29942a428} 'toExternalForm' '()Ljava/lang/String;' in 'java/net/URL')}
  0x000002b28546ba70: 8bc6 48bf | a0e5 35dc | b202 0000 | 458b 4008 | 49ba 0000 | 0099 b202 | 0000 4d03 | c24c 3b87 
  0x000002b28546ba90: 2001 0000 | 750d 4883 | 8728 0100 | 0001 e960 | 0000 004c | 3b87 3001 | 0000 750d | 4883 8738 
  0x000002b28546bab0: 0100 0001 | e94a 0000 | 0048 83bf | 2001 0000 | 0075 174c | 8987 2001 | 0000 48c7 | 8728 0100 
  0x000002b28546bad0: 0001 0000 | 00e9 2900 | 0000 4883 | bf30 0100 | 0000 7517 | 4c89 8730 | 0100 0048 | c787 3801 
  0x000002b28546baf0: 0000 0100 | 0000 e908 | 0000 0048 | 8387 1001 | 0000 014c | 8bc2 488b | d60f 1f40 | 0048 b8f8 
  0x000002b28546bb10: 4a21 99b2 

  0x000002b28546bb14: ;   {virtual_call}
  0x000002b28546bb14: 0200 00e8 

  0x000002b28546bb18: ; ImmutableOopMap {[120]=Oop [128]=Oop [136]=Oop [152]=Oop }
                      ;*invokevirtual toExternalForm {reexecute=0 rethrow=0 return_oop=0}
                      ; - java.net.URL::toExternalForm@5
                      ; - java.net.URL::toString@1
                      ; - java.lang.ClassLoader::defineClassSourceLocation@22
                      ; - java.lang.ClassLoader::defineClass@12
  0x000002b28546bb18: e424 f0ff 

  0x000002b28546bb1c: ;   {other}
  0x000002b28546bb1c: 0f1f 8400 | 0c05 0001 | 488b d848 | 8b84 2498 | 0000 008b | b424 9400 | 0000 8bbc | 2490 0000 
  0x000002b28546bb3c: 004c 8b8c | 2488 0000 | 004c 8b84 | 2480 0000 | 0048 8b54 

  0x000002b28546bb50: ;   {metadata(method data for {method} {0x000002b299436ba0} 'defineClass' '(Ljava/lang/String;[BIILjava/security/ProtectionDomain;)Ljava/lang/Class;' in 'java/lang/ClassLoader')}
  0x000002b28546bb50: 2478 48b9 | b850 36dc | b202 0000 | 4883 8180 | 0100 0001 | 4c8b da49 | 8bd3 488b | c848 891c 
  0x000002b28546bb70: 2466 0f1f 

  0x000002b28546bb74: ;   {static_call}
  0x000002b28546bb74: 4400 00e8 

  0x000002b28546bb78: ; ImmutableOopMap {[120]=Oop [152]=Oop }
                      ;*invokestatic defineClass1 {reexecute=0 rethrow=0 return_oop=0}
                      ; - java.lang.ClassLoader::defineClass@27
  0x000002b28546bb78: 644d 8307 

  0x000002b28546bb7c: ;   {other}
  0x000002b28546bb7c: 0f1f 8400 | 6c05 0002 | 488b 5424 

  0x000002b28546bb88: ;   {metadata(method data for {method} {0x000002b299436ba0} 'defineClass' '(Ljava/lang/String;[BIILjava/security/ProtectionDomain;)Ljava/lang/Class;' in 'java/lang/ClassLoader')}
  0x000002b28546bb88: 7849 b8b8 | 5036 dcb2 | 0200 0049 | 8380 9001 | 0000 014c | 8bc0 4c8b | 8c24 9800 | 0000 488b 
  0x000002b28546bba8: 5424 7848 | 8984 24a0 | 0000 000f 

  0x000002b28546bbb4: ;   {optimized virtual_call}
  0x000002b28546bbb4: 1f40 00e8 

  0x000002b28546bbb8: ; ImmutableOopMap {[160]=Oop }
                      ;*invokevirtual postDefineClass {reexecute=0 rethrow=0 return_oop=0}
                      ; - java.lang.ClassLoader::defineClass@37
  0x000002b28546bbb8: e43a faff 

  0x000002b28546bbbc: ;   {other}
  0x000002b28546bbbc: 0f1f 8400 | ac05 0003 | 488b 8424 | a000 0000 | 4881 c4b0 | 0000 005d 

  0x000002b28546bbd4: ;   {poll_return}
  0x000002b28546bbd4: 493b a748 | 0400 000f | 8799 0000 

  0x000002b28546bbe0: ;   {metadata({method} {0x000002b299436ba0} 'defineClass' '(Ljava/lang/String;[BIILjava/security/ProtectionDomain;)Ljava/lang/Class;' in 'java/lang/ClassLoader')}
  0x000002b28546bbe0: 00c3 49ba | 986b 4399 | b202 0000 | 4c89 5424 | 0848 c704 | 24ff ffff 

  0x000002b28546bbf8: ;   {runtime_call counter_overflow Runtime1 stub}
  0x000002b28546bbf8: ffe8 82c8 

  0x000002b28546bbfc: ; ImmutableOopMap {rdx=Oop r8=Oop r9=Oop rcx=Oop [120]=Oop }
                      ;*synchronization entry
                      ; - java.lang.ClassLoader::defineClass@-1
  0x000002b28546bbfc: 3207 e987 

  0x000002b28546bc00: ;   {metadata({method} {0x000002b299436888} 'defineClassSourceLocation' '(Ljava/security/ProtectionDomain;)Ljava/lang/String;' in 'java/lang/ClassLoader')}
  0x000002b28546bc00: fcff ff49 | ba80 6843 | 99b2 0200 | 004c 8954 | 2408 48c7 | 0424 ffff 

  0x000002b28546bc18: ;   {runtime_call counter_overflow Runtime1 stub}
  0x000002b28546bc18: ffff e861 

  0x000002b28546bc1c: ; ImmutableOopMap {rax=Oop [120]=Oop [128]=Oop [136]=Oop [152]=Oop }
                      ;*synchronization entry
                      ; - java.lang.ClassLoader::defineClassSourceLocation@-1
                      ; - java.lang.ClassLoader::defineClass@12
  0x000002b28546bc1c: c832 07e9 | 00fd ffff 

  0x000002b28546bc24: ;   {runtime_call throw_null_pointer_exception Runtime1 stub}
  0x000002b28546bc24: e8f7 7729 

  0x000002b28546bc28: ; ImmutableOopMap {rax=Oop [120]=Oop [128]=Oop [136]=Oop [152]=Oop }
                      ;*invokevirtual getCodeSource {reexecute=0 rethrow=0 return_oop=0}
                      ; - java.lang.ClassLoader::defineClassSourceLocation@1
                      ; - java.lang.ClassLoader::defineClass@12
                      ;   {runtime_call throw_null_pointer_exception Runtime1 stub}
  0x000002b28546bc28: 07e8 f277 

  0x000002b28546bc2c: ; ImmutableOopMap {rax=Oop r8=Oop [120]=Oop [128]=Oop [136]=Oop [152]=Oop }
                      ;*invokevirtual getLocation {reexecute=0 rethrow=0 return_oop=0}
                      ; - java.lang.ClassLoader::defineClassSourceLocation@12
                      ; - java.lang.ClassLoader::defineClass@12
                      ;   {runtime_call throw_null_pointer_exception Runtime1 stub}
  0x000002b28546bc2c: 2907 e8ed 

  0x000002b28546bc30: ; ImmutableOopMap {rdx=Oop [120]=Oop [128]=Oop [136]=Oop [152]=Oop }
                      ;*invokevirtual toString {reexecute=0 rethrow=0 return_oop=0}
                      ; - java.lang.ClassLoader::defineClassSourceLocation@22
                      ; - java.lang.ClassLoader::defineClass@12
                      ;   {metadata({method} {0x000002b29901abf0} 'toString' '()Ljava/lang/String;' in 'java/net/URL')}
  0x000002b28546bc30: 7729 0749 | bae8 ab01 | 99b2 0200 | 004c 8954 | 2408 48c7 | 0424 ffff 

  0x000002b28546bc48: ;   {runtime_call counter_overflow Runtime1 stub}
  0x000002b28546bc48: ffff e831 

  0x000002b28546bc4c: ; ImmutableOopMap {rdx=Oop [120]=Oop [128]=Oop [136]=Oop [152]=Oop }
                      ;*synchronization entry
                      ; - java.net.URL::toString@-1
                      ; - java.lang.ClassLoader::defineClassSourceLocation@22
                      ; - java.lang.ClassLoader::defineClass@12
  0x000002b28546bc4c: c832 07e9 | d7fd ffff 

  0x000002b28546bc54: ;   {metadata({method} {0x000002b29942a428} 'toExternalForm' '()Ljava/lang/String;' in 'java/net/URL')}
  0x000002b28546bc54: 49ba 20a4 | 4299 b202 | 0000 4c89 | 5424 0848 | c704 24ff 

  0x000002b28546bc68: ;   {runtime_call counter_overflow Runtime1 stub}
  0x000002b28546bc68: ffff ffe8 

  0x000002b28546bc6c: ; ImmutableOopMap {rdx=Oop [120]=Oop [128]=Oop [136]=Oop [152]=Oop }
                      ;*synchronization entry
                      ; - java.net.URL::toExternalForm@-1
                      ; - java.net.URL::toString@1
                      ; - java.lang.ClassLoader::defineClassSourceLocation@22
                      ; - java.lang.ClassLoader::defineClass@12
  0x000002b28546bc6c: 10c8 3207 | e9f4 fdff 

  0x000002b28546bc74: ;   {runtime_call throw_null_pointer_exception Runtime1 stub}
  0x000002b28546bc74: ffe8 a677 

  0x000002b28546bc78: ; ImmutableOopMap {rdx=Oop rsi=Oop [120]=Oop [128]=Oop [136]=Oop [152]=Oop }
                      ;*invokevirtual toExternalForm {reexecute=0 rethrow=0 return_oop=0}
                      ; - java.net.URL::toExternalForm@5
                      ; - java.net.URL::toString@1
                      ; - java.lang.ClassLoader::defineClassSourceLocation@22
                      ; - java.lang.ClassLoader::defineClass@12
                      ;   {internal_word}
  0x000002b28546bc78: 2907 49ba | d4bb 4685 | b202 0000 | 4d89 9760 

  0x000002b28546bc88: ;   {runtime_call SafepointBlob}
  0x000002b28546bc88: 0400 00e9 | f09e 2707 | 498b 87f8 | 0400 0049 | c787 f804 | 0000 0000 | 0000 49c7 | 8700 0500 
  0x000002b28546bca8: 0000 0000 | 0048 81c4 | b000 0000 

  0x000002b28546bcb4: ;   {runtime_call unwind_exception Runtime1 stub}
  0x000002b28546bcb4: 5de9 4686 | 2907 f4f4 | f4f4 f4f4 
[Stub Code]
  0x000002b28546bcc0: ;   {no_reloc}
  0x000002b28546bcc0: 0f1f 4400 

  0x000002b28546bcc4: ;   {static_stub}
  0x000002b28546bcc4: 0048 bb00 | 0000 0000 

  0x000002b28546bccc: ;   {runtime_call nmethod}
  0x000002b28546bccc: 0000 00e9 | fbff ffff 

  0x000002b28546bcd4: ;   {static_stub}
  0x000002b28546bcd4: 48bb 0000 | 0000 0000 

  0x000002b28546bcdc: ;   {runtime_call nmethod}
  0x000002b28546bcdc: 0000 e9fb 

  0x000002b28546bce0: ;   {static_stub}
  0x000002b28546bce0: ffff ff48 | bb00 0000 | 0000 0000 

  0x000002b28546bcec: ;   {runtime_call nmethod}
  0x000002b28546bcec: 00e9 fbff 

  0x000002b28546bcf0: ;   {static_stub}
  0x000002b28546bcf0: ffff 48bb | 0000 0000 | 0000 0000 

  0x000002b28546bcfc: ;   {runtime_call nmethod}
  0x000002b28546bcfc: e9fb ffff 

  0x000002b28546bd00: ;   {runtime_call handle_exception_from_callee Runtime1 stub}
  0x000002b28546bd00: ffe8 fa8a 

  0x000002b28546bd04: ;   {external_word}
  0x000002b28546bd04: 3207 48b9 | 2053 91ef | fb7f 0000 | 4883 e4f0 

  0x000002b28546bd14: ;   {runtime_call}
  0x000002b28546bd14: 48b8 90b7 | 53ef fb7f | 0000 ffd0 

  0x000002b28546bd20: ;   {section_word}
  0x000002b28546bd20: f449 ba21 | bd46 85b2 | 0200 0041 

  0x000002b28546bd2c: ;   {runtime_call DeoptimizationBlob}
  0x000002b28546bd2c: 52e9 eeb2 | 2707 f4f4 | f4f4 f4f4 
[/MachCode]


Compiled method (c1) 2768 1947       3       org.eclipse.osgi.internal.loader.classpath.ClasspathManager::findLocalClassImpl (55 bytes)
 total in heap  [0x000002b2854d3410,0x000002b2854d39e8] = 1496
 relocation     [0x000002b2854d3570,0x000002b2854d35c8] = 88
 main code      [0x000002b2854d35e0,0x000002b2854d3888] = 680
 stub code      [0x000002b2854d3888,0x000002b2854d38c8] = 64
 oops           [0x000002b2854d38c8,0x000002b2854d38d0] = 8
 metadata       [0x000002b2854d38d0,0x000002b2854d38e0] = 16
 scopes data    [0x000002b2854d38e0,0x000002b2854d3960] = 128
 scopes pcs     [0x000002b2854d3960,0x000002b2854d39d0] = 112
 dependencies   [0x000002b2854d39d0,0x000002b2854d39d8] = 8
 nul chk table  [0x000002b2854d39d8,0x000002b2854d39e8] = 16

[Constant Pool (empty)]

[MachCode]
[Entry Point]
  # {method} {0x000002b2dc689420} 'findLocalClassImpl' '(Ljava/lang/String;[Lorg/eclipse/osgi/internal/loader/classpath/ClasspathEntry;Ljava/util/List;)Ljava/lang/Class;' in 'org/eclipse/osgi/internal/loader/classpath/ClasspathManager'
  # this:     rdx:rdx   = 'org/eclipse/osgi/internal/loader/classpath/ClasspathManager'
  # parm0:    r8:r8     = 'java/lang/String'
  # parm1:    r9:r9     = '[Lorg/eclipse/osgi/internal/loader/classpath/ClasspathEntry;'
  # parm2:    rdi:rdi   = 'java/util/List'
  #           [sp+0x70]  (sp of caller)
  0x000002b2854d35e0: 448b 5208 | 49bb 0000 | 0099 b202 | 0000 4d03 | d34c 3bd0 

  0x000002b2854d35f4: ;   {runtime_call ic_miss_stub}
  0x000002b2854d35f4: 0f85 86b0 | 2007 660f | 1f44 0000 
[Verified Entry Point]
  0x000002b2854d3600: 8984 2400 | 80ff ff55 | 4883 ec60 | 4181 7f20 | 0100 0000 

  0x000002b2854d3614: ;   {runtime_call StubRoutines (final stubs)}
  0x000002b2854d3614: 7405 e8e5 | a11f 0748 | 8954 2430 | 4c89 4424 | 484c 894c | 2440 4889 

  0x000002b2854d362c: ;   {metadata(method data for {method} {0x000002b2dc689420} 'findLocalClassImpl' '(Ljava/lang/String;[Lorg/eclipse/osgi/internal/loader/classpath/ClasspathEntry;Ljava/util/List;)Ljava/lang/Class;' in 'org/eclipse/osgi/internal/loader/classpath/ClasspathManager')}
  0x000002b2854d362c: 7c24 3848 | be00 3c9f | dcb2 0200 | 008b 9ecc | 0000 0083 | c302 899e | cc00 0000 | 81e3 fe07 
  0x000002b2854d364c: 0000 85db | 0f84 9801 | 0000 418b | 710c 8974 

  0x000002b2854d365c: ;   {metadata(method data for {method} {0x000002b2dc689420} 'findLocalClassImpl' '(Ljava/lang/String;[Lorg/eclipse/osgi/internal/loader/classpath/ClasspathEntry;Ljava/util/List;)Ljava/lang/Class;' in 'org/eclipse/osgi/internal/loader/classpath/ClasspathManager')}
  0x000002b2854d365c: 242c 48bb | 003c 9fdc | b202 0000 | ff83 1001 | 0000 bb00 | 0000 000f | 1f44 0000 | 3bde b802 
  0x000002b2854d367c: 0000 007c | 05b8 0000 

  0x000002b2854d3684: ;   {metadata(method data for {method} {0x000002b2dc689420} 'findLocalClassImpl' '(Ljava/lang/String;[Lorg/eclipse/osgi/internal/loader/classpath/ClasspathEntry;Ljava/util/List;)Ljava/lang/Class;' in 'org/eclipse/osgi/internal/loader/classpath/ClasspathManager')}
  0x000002b2854d3684: 0000 48b9 | 003c 9fdc | b202 0000 | 448b 99d0 | 0000 0044 | 03d8 4489 | 99d0 0000 | 0085 c075 
  0x000002b2854d36a4: 0641 bb02 | 0000 0041 | 81e3 fe3f | 0000 4585 | db0f 8459 | 0100 004d | 8b97 5004 

  0x000002b2854d36c0: ; ImmutableOopMap {rdx=Oop r8=Oop r9=Oop rdi=Oop [48]=Oop [56]=Oop [64]=Oop [72]=Oop }
                      ;*if_icmplt {reexecute=1 rethrow=0 return_oop=0}
                      ; - (reexecute) org.eclipse.osgi.internal.loader.classpath.ClasspathManager::findLocalClassImpl@50 (line 655)
                      ;   {poll}
  0x000002b2854d36c0: 0000 4185 

  0x000002b2854d36c4: ;   {metadata(method data for {method} {0x000002b2dc689420} 'findLocalClassImpl' '(Ljava/lang/String;[Lorg/eclipse/osgi/internal/loader/classpath/ClasspathEntry;Ljava/util/List;)Ljava/lang/Class;' in 'org/eclipse/osgi/internal/loader/classpath/ClasspathManager')}
  0x000002b2854d36c4: 023b de48 | b800 3c9f | dcb2 0200 | 0048 c7c1 | 8801 0000 | 7d07 48c7 | c178 0100 | 004c 8b1c 
  0x000002b2854d36e4: 084d 8d5b | 014c 891c | 080f 8dde | 0000 0048 | 63c3 418b | 4481 1048 

  0x000002b2854d36fc: ;   {metadata(method data for {method} {0x000002b2dc689420} 'findLocalClassImpl' '(Ljava/lang/String;[Lorg/eclipse/osgi/internal/loader/classpath/ClasspathEntry;Ljava/util/List;)Ljava/lang/Class;' in 'org/eclipse/osgi/internal/loader/classpath/ClasspathManager')}
  0x000002b2854d36fc: 85c0 48b9 | 003c 9fdc | b202 0000 | 49c7 c328 | 0100 0074 | 0749 c7c3 | 3801 0000 | 4e8b 2c19 
  0x000002b2854d371c: 4d8d 6d01 | 4e89 2c19 | 895c 2428 | 0f84 6d00 | 0000 488b 

  0x000002b2854d3730: ;   {metadata(method data for {method} {0x000002b2dc689420} 'findLocalClassImpl' '(Ljava/lang/String;[Lorg/eclipse/osgi/internal/loader/classpath/ClasspathEntry;Ljava/util/List;)Ljava/lang/Class;' in 'org/eclipse/osgi/internal/loader/classpath/ClasspathManager')}
  0x000002b2854d3730: ca49 bb00 | 3c9f dcb2 | 0200 0049 | 8383 4801 | 0000 0149 | 8bc8 4c8b | c14c 8bc8 | 488b c748 
  0x000002b2854d3750: 8bf8 4c8b | ea49 8bd5 | 0f1f 8000 

  0x000002b2854d375c: ;   {optimized virtual_call}
  0x000002b2854d375c: 0000 00e8 

  0x000002b2854d3760: ; ImmutableOopMap {[48]=Oop [56]=Oop [64]=Oop [72]=Oop }
                      ;*invokespecial findClassImpl {reexecute=0 rethrow=0 return_oop=0}
                      ; - org.eclipse.osgi.internal.loader.classpath.ClasspathManager::findLocalClassImpl@30 (line 657)
  0x000002b2854d3760: 2401 0000 

  0x000002b2854d3764: ;   {other}
  0x000002b2854d3764: 0f1f 8400 | 5403 0001 

  0x000002b2854d376c: ;   {metadata(method data for {method} {0x000002b2dc689420} 'findLocalClassImpl' '(Ljava/lang/String;[Lorg/eclipse/osgi/internal/loader/classpath/ClasspathEntry;Ljava/util/List;)Ljava/lang/Class;' in 'org/eclipse/osgi/internal/loader/classpath/ClasspathManager')}
  0x000002b2854d376c: 4885 c048 | be00 3c9f | dcb2 0200 | 0048 c7c7 | 6801 0000 | 7507 48c7 | c758 0100 | 0048 8b1c 
  0x000002b2854d378c: 3e48 8d5b | 0148 891c | 3e0f 8523 | 0000 008b | 5c24 28ff | c38b 7424 | 2c48 8b7c | 2438 4c8b 
  0x000002b2854d37ac: 4c24 404c | 8b44 2448 | 488b 5424 | 30e9 bafe | ffff 4883 

  0x000002b2854d37c0: ;   {poll_return}
  0x000002b2854d37c0: c460 5d49 | 3ba7 4804 | 0000 0f87 | 6500 0000 

  0x000002b2854d37d0: ;   {oop(nullptr)}
  0x000002b2854d37d0: c348 b800 | 0000 0000 | 0000 0048 | 83c4 605d 

  0x000002b2854d37e0: ;   {poll_return}
  0x000002b2854d37e0: 493b a748 | 0400 000f | 875e 0000 

  0x000002b2854d37ec: ;   {metadata({method} {0x000002b2dc689420} 'findLocalClassImpl' '(Ljava/lang/String;[Lorg/eclipse/osgi/internal/loader/classpath/ClasspathEntry;Ljava/util/List;)Ljava/lang/Class;' in 'org/eclipse/osgi/internal/loader/classpath/ClasspathManager')}
  0x000002b2854d37ec: 00c3 49ba | 1894 68dc | b202 0000 | 4c89 5424 | 0848 c704 | 24ff ffff 

  0x000002b2854d3804: ;   {runtime_call counter_overflow Runtime1 stub}
  0x000002b2854d3804: ffe8 764c 

  0x000002b2854d3808: ; ImmutableOopMap {rdx=Oop r8=Oop r9=Oop rdi=Oop [48]=Oop [56]=Oop [64]=Oop [72]=Oop }
                      ;*synchronization entry
                      ; - org.eclipse.osgi.internal.loader.classpath.ClasspathManager::findLocalClassImpl@-1 (line 655)
  0x000002b2854d3808: 2c07 e947 

  0x000002b2854d380c: ;   {runtime_call throw_null_pointer_exception Runtime1 stub}
  0x000002b2854d380c: feff ffe8 

  0x000002b2854d3810: ; ImmutableOopMap {rdx=Oop r8=Oop r9=Oop rdi=Oop [48]=Oop [56]=Oop [64]=Oop [72]=Oop }
                      ;*arraylength {reexecute=0 rethrow=0 return_oop=0}
                      ; - org.eclipse.osgi.internal.loader.classpath.ClasspathManager::findLocalClassImpl@4 (line 655)
  0x000002b2854d3810: 0cfc 2207 

  0x000002b2854d3814: ;   {metadata({method} {0x000002b2dc689420} 'findLocalClassImpl' '(Ljava/lang/String;[Lorg/eclipse/osgi/internal/loader/classpath/ClasspathEntry;Ljava/util/List;)Ljava/lang/Class;' in 'org/eclipse/osgi/internal/loader/classpath/ClasspathManager')}
  0x000002b2854d3814: 49ba 1894 | 68dc b202 | 0000 4c89 | 5424 0848 | c704 2432 

  0x000002b2854d3828: ;   {runtime_call counter_overflow Runtime1 stub}
  0x000002b2854d3828: 0000 00e8 

  0x000002b2854d382c: ; ImmutableOopMap {rdx=Oop r8=Oop r9=Oop rdi=Oop [48]=Oop [56]=Oop [64]=Oop [72]=Oop }
                      ;*if_icmplt {reexecute=1 rethrow=0 return_oop=0}
                      ; - (reexecute) org.eclipse.osgi.internal.loader.classpath.ClasspathManager::findLocalClassImpl@50 (line 655)
  0x000002b2854d382c: 504c 2c07 | e986 feff 

  0x000002b2854d3834: ;   {internal_word}
  0x000002b2854d3834: ff49 bac3 | 374d 85b2 | 0200 004d | 8997 6004 

  0x000002b2854d3844: ;   {runtime_call SafepointBlob}
  0x000002b2854d3844: 0000 e935 

  0x000002b2854d3848: ;   {internal_word}
  0x000002b2854d3848: 2321 0749 | bae0 374d | 85b2 0200 | 004d 8997 | 6004 0000 

  0x000002b2854d385c: ;   {runtime_call SafepointBlob}
  0x000002b2854d385c: e91f 2321 | 0749 8b87 | f804 0000 | 49c7 87f8 | 0400 0000 | 0000 0049 | c787 0005 | 0000 0000 
  0x000002b2854d387c: 0000 4883 

  0x000002b2854d3880: ;   {runtime_call unwind_exception Runtime1 stub}
  0x000002b2854d3880: c460 5de9 | 780a 2307 
[Stub Code]
  0x000002b2854d3888: ;   {no_reloc}
  0x000002b2854d3888: 48bb e096 | 68dc b202 

  0x000002b2854d3890: ;   {runtime_call I2C/C2I adapters}
  0x000002b2854d3890: 0000 e958 

  0x000002b2854d3894: ;   {runtime_call handle_exception_from_callee Runtime1 stub}
  0x000002b2854d3894: 2620 07e8 | 640f 2c07 

  0x000002b2854d389c: ;   {external_word}
  0x000002b2854d389c: 48b9 2053 | 91ef fb7f | 0000 4883 

  0x000002b2854d38a8: ;   {runtime_call}
  0x000002b2854d38a8: e4f0 48b8 | 90b7 53ef | fb7f 0000 

  0x000002b2854d38b4: ;   {section_word}
  0x000002b2854d38b4: ffd0 f449 | bab7 384d | 85b2 0200 

  0x000002b2854d38c0: ;   {runtime_call DeoptimizationBlob}
  0x000002b2854d38c0: 0041 52e9 | 5837 2107 
[/MachCode]


---------------  P R O C E S S  ---------------

Threads class SMR info:
_java_thread_list=0x000002b2e0505ba0, length=15, elements={
0x000002b281f5a3b0, 0x000002b2989cbf50, 0x000002b2989d0770, 0x000002b2989d2f30,
0x000002b2989d5a90, 0x000002b2989d64e0, 0x000002b2989d6f30, 0x000002b2989d9d70,
0x000002b2db372330, 0x000002b2db55adf0, 0x000002b2db6f26b0, 0x000002b2dbeb4930,
0x000002b2dbd852e0, 0x000002b2dbd85940, 0x000002b2db542980
}

Java Threads: ( => current thread )
  0x000002b281f5a3b0 JavaThread "main"                              [_thread_blocked, id=5968, stack(0x000000b50a000000,0x000000b50a100000) (1024K)]
  0x000002b2989cbf50 JavaThread "Reference Handler"          daemon [_thread_blocked, id=14632, stack(0x000000b50a400000,0x000000b50a500000) (1024K)]
  0x000002b2989d0770 JavaThread "Finalizer"                  daemon [_thread_blocked, id=15176, stack(0x000000b50a500000,0x000000b50a600000) (1024K)]
  0x000002b2989d2f30 JavaThread "Signal Dispatcher"          daemon [_thread_blocked, id=16408, stack(0x000000b50a600000,0x000000b50a700000) (1024K)]
  0x000002b2989d5a90 JavaThread "Attach Listener"            daemon [_thread_blocked, id=16196, stack(0x000000b50a700000,0x000000b50a800000) (1024K)]
  0x000002b2989d64e0 JavaThread "Service Thread"             daemon [_thread_blocked, id=4160, stack(0x000000b50a800000,0x000000b50a900000) (1024K)]
  0x000002b2989d6f30 JavaThread "Monitor Deflation Thread"   daemon [_thread_blocked, id=14196, stack(0x000000b50a900000,0x000000b50aa00000) (1024K)]
  0x000002b2989d9d70 JavaThread "C2 CompilerThread0"         daemon [_thread_blocked, id=9008, stack(0x000000b50aa00000,0x000000b50ab00000) (1024K)]
  0x000002b2db372330 JavaThread "C1 CompilerThread0"         daemon [_thread_blocked, id=10384, stack(0x000000b50ab00000,0x000000b50ac00000) (1024K)]
  0x000002b2db55adf0 JavaThread "Common-Cleaner"             daemon [_thread_blocked, id=4768, stack(0x000000b50ac00000,0x000000b50ad00000) (1024K)]
  0x000002b2db6f26b0 JavaThread "Notification Thread"        daemon [_thread_blocked, id=7192, stack(0x000000b50ae00000,0x000000b50af00000) (1024K)]
  0x000002b2dbeb4930 JavaThread "Active Thread: Equinox Container: 082109ab-c2e5-4250-99ce-dc8f52dc3105"        [_thread_blocked, id=1644, stack(0x000000b50b600000,0x000000b50b700000) (1024K)]
  0x000002b2dbd852e0 JavaThread "Framework Event Dispatcher: Equinox Container: 082109ab-c2e5-4250-99ce-dc8f52dc3105" daemon [_thread_blocked, id=364, stack(0x000000b50b700000,0x000000b50b800000) (1024K)]
=>0x000002b2dbd85940 JavaThread "Start Level: Equinox Container: 082109ab-c2e5-4250-99ce-dc8f52dc3105" daemon [_thread_in_vm, id=16828, stack(0x000000b50b800000,0x000000b50b900000) (1024K)]
  0x000002b2db542980 JavaThread "SCR Component Actor"        daemon [_thread_blocked, id=15792, stack(0x000000b50ad00000,0x000000b50ae00000) (1024K)]
Total: 15

Other Threads:
  0x000002b2989b2840 VMThread "VM Thread"                           [id=2620, stack(0x000000b50a300000,0x000000b50a400000) (1024K)]
  0x000002b281fc6380 WatcherThread "VM Periodic Task Thread"        [id=2492, stack(0x000000b50a200000,0x000000b50a300000) (1024K)]
  0x000002b281f78fa0 WorkerThread "GC Thread#0"                     [id=8800, stack(0x000000b50a100000,0x000000b50a200000) (1024K)]
  0x000002b2dbe9b460 WorkerThread "GC Thread#1"                     [id=1724, stack(0x000000b50af00000,0x000000b50b000000) (1024K)]
  0x000002b2dbecbf60 WorkerThread "GC Thread#2"                     [id=1436, stack(0x000000b50b000000,0x000000b50b100000) (1024K)]
  0x000002b2dbd21ff0 WorkerThread "GC Thread#3"                     [id=13608, stack(0x000000b50b100000,0x000000b50b200000) (1024K)]
  0x000002b2dbd22390 WorkerThread "GC Thread#4"                     [id=13308, stack(0x000000b50b200000,0x000000b50b300000) (1024K)]
  0x000002b2dbacb340 WorkerThread "GC Thread#5"                     [id=15116, stack(0x000000b50b300000,0x000000b50b400000) (1024K)]
  0x000002b2dbacb6e0 WorkerThread "GC Thread#6"                     [id=6412, stack(0x000000b50b400000,0x000000b50b500000) (1024K)]
  0x000002b2e02c6160 WorkerThread "GC Thread#7"                     [id=13040, stack(0x000000b50b900000,0x000000b50ba00000) (1024K)]
Total: 10

Threads with active compile tasks:
Total: 0

VM state: not at safepoint (normal execution)

VM Mutex/Monitor currently owned by a thread:  ([mutex/lock_event])
[0x00007ffbefbcb4f0] Metaspace_lock - owner thread: 0x000002b2dbd85940

Heap address: 0x0000000080000000, size: 2048 MB, Compressed Oops mode: 32-bit

CDS archive(s) mapped at: [0x000002b299000000-0x000002b299ba0000-0x000002b299ba0000), size 12189696, SharedBaseAddress: 0x000002b299000000, ArchiveRelocationMode: 1.
Compressed class space mapped at: 0x000002b29a000000-0x000002b2da000000, reserved size: 1073741824
Narrow klass base: 0x000002b299000000, Narrow klass shift: 0, Narrow klass range: 0x100000000

GC Precious Log:
 CardTable entry size: 512
 CPUs: 8 total, 8 available
 Memory: 7886M
 Large Page Support: Disabled
 NUMA Support: Disabled
 Compressed Oops: Enabled (32-bit)
 Alignments: Space 512K, Generation 512K, Heap 2M
 Heap Min Capacity: 100M
 Heap Initial Capacity: 100M
 Heap Max Capacity: 2G
 Pre-touch: Disabled
 Parallel Workers: 8

Heap:
 PSYoungGen      total 29696K, used 23349K [0x00000000d5580000, 0x00000000d7680000, 0x0000000100000000)
  eden space 25600K, 75% used [0x00000000d5580000,0x00000000d684fcd0,0x00000000d6e80000)
  from space 4096K, 99% used [0x00000000d7280000,0x00000000d767d810,0x00000000d7680000)
  to   space 4096K, 0% used [0x00000000d6e80000,0x00000000d6e80000,0x00000000d7280000)
 ParOldGen       total 68608K, used 923K [0x0000000080000000, 0x0000000084300000, 0x00000000d5580000)
  object space 68608K, 1% used [0x0000000080000000,0x00000000800e6ec8,0x0000000084300000)
 Metaspace       used 11910K, committed 12352K, reserved 1114112K
  class space    used 1274K, committed 1472K, reserved 1048576K

Card table byte_map: [0x000002b281900000,0x000002b281d10000] _byte_map_base: 0x000002b281500000

Marking Bits: (ParMarkBitMap*) 0x00007ffbefbd2460
 Begin Bits: [0x000002b294410000, 0x000002b296410000)
 End Bits:   [0x000002b296410000, 0x000002b298410000)

Polling page: 0x000002b280130000

Metaspace:

Usage:
  Non-class:     10.39 MB used.
      Class:      1.24 MB used.
       Both:     11.63 MB used.

Virtual space:
  Non-class space:       64.00 MB reserved,      10.62 MB ( 17%) committed,  1 nodes.
      Class space:        1.00 GB reserved,       1.44 MB ( <1%) committed,  1 nodes.
             Both:        1.06 GB reserved,      12.06 MB (  1%) committed. 

Chunk freelists:
   Non-Class:  4.98 MB
       Class:  14.57 MB
        Both:  19.55 MB

MaxMetaspaceSize: unlimited
CompressedClassSpaceSize: 1.00 GB
Initial GC threshold: 21.00 MB
Current GC threshold: 21.00 MB
CDS: on
 - commit_granule_bytes: 65536.
 - commit_granule_words: 8192.
 - virtual_space_node_default_size: 8388608.
 - enlarge_chunks_in_place: 1.
 - use_allocation_guard: 0.


Internal statistics:

num_allocs_failed_limit: 0.
num_arena_births: 316.
num_arena_deaths: 0.
num_vsnodes_births: 2.
num_vsnodes_deaths: 0.
num_space_committed: 193.
num_space_uncommitted: 0.
num_chunks_returned_to_freelist: 0.
num_chunks_taken_from_freelist: 700.
num_chunk_merges: 0.
num_chunk_splits: 446.
num_chunks_enlarged: 287.
num_inconsistent_stats: 0.

CodeHeap 'non-profiled nmethods': size=120000Kb used=895Kb max_used=895Kb free=119104Kb
 bounds [0x000002b28cc30000, 0x000002b28cea0000, 0x000002b294160000]
CodeHeap 'profiled nmethods': size=120000Kb used=3933Kb max_used=3933Kb free=116066Kb
 bounds [0x000002b285160000, 0x000002b285540000, 0x000002b28c690000]
CodeHeap 'non-nmethods': size=5760Kb used=1255Kb max_used=1266Kb free=4504Kb
 bounds [0x000002b28c690000, 0x000002b28c900000, 0x000002b28cc30000]
CodeCache: size=245760Kb, used=6083Kb, max_used=6094Kb, free=239674Kb
 total_blobs=2634, nmethods=2122, adapters=418, full_count=0
Compilation: enabled, stopped_count=0, restarted_count=0

Compilation events (20 events):
Event: 2.671 Thread 0x000002b2989d9d70 nmethod 2108 0x000002b28cd0e910 code [0x000002b28cd0eaa0, 0x000002b28cd0eb70]
Event: 2.671 Thread 0x000002b2989d9d70 2111       4       java.util.concurrent.ConcurrentHashMap::putIfAbsent (8 bytes)
Event: 2.671 Thread 0x000002b2db372330 2112       3       java.util.concurrent.ConcurrentHashMap$KeyIterator::next (34 bytes)
Event: 2.672 Thread 0x000002b2db372330 nmethod 2112 0x000002b28552a890 code [0x000002b28552aa60, 0x000002b28552ace0]
Event: 2.672 Thread 0x000002b2989d9d70 nmethod 2111 0x000002b28cd0ec10 code [0x000002b28cd0eda0, 0x000002b28cd0ee58]
Event: 2.672 Thread 0x000002b2989d9d70 2113       4       java.util.concurrent.ConcurrentHashMap$BaseIterator::hasNext (13 bytes)
Event: 2.672 Thread 0x000002b2989d9d70 nmethod 2113 0x000002b28cd0ef10 code [0x000002b28cd0f0a0, 0x000002b28cd0f130]
Event: 2.673 Thread 0x000002b2db372330 2114   !   3       org.eclipse.osgi.framework.eventmgr.EventManager::dispatchEvent (69 bytes)
Event: 2.674 Thread 0x000002b2db372330 nmethod 2114 0x000002b28552ae10 code [0x000002b28552b040, 0x000002b28552b808]
Event: 2.674 Thread 0x000002b2db372330 2115       3       java.util.regex.Pattern::next (33 bytes)
Event: 2.674 Thread 0x000002b2db372330 nmethod 2115 0x000002b28552ba90 code [0x000002b28552bc40, 0x000002b28552be98]
Event: 2.677 Thread 0x000002b2db372330 2120       3       java.util.LinkedList$ListItr::checkForComodification (23 bytes)
Event: 2.677 Thread 0x000002b2db372330 nmethod 2120 0x000002b28552bf90 code [0x000002b28552c140, 0x000002b28552c368]
Event: 2.677 Thread 0x000002b2db372330 2122       3       java.util.LinkedList$ListItr::hasNext (20 bytes)
Event: 2.677 Thread 0x000002b2db372330 nmethod 2122 0x000002b28552c490 code [0x000002b28552c640, 0x000002b28552c7b0]
Event: 2.677 Thread 0x000002b2db372330 2121       3       org.eclipse.osgi.framework.util.CaseInsensitiveDictionaryMap::get (15 bytes)
Event: 2.678 Thread 0x000002b2db372330 nmethod 2121 0x000002b28552c890 code [0x000002b28552caa0, 0x000002b28552d1e0]
Event: 2.696 Thread 0x000002b2db372330 2123       3       org.eclipse.osgi.internal.loader.classpath.ClasspathEntry::findEntry (56 bytes)
Event: 2.697 Thread 0x000002b2db372330 nmethod 2123 0x000002b28552d410 code [0x000002b28552d760, 0x000002b28552efb0]
Event: 2.698 Thread 0x000002b2db372330 2124   !   3       org.eclipse.osgi.internal.loader.classpath.ClasspathManager::findClassImpl (328 bytes)

GC Heap History (4 events):
Event: 1.005 GC heap before
{Heap before GC invocations=1 (full 0):
 PSYoungGen      total 29696K, used 25600K [0x00000000d5580000, 0x00000000d7680000, 0x0000000100000000)
  eden space 25600K, 100% used [0x00000000d5580000,0x00000000d6e80000,0x00000000d6e80000)
  from space 4096K, 0% used [0x00000000d7280000,0x00000000d7280000,0x00000000d7680000)
  to   space 4096K, 0% used [0x00000000d6e80000,0x00000000d6e80000,0x00000000d7280000)
 ParOldGen       total 68608K, used 0K [0x0000000080000000, 0x0000000084300000, 0x00000000d5580000)
  object space 68608K, 0% used [0x0000000080000000,0x0000000080000000,0x0000000084300000)
 Metaspace       used 4338K, committed 4544K, reserved 1114112K
  class space    used 473K, committed 576K, reserved 1048576K
}
Event: 1.016 GC heap after
{Heap after GC invocations=1 (full 0):
 PSYoungGen      total 29696K, used 3280K [0x00000000d5580000, 0x00000000d7680000, 0x0000000100000000)
  eden space 25600K, 0% used [0x00000000d5580000,0x00000000d5580000,0x00000000d6e80000)
  from space 4096K, 80% used [0x00000000d6e80000,0x00000000d71b4148,0x00000000d7280000)
  to   space 4096K, 0% used [0x00000000d7280000,0x00000000d7280000,0x00000000d7680000)
 ParOldGen       total 68608K, used 16K [0x0000000080000000, 0x0000000084300000, 0x00000000d5580000)
  object space 68608K, 0% used [0x0000000080000000,0x0000000080004000,0x0000000084300000)
 Metaspace       used 4338K, committed 4544K, reserved 1114112K
  class space    used 473K, committed 576K, reserved 1048576K
}
Event: 1.858 GC heap before
{Heap before GC invocations=2 (full 0):
 PSYoungGen      total 29696K, used 28880K [0x00000000d5580000, 0x00000000d7680000, 0x0000000100000000)
  eden space 25600K, 100% used [0x00000000d5580000,0x00000000d6e80000,0x00000000d6e80000)
  from space 4096K, 80% used [0x00000000d6e80000,0x00000000d71b4148,0x00000000d7280000)
  to   space 4096K, 0% used [0x00000000d7280000,0x00000000d7280000,0x00000000d7680000)
 ParOldGen       total 68608K, used 16K [0x0000000080000000, 0x0000000084300000, 0x00000000d5580000)
  object space 68608K, 0% used [0x0000000080000000,0x0000000080004000,0x0000000084300000)
 Metaspace       used 8273K, committed 8576K, reserved 1114112K
  class space    used 882K, committed 1024K, reserved 1048576K
}
Event: 1.863 GC heap after
{Heap after GC invocations=2 (full 0):
 PSYoungGen      total 29696K, used 4086K [0x00000000d5580000, 0x00000000d7680000, 0x0000000100000000)
  eden space 25600K, 0% used [0x00000000d5580000,0x00000000d5580000,0x00000000d6e80000)
  from space 4096K, 99% used [0x00000000d7280000,0x00000000d767d810,0x00000000d7680000)
  to   space 4096K, 0% used [0x00000000d6e80000,0x00000000d6e80000,0x00000000d7280000)
 ParOldGen       total 68608K, used 923K [0x0000000080000000, 0x0000000084300000, 0x00000000d5580000)
  object space 68608K, 1% used [0x0000000080000000,0x00000000800e6ec8,0x0000000084300000)
 Metaspace       used 8273K, committed 8576K, reserved 1114112K
  class space    used 882K, committed 1024K, reserved 1048576K
}

Dll operation events (9 events):
Event: 0.022 Loaded shared library c:\Users\88018\.vscode\extensions\redhat.java-1.50.0-win32-x64\jre\21.0.9-win32-x86_64\bin\java.dll
Event: 0.150 Loaded shared library c:\Users\88018\.vscode\extensions\redhat.java-1.50.0-win32-x64\jre\21.0.9-win32-x86_64\bin\zip.dll
Event: 0.187 Loaded shared library C:\Users\88018\.vscode\extensions\redhat.java-1.50.0-win32-x64\jre\21.0.9-win32-x86_64\bin\instrument.dll
Event: 0.194 Loaded shared library C:\Users\88018\.vscode\extensions\redhat.java-1.50.0-win32-x64\jre\21.0.9-win32-x86_64\bin\net.dll
Event: 0.196 Loaded shared library C:\Users\88018\.vscode\extensions\redhat.java-1.50.0-win32-x64\jre\21.0.9-win32-x86_64\bin\nio.dll
Event: 0.200 Loaded shared library C:\Users\88018\.vscode\extensions\redhat.java-1.50.0-win32-x64\jre\21.0.9-win32-x86_64\bin\zip.dll
Event: 0.226 Loaded shared library C:\Users\88018\.vscode\extensions\redhat.java-1.50.0-win32-x64\jre\21.0.9-win32-x86_64\bin\jimage.dll
Event: 0.326 Loaded shared library c:\Users\88018\.vscode\extensions\redhat.java-1.50.0-win32-x64\jre\21.0.9-win32-x86_64\bin\verify.dll
Event: 1.923 Loaded shared library C:\Users\88018\AppData\Roaming\Code\User\globalStorage\redhat.java\1.50.0\config_ss_win\org.eclipse.equinox.launcher\org.eclipse.equinox.launcher.win32.win32.x86_64_1.2.1400.v20250801-0854\eclipse_11916.dll

Deoptimization events (20 events):
Event: 2.366 Thread 0x000002b2dbd85940 Uncommon trap: trap_request=0xffffffc6 fr.pc=0x000002b28ccfc9dc relative=0x00000000000013dc
Event: 2.366 Thread 0x000002b2dbd85940 Uncommon trap: reason=bimorphic_or_optimized_type_check action=maybe_recompile pc=0x000002b28ccfc9dc method=java.io.DataInputStream.readFully([BII)V @ 30 c2
Event: 2.366 Thread 0x000002b2dbd85940 DEOPT PACKING pc=0x000002b28ccfc9dc sp=0x000000b50b8fb570
Event: 2.366 Thread 0x000002b2dbd85940 DEOPT UNPACKING pc=0x000002b28c6e6da2 sp=0x000000b50b8fb568 mode 2
Event: 2.634 Thread 0x000002b2dbd85940 Uncommon trap: trap_request=0xffffff45 fr.pc=0x000002b28cc9c118 relative=0x0000000000001b58
Event: 2.634 Thread 0x000002b2dbd85940 Uncommon trap: reason=unstable_if action=reinterpret pc=0x000002b28cc9c118 method=java.util.jar.Manifest$FastInputStream.readLine([BII)I @ 106 c2
Event: 2.634 Thread 0x000002b2dbd85940 DEOPT PACKING pc=0x000002b28cc9c118 sp=0x000000b50b8fdd70
Event: 2.634 Thread 0x000002b2dbd85940 DEOPT UNPACKING pc=0x000002b28c6e6da2 sp=0x000000b50b8fdc60 mode 2
Event: 2.634 Thread 0x000002b2dbd85940 Uncommon trap: trap_request=0xffffff45 fr.pc=0x000002b28cc9ff64 relative=0x0000000000000484
Event: 2.634 Thread 0x000002b2dbd85940 Uncommon trap: reason=unstable_if action=reinterpret pc=0x000002b28cc9ff64 method=java.util.jar.Manifest$FastInputStream.readLine([BII)I @ 106 c2
Event: 2.634 Thread 0x000002b2dbd85940 DEOPT PACKING pc=0x000002b28cc9ff64 sp=0x000000b50b8fdd20
Event: 2.634 Thread 0x000002b2dbd85940 DEOPT UNPACKING pc=0x000002b28c6e6da2 sp=0x000000b50b8fdc58 mode 2
Event: 2.634 Thread 0x000002b2dbd85940 Uncommon trap: trap_request=0xffffff45 fr.pc=0x000002b28cc8648c relative=0x00000000000004ac
Event: 2.634 Thread 0x000002b2dbd85940 Uncommon trap: reason=unstable_if action=reinterpret pc=0x000002b28cc8648c method=java.util.jar.Manifest$FastInputStream.readLine([BII)I @ 106 c2
Event: 2.634 Thread 0x000002b2dbd85940 DEOPT PACKING pc=0x000002b28cc8648c sp=0x000000b50b8fdcb0
Event: 2.634 Thread 0x000002b2dbd85940 DEOPT UNPACKING pc=0x000002b28c6e6da2 sp=0x000000b50b8fdc60 mode 2
Event: 2.634 Thread 0x000002b2dbd85940 Uncommon trap: trap_request=0xffffff45 fr.pc=0x000002b28cc9f758 relative=0x00000000000000b8
Event: 2.634 Thread 0x000002b2dbd85940 Uncommon trap: reason=unstable_if action=reinterpret pc=0x000002b28cc9f758 method=java.util.jar.Manifest$FastInputStream.peek()B @ 23 c2
Event: 2.634 Thread 0x000002b2dbd85940 DEOPT PACKING pc=0x000002b28cc9f758 sp=0x000000b50b8fdd80
Event: 2.634 Thread 0x000002b2dbd85940 DEOPT UNPACKING pc=0x000002b28c6e6da2 sp=0x000000b50b8fdd18 mode 2

Classes loaded (20 events):
Event: 2.342 Loading class java/nio/file/FileSystemException done
Event: 2.342 Loading class java/nio/file/NoSuchFileException done
Event: 2.434 Loading class java/util/Comparators$NaturalOrderComparator
Event: 2.435 Loading class java/util/Comparators$NaturalOrderComparator done
Event: 2.435 Loading class java/util/Collections$ReverseComparator2
Event: 2.435 Loading class java/util/Collections$ReverseComparator2 done
Event: 2.668 Loading class sun/util/calendar/ZoneInfoFile$Checksum
Event: 2.668 Loading class sun/util/calendar/ZoneInfoFile$Checksum done
Event: 2.669 Loading class java/time/zone/ZoneRulesProvider
Event: 2.669 Loading class java/time/zone/ZoneRulesProvider done
Event: 2.669 Loading class java/time/zone/ZoneRulesProvider$1
Event: 2.669 Loading class java/time/zone/ZoneRulesProvider$1 done
Event: 2.669 Loading class java/time/zone/TzdbZoneRulesProvider
Event: 2.669 Loading class java/time/zone/TzdbZoneRulesProvider done
Event: 2.672 Loading class java/time/zone/Ser
Event: 2.672 Loading class java/io/Externalizable
Event: 2.672 Loading class java/io/Externalizable done
Event: 2.672 Loading class java/time/zone/Ser done
Event: 2.675 Loading class java/util/Formatter$FixedString
Event: 2.676 Loading class java/util/Formatter$FixedString done

Classes unloaded (0 events):
No events

Classes redefined (0 events):
No events

Internal exceptions (20 events):
Event: 1.071 Thread 0x000002b281f5a3b0 Implicit null exception at 0x000002b28cc94ba9 to 0x000002b28cc956e4
Event: 1.071 Thread 0x000002b281f5a3b0 Implicit null exception at 0x000002b28cc8ea1a to 0x000002b28cc8ec20
Event: 1.072 Thread 0x000002b281f5a3b0 Exception <a 'java/lang/NoSuchMethodError'{0x00000000d56d6978}: 'void java.lang.invoke.DirectMethodHandle$Holder.invokeStatic(java.lang.Object, java.lang.Object, java.lang.Object, java.lang.Object)'> (0x00000000d56d6978) 
thrown [s\src\hotspot\share\interpreter\linkResolver.cpp, line 773]
Event: 1.073 Thread 0x000002b281f5a3b0 Implicit null exception at 0x000002b28cc8f11a to 0x000002b28cc8f324
Event: 1.073 Thread 0x000002b281f5a3b0 Implicit null exception at 0x000002b28cc8a93d to 0x000002b28cc8a9c1
Event: 1.186 Thread 0x000002b281f5a3b0 Exception <a 'java/lang/NoSuchMethodError'{0x00000000d598a2c0}: 'void java.lang.invoke.DirectMethodHandle$Holder.invokeSpecial(java.lang.Object, java.lang.Object, java.lang.Object)'> (0x00000000d598a2c0) 
thrown [s\src\hotspot\share\interpreter\linkResolver.cpp, line 773]
Event: 1.447 Thread 0x000002b281f5a3b0 Exception <a 'java/lang/NoSuchMethodError'{0x00000000d6238d58}: 'int java.lang.invoke.DirectMethodHandle$Holder.invokeVirtual(java.lang.Object, java.lang.Object)'> (0x00000000d6238d58) 
thrown [s\src\hotspot\share\interpreter\linkResolver.cpp, line 773]
Event: 1.528 Thread 0x000002b281f5a3b0 Exception <a 'java/lang/NoSuchMethodError'{0x00000000d63ac5f8}: 'int java.lang.invoke.DirectMethodHandle$Holder.invokeStaticInit(java.lang.Object, java.lang.Object, java.lang.Object, java.lang.Object)'> (0x00000000d63ac5f8) 
thrown [s\src\hotspot\share\interpreter\linkResolver.cpp, line 773]
Event: 1.529 Thread 0x000002b281f5a3b0 Exception <a 'java/lang/IncompatibleClassChangeError'{0x00000000d63b4a00}: Found class java.lang.Object, but interface was expected> (0x00000000d63b4a00) 
thrown [s\src\hotspot\share\interpreter\linkResolver.cpp, line 840]
Event: 1.531 Thread 0x000002b281f5a3b0 Exception <a 'java/lang/NoSuchMethodError'{0x00000000d63bafb0}: 'void java.lang.invoke.DirectMethodHandle$Holder.invokeStaticInit(java.lang.Object, java.lang.Object)'> (0x00000000d63bafb0) 
thrown [s\src\hotspot\share\interpreter\linkResolver.cpp, line 773]
Event: 1.532 Thread 0x000002b281f5a3b0 Exception <a 'java/lang/NoSuchMethodError'{0x00000000d63c4168}: 'int java.lang.invoke.DirectMethodHandle$Holder.invokeStaticInit(java.lang.Object, java.lang.Object)'> (0x00000000d63c4168) 
thrown [s\src\hotspot\share\interpreter\linkResolver.cpp, line 773]
Event: 1.594 Thread 0x000002b281f5a3b0 Exception <a 'java/lang/NoSuchMethodError'{0x00000000d660a918}: 'java.lang.Object java.lang.invoke.DirectMethodHandle$Holder.newInvokeSpecial(java.lang.Object, int, java.lang.Object)'> (0x00000000d660a918) 
thrown [s\src\hotspot\share\interpreter\linkResolver.cpp, line 773]
Event: 1.641 Thread 0x000002b281f5a3b0 Exception <a 'java/lang/ClassNotFoundException'{0x00000000d6821510}: sun/net/www/protocol/plurl/Handler> (0x00000000d6821510) 
thrown [s\src\hotspot\share\classfile\systemDictionary.cpp, line 312]
Event: 1.641 Thread 0x000002b281f5a3b0 Exception <a 'java/lang/ClassNotFoundException'{0x00000000d6822390}: sun/net/www/protocol/plurl/Handler> (0x00000000d6822390) 
thrown [s\src\hotspot\share\classfile\systemDictionary.cpp, line 312]
Event: 1.776 Thread 0x000002b281f5a3b0 Exception <a 'java/lang/UnsatisfiedLinkError'{0x00000000d6c235b0}: 'void org.eclipse.equinox.launcher.JNIBridge._update_splash()'> (0x00000000d6c235b0) 
thrown [s\src\hotspot\share\prims\nativeLookup.cpp, line 415]
Event: 1.896 Thread 0x000002b2dbd85940 Exception <a 'java/lang/NullPointerException'{0x00000000d56a28d8}> (0x00000000d56a28d8) 
thrown [s\src\hotspot\share\interpreter\linkResolver.cpp, line 1372]
Event: 1.896 Thread 0x000002b2dbd85940 Exception <a 'java/lang/NullPointerException'{0x00000000d56a2bb8}> (0x00000000d56a2bb8) 
thrown [s\src\hotspot\share\interpreter\linkResolver.cpp, line 1372]
Event: 2.268 Thread 0x000002b2dbd85940 Exception <a 'java/lang/NoSuchMethodError'{0x00000000d6024980}: 'long java.lang.invoke.DirectMethodHandle$Holder.invokeSpecial(java.lang.Object, java.lang.Object)'> (0x00000000d6024980) 
thrown [s\src\hotspot\share\interpreter\linkResolver.cpp, line 773]
Event: 2.355 Thread 0x000002b2dbd85940 Exception <a 'java/io/FileNotFoundException'{0x00000000d61ef228}> (0x00000000d61ef228) 
thrown [s\src\hotspot\share\prims\jni.cpp, line 520]
Event: 2.506 Thread 0x000002b2dbd85940 Exception <a 'java/lang/NoSuchMethodError'{0x00000000d64ff958}: 'java.lang.Object java.lang.invoke.Invokers$Holder.linkToTargetMethod(java.lang.Object, long, java.lang.Object)'> (0x00000000d64ff958) 
thrown [s\src\hotspot\share\interpreter\linkResolver.cpp, line 773]

ZGC Phase Switch (0 events):
No events

VM Operations (20 events):
Event: 0.978 Executing VM operation: ICBufferFull
Event: 0.978 Executing VM operation: ICBufferFull done
Event: 1.005 Executing VM operation: ParallelGCFailedAllocation (Allocation Failure)
Event: 1.016 Executing VM operation: ParallelGCFailedAllocation (Allocation Failure) done
Event: 1.565 Executing VM operation: HandshakeAllThreads (Deoptimize)
Event: 1.565 Executing VM operation: HandshakeAllThreads (Deoptimize) done
Event: 1.576 Executing VM operation: HandshakeAllThreads (Deoptimize)
Event: 1.576 Executing VM operation: HandshakeAllThreads (Deoptimize) done
Event: 1.622 Executing VM operation: HandshakeAllThreads (Deoptimize)
Event: 1.622 Executing VM operation: HandshakeAllThreads (Deoptimize) done
Event: 1.636 Executing VM operation: HandshakeAllThreads (Deoptimize)
Event: 1.636 Executing VM operation: HandshakeAllThreads (Deoptimize) done
Event: 1.846 Executing VM operation: ICBufferFull
Event: 1.847 Executing VM operation: ICBufferFull done
Event: 1.858 Executing VM operation: ParallelGCFailedAllocation (Allocation Failure)
Event: 1.863 Executing VM operation: ParallelGCFailedAllocation (Allocation Failure) done
Event: 2.030 Executing VM operation: HandshakeAllThreads (Deoptimize)
Event: 2.030 Executing VM operation: HandshakeAllThreads (Deoptimize) done
Event: 2.668 Executing VM operation: HandshakeAllThreads (Deoptimize)
Event: 2.668 Executing VM operation: HandshakeAllThreads (Deoptimize) done

Memory protections (0 events):
No events

Nmethod flushes (0 events):
No events

Events (20 events):
Event: 0.077 Thread 0x000002b281f5a3b0 Thread added: 0x000002b2989cbf50
Event: 0.077 Thread 0x000002b281f5a3b0 Thread added: 0x000002b2989d0770
Event: 0.078 Thread 0x000002b281f5a3b0 Thread added: 0x000002b2989d2f30
Event: 0.078 Thread 0x000002b281f5a3b0 Thread added: 0x000002b2989d5a90
Event: 0.078 Thread 0x000002b281f5a3b0 Thread added: 0x000002b2989d64e0
Event: 0.078 Thread 0x000002b281f5a3b0 Thread added: 0x000002b2989d6f30
Event: 0.078 Thread 0x000002b281f5a3b0 Thread added: 0x000002b2989d9d70
Event: 0.086 Thread 0x000002b281f5a3b0 Thread added: 0x000002b2db372330
Event: 0.190 Thread 0x000002b281f5a3b0 Thread added: 0x000002b2db55adf0
Event: 0.320 Thread 0x000002b2db372330 Thread added: 0x000002b2db542980
Event: 0.474 Thread 0x000002b281f5a3b0 Thread added: 0x000002b2db6f26b0
Event: 1.245 Thread 0x000002b2db372330 Thread added: 0x000002b2dbe7b440
Event: 1.547 Thread 0x000002b281f5a3b0 Thread added: 0x000002b2dbeb4930
Event: 1.770 Thread 0x000002b281f5a3b0 Thread added: 0x000002b2dbd852e0
Event: 1.774 Thread 0x000002b281f5a3b0 Thread added: 0x000002b2dbd85940
Event: 1.923 Thread 0x000002b2dbe7b440 Thread exited: 0x000002b2dbe7b440
Event: 1.964 Thread 0x000002b2db542980 Thread exited: 0x000002b2db542980
Event: 2.013 Thread 0x000002b2dbd85940 Thread added: 0x000002b2db542980
Event: 2.281 Thread 0x000002b2db372330 Thread added: 0x000002b2dbba9790
Event: 2.655 Thread 0x000002b2dbba9790 Thread exited: 0x000002b2dbba9790


Dynamic libraries:
0x00007ff6dbb70000 - 0x00007ff6dbb7e000 	c:\Users\88018\.vscode\extensions\redhat.java-1.50.0-win32-x64\jre\21.0.9-win32-x86_64\bin\java.exe
0x00007ffc81ee0000 - 0x00007ffc82147000 	C:\WINDOWS\SYSTEM32\ntdll.dll
0x00007ffc80660000 - 0x00007ffc80729000 	C:\WINDOWS\System32\KERNEL32.DLL
0x00007ffc7f3c0000 - 0x00007ffc7f7af000 	C:\WINDOWS\System32\KERNELBASE.dll
0x00007ffc7f7c0000 - 0x00007ffc7f90b000 	C:\WINDOWS\System32\ucrtbase.dll
0x00007ffc6e440000 - 0x00007ffc6e458000 	c:\Users\88018\.vscode\extensions\redhat.java-1.50.0-win32-x64\jre\21.0.9-win32-x86_64\bin\jli.dll
0x00007ffc68db0000 - 0x00007ffc68dce000 	c:\Users\88018\.vscode\extensions\redhat.java-1.50.0-win32-x64\jre\21.0.9-win32-x86_64\bin\VCRUNTIME140.dll
0x00007ffc81bd0000 - 0x00007ffc81d95000 	C:\WINDOWS\System32\USER32.dll
0x00007ffc7f910000 - 0x00007ffc7f937000 	C:\WINDOWS\System32\win32u.dll
0x00007ffc63270000 - 0x00007ffc63503000 	C:\WINDOWS\WinSxS\amd64_microsoft.windows.common-controls_6595b64144ccf1df_6.0.26100.7309_none_3e05feeae336a044\COMCTL32.dll
0x00007ffc80e90000 - 0x00007ffc80ebb000 	C:\WINDOWS\System32\GDI32.dll
0x00007ffc810a0000 - 0x00007ffc81149000 	C:\WINDOWS\System32\msvcrt.dll
0x00007ffc7fb50000 - 0x00007ffc7fc7c000 	C:\WINDOWS\System32\gdi32full.dll
0x00007ffc7f1a0000 - 0x00007ffc7f243000 	C:\WINDOWS\System32\msvcp_win.dll
0x00007ffc818c0000 - 0x00007ffc818f1000 	C:\WINDOWS\System32\IMM32.DLL
0x00007ffc7b970000 - 0x00007ffc7b97c000 	c:\Users\88018\.vscode\extensions\redhat.java-1.50.0-win32-x64\jre\21.0.9-win32-x86_64\bin\vcruntime140_1.dll
0x00007ffc3fb30000 - 0x00007ffc3fbbd000 	c:\Users\88018\.vscode\extensions\redhat.java-1.50.0-win32-x64\jre\21.0.9-win32-x86_64\bin\msvcp140.dll
0x00007ffbeef10000 - 0x00007ffbefcb0000 	c:\Users\88018\.vscode\extensions\redhat.java-1.50.0-win32-x64\jre\21.0.9-win32-x86_64\bin\server\jvm.dll
0x00007ffc7fde0000 - 0x00007ffc7fe94000 	C:\WINDOWS\System32\ADVAPI32.dll
0x00007ffc81900000 - 0x00007ffc819a6000 	C:\WINDOWS\System32\sechost.dll
0x00007ffc81ab0000 - 0x00007ffc81bc8000 	C:\WINDOWS\System32\RPCRT4.dll
0x00007ffc81180000 - 0x00007ffc811f4000 	C:\WINDOWS\System32\WS2_32.dll
0x00007ffc7ee90000 - 0x00007ffc7eeee000 	C:\WINDOWS\SYSTEM32\POWRPROF.dll
0x00007ffc668f0000 - 0x00007ffc66925000 	C:\WINDOWS\SYSTEM32\WINMM.dll
0x00007ffc73ee0000 - 0x00007ffc73eeb000 	C:\WINDOWS\SYSTEM32\VERSION.dll
0x00007ffc7ee70000 - 0x00007ffc7ee84000 	C:\WINDOWS\SYSTEM32\UMPDC.dll
0x00007ffc7dde0000 - 0x00007ffc7ddfb000 	C:\WINDOWS\SYSTEM32\kernel.appcore.dll
0x00007ffc6d550000 - 0x00007ffc6d55a000 	c:\Users\88018\.vscode\extensions\redhat.java-1.50.0-win32-x64\jre\21.0.9-win32-x86_64\bin\jimage.dll
0x00007ffc7c6a0000 - 0x00007ffc7c8e2000 	C:\WINDOWS\SYSTEM32\DBGHELP.DLL
0x00007ffc80160000 - 0x00007ffc804e5000 	C:\WINDOWS\System32\combase.dll
0x00007ffc7fc90000 - 0x00007ffc7fd66000 	C:\WINDOWS\System32\OLEAUT32.dll
0x00007ffc5f740000 - 0x00007ffc5f77c000 	C:\WINDOWS\SYSTEM32\dbgcore.DLL
0x00007ffc7f310000 - 0x00007ffc7f3b5000 	C:\WINDOWS\System32\bcryptPrimitives.dll
0x00007ffc69140000 - 0x00007ffc6914f000 	c:\Users\88018\.vscode\extensions\redhat.java-1.50.0-win32-x64\jre\21.0.9-win32-x86_64\bin\instrument.dll
0x00007ffc68710000 - 0x00007ffc68730000 	c:\Users\88018\.vscode\extensions\redhat.java-1.50.0-win32-x64\jre\21.0.9-win32-x86_64\bin\java.dll
0x00007ffc80730000 - 0x00007ffc80e83000 	C:\WINDOWS\System32\SHELL32.dll
0x00007ffc7f030000 - 0x00007ffc7f19a000 	C:\WINDOWS\System32\wintypes.dll
0x00007ffc7cc00000 - 0x00007ffc7d45e000 	C:\WINDOWS\SYSTEM32\windows.storage.dll
0x00007ffc819b0000 - 0x00007ffc81aa5000 	C:\WINDOWS\System32\SHCORE.dll
0x00007ffc804f0000 - 0x00007ffc80556000 	C:\WINDOWS\System32\shlwapi.dll
0x00007ffc7ef50000 - 0x00007ffc7ef79000 	C:\WINDOWS\SYSTEM32\profapi.dll
0x00007ffc68730000 - 0x00007ffc68748000 	c:\Users\88018\.vscode\extensions\redhat.java-1.50.0-win32-x64\jre\21.0.9-win32-x86_64\bin\zip.dll
0x00007ffc6ce40000 - 0x00007ffc6ce50000 	C:\Users\88018\.vscode\extensions\redhat.java-1.50.0-win32-x64\jre\21.0.9-win32-x86_64\bin\net.dll
0x00007ffc6f990000 - 0x00007ffc6fab8000 	C:\WINDOWS\SYSTEM32\WINHTTP.dll
0x00007ffc7e350000 - 0x00007ffc7e3bb000 	C:\WINDOWS\system32\mswsock.dll
0x00007ffc68440000 - 0x00007ffc68456000 	C:\Users\88018\.vscode\extensions\redhat.java-1.50.0-win32-x64\jre\21.0.9-win32-x86_64\bin\nio.dll
0x00007ffc68da0000 - 0x00007ffc68db0000 	c:\Users\88018\.vscode\extensions\redhat.java-1.50.0-win32-x64\jre\21.0.9-win32-x86_64\bin\verify.dll
0x00007ffc65f20000 - 0x00007ffc65f64000 	C:\Users\88018\AppData\Roaming\Code\User\globalStorage\redhat.java\1.50.0\config_ss_win\org.eclipse.equinox.launcher\org.eclipse.equinox.launcher.win32.win32.x86_64_1.2.1400.v20250801-0854\eclipse_11916.dll
0x00007ffc7ffc0000 - 0x00007ffc80157000 	C:\WINDOWS\System32\ole32.dll

JVMTI agents:
c:\Users\88018\.vscode\extensions\redhat.java-1.50.0-win32-x64\lombok\lombok-1.18.39-4050.jar path:c:\Users\88018\.vscode\extensions\redhat.java-1.50.0-win32-x64\jre\21.0.9-win32-x86_64\bin\instrument.dll, loaded, initialized, instrumentlib options:none

dbghelp: loaded successfully - version: 4.0.5 - missing functions: none
symbol engine: initialized successfully - sym options: 0x614 - pdb path: .;c:\Users\88018\.vscode\extensions\redhat.java-1.50.0-win32-x64\jre\21.0.9-win32-x86_64\bin;C:\WINDOWS\SYSTEM32;C:\WINDOWS\WinSxS\amd64_microsoft.windows.common-controls_6595b64144ccf1df_6.0.26100.7309_none_3e05feeae336a044;c:\Users\88018\.vscode\extensions\redhat.java-1.50.0-win32-x64\jre\21.0.9-win32-x86_64\bin\server;C:\Users\88018\AppData\Roaming\Code\User\globalStorage\redhat.java\1.50.0\config_ss_win\org.eclipse.equinox.launcher\org.eclipse.equinox.launcher.win32.win32.x86_64_1.2.1400.v20250801-0854

VM Arguments:
jvm_args: --add-modules=ALL-SYSTEM --add-opens=java.base/java.util=ALL-UNNAMED --add-opens=java.base/java.lang=ALL-UNNAMED --add-opens=java.base/sun.nio.fs=ALL-UNNAMED -Declipse.application=org.eclipse.jdt.ls.core.id1 -Dosgi.bundles.defaultStartLevel=4 -Declipse.product=org.eclipse.jdt.ls.core.product -Djava.import.generatesMetadataFilesAtProjectRoot=false -DDetectVMInstallationsJob.disabled=true -Dfile.encoding=utf8 -XX:+UseParallelGC -XX:GCTimeRatio=4 -XX:AdaptiveSizePolicyWeight=90 -Dsun.zip.disableMemoryMapping=true -Xmx2G -Xms100m -Xlog:disable -javaagent:c:\Users\88018\.vscode\extensions\redhat.java-1.50.0-win32-x64\lombok\lombok-1.18.39-4050.jar 
java_command: c:\Users\88018\.vscode\extensions\redhat.java-1.50.0-win32-x64\server\plugins\org.eclipse.equinox.launcher_1.7.100.v20251111-0406.jar -configuration c:\Users\88018\AppData\Roaming\Code\User\globalStorage\redhat.java\1.50.0\config_ss_win -data c:\Users\88018\AppData\Roaming\Code\User\workspaceStorage\d2e837351fd8ae200bb528c6219aa449\redhat.java\ss_ws --pipe=\\.\pipe\lsp-f3c57e2ae76c0bcda2d4ff6a022ef6e4-sock
java_class_path (initial): c:\Users\88018\.vscode\extensions\redhat.java-1.50.0-win32-x64\server\plugins\org.eclipse.equinox.launcher_1.7.100.v20251111-0406.jar
Launcher Type: SUN_STANDARD

[Global flags]
    uintx AdaptiveSizePolicyWeight                 = 90                                        {product} {command line}
     intx CICompilerCount                          = 4                                         {product} {ergonomic}
    uintx GCTimeRatio                              = 4                                         {product} {command line}
   size_t InitialHeapSize                          = 104857600                                 {product} {command line}
   size_t MaxHeapSize                              = 2147483648                                {product} {command line}
   size_t MaxNewSize                               = 715653120                                 {product} {ergonomic}
   size_t MinHeapDeltaBytes                        = 524288                                    {product} {ergonomic}
   size_t MinHeapSize                              = 104857600                                 {product} {command line}
   size_t NewSize                                  = 34603008                                  {product} {ergonomic}
    uintx NonNMethodCodeHeapSize                   = 5839372                                {pd product} {ergonomic}
    uintx NonProfiledCodeHeapSize                  = 122909434                              {pd product} {ergonomic}
   size_t OldSize                                  = 70254592                                  {product} {ergonomic}
    uintx ProfiledCodeHeapSize                     = 122909434                              {pd product} {ergonomic}
    uintx ReservedCodeCacheSize                    = 251658240                              {pd product} {ergonomic}
     bool SegmentedCodeCache                       = true                                      {product} {ergonomic}
   size_t SoftMaxHeapSize                          = 2147483648                             {manageable} {ergonomic}
     bool UseCompressedOops                        = true                           {product lp64_product} {ergonomic}
     bool UseLargePagesIndividualAllocation        = false                                  {pd product} {ergonomic}
     bool UseParallelGC                            = true                                      {product} {command line}

Logging:
Log output configuration:
 #0: stdout all=off uptime,level,tags foldmultilines=false
 #1: stderr all=off uptime,level,tags foldmultilines=false

Release file:
JAVA_VERSION="21.0.9" 
MODULES="java.base java.compiler java.datatransfer java.xml java.prefs java.desktop java.instrument java.logging java.management java.security.sasl java.naming java.rmi java.management.rmi java.net.http java.scripting java.security.jgss java.transaction.xa java.sql java.sql.rowset java.xml.crypto java.se java.smartcardio jdk.accessibility jdk.internal.jvmstat jdk.attach jdk.charsets jdk.internal.opt jdk.zipfs jdk.compiler jdk.crypto.ec jdk.crypto.cryptoki jdk.crypto.mscapi jdk.dynalink jdk.internal.ed jdk.editpad jdk.hotspot.agent jdk.httpserver jdk.internal.le jdk.internal.vm.ci jdk.internal.vm.compiler jdk.internal.vm.compiler.management jdk.jartool jdk.javadoc jdk.jcmd jdk.management jdk.management.agent jdk.jconsole jdk.jdeps jdk.jdwp.agent jdk.jdi jdk.jfr jdk.jshell jdk.jsobject jdk.jstatd jdk.localedata jdk.management.jfr jdk.naming.dns jdk.naming.rmi jdk.net jdk.nio.mapmode jdk.random jdk.sctp jdk.security.auth jdk.security.jgss jdk.unsupported jdk.unsupported.desktop jdk.xml.dom" 

Environment Variables:
PATH=C:\Program Files\Python312\Scripts\;C:\Program Files\Python312\;C:\Program Files\Common Files\Oracle\Java\javapath;C:\Program Files (x86)\Common Files\Oracle\Java\javapath;C:\Windows\system32;C:\Windows;C:\Windows\System32\Wbem;C:\Windows\System32\WindowsPowerShell\v1.0\;C:\Windows\System32\OpenSSH\;C:\Program Files (x86)\NVIDIA Corporation\PhysX\Common;C:\Program Files\NVIDIA Corporation\NVIDIA NvDLISR;C:\WINDOWS\system32;C:\WINDOWS;C:\WINDOWS\System32\Wbem;C:\WINDOWS\System32\WindowsPowerShell\v1.0\;C:\WINDOWS\System32\OpenSSH\;C:\Java\jdk-20\bin;C:\Program Files\nodejs\;C:\Program Files\MySQL\MySQL Server 8.0\bin;E:\runtime\win64;E:\bin;E:\mtlab\bin;C:\Program Files\Git\cmd;D:\flutter\flutter\bin;D:\sdk_flutter\flutter\bin;C:\Users\88018\AppData\Local\Programs\Microsoft VS Code\bin
USERNAME=88018
OS=Windows_NT
PROCESSOR_IDENTIFIER=Intel64 Family 6 Model 140 Stepping 1, GenuineIntel
TMP=C:\Users\88018\AppData\Local\Temp
TEMP=C:\Users\88018\AppData\Local\Temp




Periodic native trim disabled

---------------  S Y S T E M  ---------------

OS:
 Windows 11 , 64 bit Build 26100 (10.0.26100.7309)
OS uptime: 3 days 1:05 hours
Hyper-V role detected

CPU: total 8 (initial active 8) (4 cores per cpu, 2 threads per core) family 6 model 140 stepping 1 microcode 0x86, cx8, cmov, fxsr, ht, mmx, 3dnowpref, sse, sse2, sse3, ssse3, sse4.1, sse4.2, popcnt, lzcnt, tsc, tscinvbit, avx, avx2, aes, erms, clmul, bmi1, bmi2, adx, avx512f, avx512dq, avx512cd, avx512bw, avx512vl, sha, fma, vzeroupper, avx512_vpopcntdq, avx512_vpclmulqdq, avx512_vaes, avx512_vnni, clflush, clflushopt, clwb, avx512_vbmi2, avx512_vbmi, hv, rdtscp, rdpid, fsrm, gfni, avx512_bitalg, f16c, cet_ibt, cet_ss, avx512_ifma
Processor Information for processor 0
  Max Mhz: 2419, Current Mhz: 2419, Mhz Limit: 2419
Processor Information for processor 1
  Max Mhz: 2419, Current Mhz: 2419, Mhz Limit: 2419
Processor Information for processor 2
  Max Mhz: 2419, Current Mhz: 2419, Mhz Limit: 2419
Processor Information for processor 3
  Max Mhz: 2419, Current Mhz: 2419, Mhz Limit: 2419
Processor Information for processor 4
  Max Mhz: 2419, Current Mhz: 2419, Mhz Limit: 2419
Processor Information for processor 5
  Max Mhz: 2419, Current Mhz: 1209, Mhz Limit: 2419
Processor Information for processor 6
  Max Mhz: 2419, Current Mhz: 2419, Mhz Limit: 2419
Processor Information for processor 7
  Max Mhz: 2419, Current Mhz: 2419, Mhz Limit: 2419

Memory: 4k page, system-wide physical 7886M (570M free)
TotalPageFile size 25919M (AvailPageFile size 88M)
current process WorkingSet (physical memory assigned to process): 104M, peak: 104M
current process commit charge ("private bytes"): 249M, peak: 249M

vm_info: OpenJDK 64-Bit Server VM (21.0.9+10-LTS) for windows-amd64 JRE (21.0.9+10-LTS), built on 2025-10-21T00:00:00Z by "admin" with unknown MS VC++:1942

END.
